2024-07-24 15:48:57,911 - Chaos monkey started with 5 sites and factor 1. Try 6. Only shutting down: False
2024-07-24 15:48:57,911 - Starting chaos monkey
2024-07-24 15:49:01,819 - No action taken for site_1
2024-07-24 15:49:06,326 - No action taken for site_5
2024-07-24 15:49:06,700 - No action taken for site_3
2024-07-24 15:49:11,225 - No action taken for site_3
2024-07-24 15:49:20,533 - Unregistering PRKN0S3QH9OFHTUP from site_4
2024-07-24 15:49:20,588 - PRKN0S3QH9OFHTUP successfully unregistered from site_4
2024-07-24 15:49:30,221 - No action taken for site_1
2024-07-24 15:49:37,526 - No action taken for site_2
2024-07-24 15:49:41,035 - Unregistering YI49SADOT4L2ZTQM from site_5
2024-07-24 15:49:41,130 - YI49SADOT4L2ZTQM successfully unregistered from site_5
2024-07-24 15:49:42,834 - No action taken for site_2
2024-07-24 15:49:52,435 - Unregistering 8C79YYWWHLJHJNDJ from site_5
2024-07-24 15:49:52,702 - 8C79YYWWHLJHJNDJ successfully unregistered from site_5
2024-07-24 15:49:54,571 - No action taken for site_1
2024-07-24 15:50:04,165 - No action taken for site_1
2024-07-24 15:50:07,460 - No action taken for site_3
2024-07-24 15:50:17,109 - No action taken for site_2
2024-07-24 15:50:26,804 - No action taken for site_2
2024-07-24 15:50:35,383 - No action taken for site_3
2024-07-24 15:50:42,762 - No action taken for site_5
2024-07-24 15:50:50,133 - Unregistering YSHKTNBB0KVLPTPI from site_4
2024-07-24 15:50:50,186 - YSHKTNBB0KVLPTPI successfully unregistered from site_4
2024-07-24 15:50:59,207 - No action taken for site_2
2024-07-24 15:51:06,432 - No action taken for site_4
2024-07-24 15:51:08,292 - No action taken for site_2
2024-07-24 15:51:17,970 - No action taken for site_4
2024-07-24 15:51:24,463 - No action taken for site_3
2024-07-24 15:51:32,305 - No action taken for site_4
2024-07-24 15:51:40,072 - No action taken for site_2
2024-07-24 15:51:45,748 - No action taken for site_1
2024-07-24 15:51:52,820 - No action taken for site_2
2024-07-24 15:51:54,796 - No action taken for site_1
2024-07-24 15:51:54,837 - No action taken for site_1
2024-07-24 15:52:03,454 - No action taken for site_2
2024-07-24 15:52:05,504 - No action taken for site_3
2024-07-24 15:52:10,010 - No action taken for site_2
2024-07-24 15:52:17,021 - No action taken for site_1
2024-07-24 15:52:20,659 - No action taken for site_3
2024-07-24 15:52:27,122 - Unregistering AIOTYRVT6XWDF8XM from site_1
2024-07-24 15:52:27,221 - AIOTYRVT6XWDF8XM successfully unregistered from site_1
2024-07-24 15:52:28,328 - Unregistering LGJFZ3312TCX5XJU from site_1
2024-07-24 15:52:28,410 - LGJFZ3312TCX5XJU successfully unregistered from site_1
2024-07-24 15:52:36,353 - No action taken for site_3
2024-07-24 15:52:37,410 - No action taken for site_2
2024-07-24 15:52:46,645 - No action taken for site_5
2024-07-24 15:52:47,348 - No action taken for site_2
2024-07-24 15:52:50,987 - No action taken for site_2
2024-07-24 15:52:57,887 - No action taken for site_3
2024-07-24 15:53:05,930 - No action taken for site_1
2024-07-24 15:53:10,317 - No action taken for site_5
2024-07-24 15:53:17,118 - No action taken for site_3
2024-07-24 15:53:23,867 - No action taken for site_3
2024-07-24 15:53:28,477 - No action taken for site_3
2024-07-24 15:53:34,515 - No action taken for site_3
2024-07-24 15:53:37,243 - No action taken for site_4
2024-07-24 15:53:39,593 - No action taken for site_5
2024-07-24 15:53:42,919 - No action taken for site_5
2024-07-24 15:53:45,584 - No action taken for site_5
2024-07-24 15:53:53,003 - No action taken for site_2
2024-07-24 15:53:56,395 - No action taken for site_2
2024-07-24 15:54:05,921 - No action taken for site_3
2024-07-24 15:54:12,027 - No action taken for site_3
2024-07-24 15:54:20,010 - No action taken for site_4
2024-07-24 15:54:23,904 - Exiting chaos monkey
