2024-07-23 10:41:57,772 - Starting chaos monkey
2024-07-23 10:42:05,608 - No action taken for site_1
2024-07-23 10:42:07,744 - No action taken for site_2
2024-07-23 10:42:16,070 - No action taken for site_2
2024-07-23 10:42:19,083 - No action taken for site_1
2024-07-23 10:42:24,398 - No action taken for site_1
2024-07-23 10:42:30,343 - Unregistering S4FU9E9XYMI25V9R from site_2
2024-07-23 10:42:30,461 - S4FU9E9XYMI25V9R successfully unregistered from site_2
2024-07-23 10:42:35,942 - No action taken for site_1
2024-07-23 10:42:38,067 - No action taken for site_1
2024-07-23 10:42:47,323 - No action taken for site_2
2024-07-23 10:42:54,560 - Unregistering 7MAFK96HRTPMR4A0 from site_1
2024-07-23 10:42:54,599 - 7MAFK96HRTPMR4A0 successfully unregistered from site_1
2024-07-23 10:42:57,038 - No action taken for site_2
2024-07-23 10:42:57,709 - No action taken for site_1
2024-07-23 10:43:03,179 - No action taken for site_1
2024-07-23 10:43:12,528 - No action taken for site_2
2024-07-23 10:43:19,212 - No action taken for site_1
2024-07-23 10:43:27,237 - No action taken for site_2
2024-07-23 10:43:32,574 - No action taken for site_2
2024-07-23 10:43:42,539 - Unregistering Q41DK05QWO4VWHDS from site_1
2024-07-23 10:43:42,576 - Q41DK05QWO4VWHDS successfully unregistered from site_1
2024-07-23 10:43:42,978 - No action taken for site_1
2024-07-23 10:43:49,560 - No action taken for site_2
2024-07-23 10:43:51,044 - No action taken for site_1
2024-07-23 10:43:58,108 - No action taken for site_2
2024-07-23 10:44:06,684 - Unregistering OKYQS280HF6UIAMO from site_2
2024-07-23 10:44:06,746 - OKYQS280HF6UIAMO successfully unregistered from site_2
2024-07-23 10:44:12,439 - No action taken for site_2
2024-07-23 10:44:20,060 - No action taken for site_1
2024-07-23 10:44:21,179 - No action taken for site_1
2024-07-23 10:44:22,619 - No action taken for site_2
2024-07-23 10:44:30,338 - No action taken for site_1
2024-07-23 10:44:34,115 - No action taken for site_1
2024-07-23 10:44:41,183 - No action taken for site_2
2024-07-23 10:44:50,854 - Unregistering 3Y1Z0XRJK25SFXPX from site_1
2024-07-23 10:44:50,889 - 3Y1Z0XRJK25SFXPX successfully unregistered from site_1
2024-07-23 10:44:55,427 - No action taken for site_1
2024-07-23 10:45:00,569 - No action taken for site_1
2024-07-23 10:45:05,312 - Unregistering A2Y3R2Y1ABQLCYES from site_1
2024-07-23 10:45:05,348 - A2Y3R2Y1ABQLCYES successfully unregistered from site_1
2024-07-23 10:45:06,254 - No action taken for site_2
2024-07-23 10:45:08,698 - No action taken for site_2
2024-07-23 10:45:11,681 - No action taken for site_1
2024-07-23 10:45:17,828 - No action taken for site_1
2024-07-23 10:45:26,234 - No action taken for site_1
2024-07-23 10:45:35,826 - No action taken for site_2
2024-07-23 10:45:44,932 - Unregistering OHLGMLCZIG7YQROO from site_2
2024-07-23 10:45:44,977 - OHLGMLCZIG7YQROO successfully unregistered from site_2
2024-07-23 10:45:48,356 - Unregistering GHO212K0HBRLFW48 from site_2
2024-07-23 10:45:48,408 - GHO212K0HBRLFW48 successfully unregistered from site_2
2024-07-23 10:45:54,307 - No action taken for site_2
2024-07-23 10:46:00,945 - No action taken for site_2
2024-07-23 10:46:02,667 - No action taken for site_2
2024-07-23 10:46:12,655 - No action taken for site_1
2024-07-23 10:46:21,165 - No action taken for site_1
2024-07-23 10:46:29,574 - No action taken for site_2
2024-07-23 10:46:38,760 - Unregistering SQNUZ9D59E0XSNAU from site_1
2024-07-23 10:46:38,792 - SQNUZ9D59E0XSNAU successfully unregistered from site_1
2024-07-23 10:46:43,274 - No action taken for site_2
2024-07-23 10:46:45,918 - No action taken for site_1
2024-07-23 10:46:48,777 - No action taken for site_2
2024-07-23 10:46:52,719 - No action taken for site_2
2024-07-23 10:46:59,557 - No action taken for site_1
2024-07-23 10:47:01,123 - Unregistering VJM481D1PBDTVNLK from site_1
2024-07-23 10:47:01,150 - VJM481D1PBDTVNLK successfully unregistered from site_1
2024-07-23 10:47:03,473 - Unregistering 2AUTBAF0ZNACJASZ from site_1
2024-07-23 10:47:03,510 - 2AUTBAF0ZNACJASZ successfully unregistered from site_1
2024-07-23 10:47:07,770 - No action taken for site_1
2024-07-23 10:47:11,378 - No action taken for site_1
2024-07-23 10:47:18,929 - No action taken for site_2
2024-07-23 10:47:19,164 - Exiting chaos monkey
