2024-07-24 09:34:19,309 - Starting chaos monkey
2024-07-24 09:34:22,691 - Unregistering VO1J3A2Z3D7EIF7S from site_5
2024-07-24 09:34:22,796 - VO1J3A2Z3D7EIF7S successfully unregistered from site_5
2024-07-24 09:34:31,406 - Unregistering NQLD1QCI7QHS4W1Y from site_5
2024-07-24 09:34:31,495 - NQLD1QCI7QHS4W1Y successfully unregistered from site_5
2024-07-24 09:34:34,595 - No action taken for site_2
2024-07-24 09:34:40,429 - No action taken for site_2
2024-07-24 09:34:46,952 - No action taken for site_1
2024-07-24 09:34:51,340 - No action taken for site_1
2024-07-24 09:34:56,931 - No action taken for site_1
2024-07-24 09:34:57,153 - No action taken for site_5
2024-07-24 09:35:06,653 - Unregistering 88NC4IK5EPWAWIKB from site_5
2024-07-24 09:35:06,777 - 88NC4IK5EPWAWIKB successfully unregistered from site_5
2024-07-24 09:35:14,480 - Unregistering NKYTNFBGLSZ0G4RE from site_3
2024-07-24 09:35:14,520 - NKYTNFBGLSZ0G4RE successfully unregistered from site_3
2024-07-24 09:35:23,630 - No action taken for site_3
2024-07-24 09:35:28,716 - No action taken for site_3
2024-07-24 09:35:30,985 - No action taken for site_5
2024-07-24 09:35:36,441 - No action taken for site_2
2024-07-24 09:35:38,213 - No action taken for site_2
2024-07-24 09:35:46,934 - No action taken for site_1
2024-07-24 09:35:49,751 - No action taken for site_1
2024-07-24 09:35:54,227 - No action taken for site_1
2024-07-24 09:35:55,573 - No action taken for site_3
2024-07-24 09:36:03,833 - No action taken for site_2
2024-07-24 09:36:06,309 - No action taken for site_1
2024-07-24 09:36:08,830 - Unregistering 1KEWP163WGHKGY1B from site_2
2024-07-24 09:36:08,893 - 1KEWP163WGHKGY1B successfully unregistered from site_2
2024-07-24 09:36:18,348 - No action taken for site_3
2024-07-24 09:36:23,888 - No action taken for site_3
2024-07-24 09:36:24,400 - Unregistering F5XQX9JZ86MVTEVO from site_4
2024-07-24 09:36:24,451 - F5XQX9JZ86MVTEVO successfully unregistered from site_4
2024-07-24 09:36:31,167 - No action taken for site_1
2024-07-24 09:36:37,399 - No action taken for site_2
2024-07-24 09:36:40,707 - No action taken for site_3
2024-07-24 09:36:45,567 - No action taken for site_3
2024-07-24 09:36:49,000 - No action taken for site_1
2024-07-24 09:36:52,095 - No action taken for site_1
2024-07-24 09:37:00,543 - Unregistering 0WN80PR1QAB8C6NY from site_2
2024-07-24 09:37:00,643 - 0WN80PR1QAB8C6NY successfully unregistered from site_2
2024-07-24 09:37:09,717 - No action taken for site_4
2024-07-24 09:37:09,813 - Unregistering EURYK7PTCDC16AR1 from site_2
2024-07-24 09:37:09,871 - EURYK7PTCDC16AR1 successfully unregistered from site_2
2024-07-24 09:37:11,922 - No action taken for site_1
2024-07-24 09:37:21,636 - No action taken for site_1
2024-07-24 09:37:29,509 - No action taken for site_5
2024-07-24 09:37:29,518 - No action taken for site_4
2024-07-24 09:37:32,712 - Unregistering IF8NLWHKHLIDT3ZU from site_3
2024-07-24 09:37:32,753 - IF8NLWHKHLIDT3ZU successfully unregistered from site_3
2024-07-24 09:37:37,868 - Unregistering AUUFDF2J3LT50KUB from site_1
2024-07-24 09:37:37,904 - AUUFDF2J3LT50KUB successfully unregistered from site_1
2024-07-24 09:37:44,848 - No action taken for site_2
2024-07-24 09:37:47,127 - No action taken for site_2
2024-07-24 09:37:54,846 - No action taken for site_1
2024-07-24 09:37:58,689 - Unregistering 7QZ55NGAHBXB63BN from site_4
2024-07-24 09:37:58,715 - 7QZ55NGAHBXB63BN successfully unregistered from site_4
2024-07-24 09:37:59,146 - No action taken for site_2
2024-07-24 09:38:07,836 - Unregistering WCOHS9UBUTAHV05V from site_5
2024-07-24 09:38:07,886 - WCOHS9UBUTAHV05V successfully unregistered from site_5
2024-07-24 09:38:09,368 - No action taken for site_2
2024-07-24 09:38:19,235 - No action taken for site_1
2024-07-24 09:38:25,618 - Unregistering 945EJC8X94DMMKVW from site_1
2024-07-24 09:38:25,652 - 945EJC8X94DMMKVW successfully unregistered from site_1
2024-07-24 09:38:32,420 - No action taken for site_4
2024-07-24 09:38:40,571 - No action taken for site_5
2024-07-24 09:38:47,700 - Unregistering KG2ARP8YD6G8Z3MX from site_1
2024-07-24 09:38:47,730 - KG2ARP8YD6G8Z3MX successfully unregistered from site_1
2024-07-24 09:38:54,682 - No action taken for site_3
2024-07-24 09:39:03,336 - No action taken for site_5
2024-07-24 09:39:09,839 - No action taken for site_1
2024-07-24 09:39:15,884 - No action taken for site_4
2024-07-24 09:39:18,302 - No action taken for site_1
2024-07-24 09:39:27,763 - Unregistering KPKT0D7MX8JLHP2P from site_5
2024-07-24 09:39:27,818 - KPKT0D7MX8JLHP2P successfully unregistered from site_5
2024-07-24 09:39:32,151 - No action taken for site_4
2024-07-24 09:39:33,185 - Unregistering 49TAI6WVTQ40A46W from site_3
2024-07-24 09:39:33,222 - 49TAI6WVTQ40A46W successfully unregistered from site_3
2024-07-24 09:39:33,411 - No action taken for site_3
2024-07-24 09:39:38,521 - No action taken for site_3
2024-07-24 09:39:48,478 - No action taken for site_3
2024-07-24 09:39:57,694 - Unregistering LDI2IYRXPL4AKPTT from site_1
2024-07-24 09:39:57,730 - LDI2IYRXPL4AKPTT successfully unregistered from site_1
2024-07-24 09:40:00,421 - No action taken for site_3
2024-07-24 09:40:00,586 - No action taken for site_4
2024-07-24 09:40:01,096 - No action taken for site_5
2024-07-24 09:40:02,914 - Exiting chaos monkey
