2024-07-23 13:24:56,106 - Starting chaos monkey
2024-07-23 13:24:56,696 - Unregistering 7WG0IGJ9ZTHDPUJE from site_1
2024-07-23 13:24:56,739 - 7WG0IGJ9ZTHDPUJE successfully unregistered from site_1
2024-07-23 13:25:04,162 - No action taken for site_3
2024-07-23 13:25:05,554 - No action taken for site_2
2024-07-23 13:25:06,248 - No action taken for site_1
2024-07-23 13:25:09,993 - Unregistering FC7H3D9V4YW30O8W from site_1
2024-07-23 13:25:10,033 - FC7H3D9V4YW30O8W successfully unregistered from site_1
2024-07-23 13:25:16,238 - Unregistering 3YWO8SH2ZSKBWWHV from site_1
2024-07-23 13:25:16,279 - 3YWO8SH2ZSKBWWHV successfully unregistered from site_1
2024-07-23 13:25:21,804 - No action taken for site_1
2024-07-23 13:25:30,553 - No action taken for site_2
2024-07-23 13:25:38,946 - No action taken for site_3
2024-07-23 13:25:39,013 - No action taken for site_1
2024-07-23 13:25:48,692 - No action taken for site_1
2024-07-23 13:25:50,000 - No action taken for site_2
2024-07-23 13:25:58,739 - Unregistering XULWDX29Q3YD9O6L from site_3
2024-07-23 13:25:58,817 - XULWDX29Q3YD9O6L successfully unregistered from site_3
2024-07-23 13:26:01,126 - Unregistering BRUVV2ZN98DI8RRC from site_1
2024-07-23 13:26:01,186 - BRUVV2ZN98DI8RRC successfully unregistered from site_1
2024-07-23 13:26:02,323 - No action taken for site_1
2024-07-23 13:26:09,278 - No action taken for site_2
2024-07-23 13:26:11,974 - Unregistering SRUO66NRI83DMYO2 from site_2
2024-07-23 13:26:12,035 - SRUO66NRI83DMYO2 successfully unregistered from site_2
2024-07-23 13:26:12,564 - No action taken for site_2
2024-07-23 13:26:14,070 - No action taken for site_2
2024-07-23 13:26:21,477 - No action taken for site_1
2024-07-23 13:26:26,271 - No action taken for site_3
2024-07-23 13:26:32,479 - No action taken for site_1
2024-07-23 13:26:34,046 - No action taken for site_1
2024-07-23 13:26:34,930 - Unregistering S2UHBWNKNQQ76GRB from site_2
2024-07-23 13:26:35,028 - S2UHBWNKNQQ76GRB successfully unregistered from site_2
2024-07-23 13:26:35,389 - No action taken for site_2
2024-07-23 13:26:37,466 - No action taken for site_1
2024-07-23 13:26:42,992 - No action taken for site_1
2024-07-23 13:26:52,876 - No action taken for site_2
2024-07-23 13:26:59,716 - Unregistering YSOUBHBZPKCY3UEH from site_2
2024-07-23 13:26:59,787 - YSOUBHBZPKCY3UEH successfully unregistered from site_2
2024-07-23 13:27:09,608 - No action taken for site_3
2024-07-23 13:27:13,566 - No action taken for site_3
2024-07-23 13:27:22,310 - No action taken for site_3
2024-07-23 13:27:25,907 - Unregistering QWPQYROB0209B6NR from site_1
2024-07-23 13:27:25,945 - QWPQYROB0209B6NR successfully unregistered from site_1
2024-07-23 13:27:26,980 - Unregistering YP0M58LIZ2HY13U8 from site_1
2024-07-23 13:27:27,023 - YP0M58LIZ2HY13U8 successfully unregistered from site_1
2024-07-23 13:27:30,092 - No action taken for site_1
2024-07-23 13:27:35,384 - No action taken for site_2
2024-07-23 13:27:38,934 - No action taken for site_1
2024-07-23 13:27:46,552 - Unregistering RF6X5U5VC31UN8TL from site_2
2024-07-23 13:27:46,626 - RF6X5U5VC31UN8TL successfully unregistered from site_2
2024-07-23 13:27:55,995 - No action taken for site_1
2024-07-23 13:27:59,303 - No action taken for site_2
2024-07-23 13:28:08,361 - No action taken for site_2
2024-07-23 13:28:08,588 - No action taken for site_1
2024-07-23 13:28:09,101 - No action taken for site_3
2024-07-23 13:28:17,559 - No action taken for site_1
2024-07-23 13:28:22,406 - No action taken for site_1
2024-07-23 13:28:23,493 - No action taken for site_3
2024-07-23 13:28:31,430 - No action taken for site_2
2024-07-23 13:28:39,909 - No action taken for site_3
2024-07-23 13:28:46,402 - No action taken for site_1
2024-07-23 13:28:52,939 - Unregistering DR669MTXEIU9A170 from site_2
2024-07-23 13:28:53,013 - DR669MTXEIU9A170 successfully unregistered from site_2
2024-07-23 13:28:56,507 - No action taken for site_2
2024-07-23 13:28:57,347 - No action taken for site_1
2024-07-23 13:29:00,725 - No action taken for site_3
2024-07-23 13:29:10,080 - No action taken for site_1
2024-07-23 13:29:19,117 - No action taken for site_3
2024-07-23 13:29:28,756 - No action taken for site_1
2024-07-23 13:29:38,234 - Unregistering CV5OIM579H221OFA from site_3
2024-07-23 13:29:38,269 - CV5OIM579H221OFA successfully unregistered from site_3
2024-07-23 13:29:44,812 - No action taken for site_2
2024-07-23 13:29:50,352 - No action taken for site_3
2024-07-23 13:29:59,226 - No action taken for site_3
2024-07-23 13:30:08,585 - No action taken for site_2
2024-07-23 13:30:17,358 - No action taken for site_2
2024-07-23 13:30:19,008 - No action taken for site_2
2024-07-23 13:30:21,524 - No action taken for site_1
2024-07-23 13:30:24,156 - No action taken for site_2
2024-07-23 13:30:29,934 - No action taken for site_2
2024-07-23 13:30:33,586 - No action taken for site_1
2024-07-23 13:30:43,586 - Unregistering WGIBIQRNW7RN70R5 from site_3
2024-07-23 13:30:43,618 - WGIBIQRNW7RN70R5 successfully unregistered from site_3
2024-07-23 13:30:43,630 - No action taken for site_1
2024-07-23 13:30:52,510 - No action taken for site_3
2024-07-23 13:30:58,896 - No action taken for site_3
2024-07-23 13:31:02,150 - No action taken for site_2
2024-07-23 13:31:10,951 - No action taken for site_1
2024-07-23 13:31:19,337 - No action taken for site_3
2024-07-23 13:31:26,113 - No action taken for site_1
2024-07-23 13:31:28,490 - Unregistering CJ57C1HLOPVE9FGR from site_2
2024-07-23 13:31:28,546 - CJ57C1HLOPVE9FGR successfully unregistered from site_2
2024-07-23 13:31:38,059 - No action taken for site_3
2024-07-23 13:31:40,444 - No action taken for site_3
2024-07-23 13:31:47,821 - Unregistering AHURXZEV2CABQGHY from site_3
2024-07-23 13:31:47,859 - AHURXZEV2CABQGHY successfully unregistered from site_3
2024-07-23 13:31:50,712 - No action taken for site_1
2024-07-23 13:31:57,321 - No action taken for site_1
2024-07-23 13:32:00,227 - No action taken for site_2
2024-07-23 13:32:06,486 - No action taken for site_1
2024-07-23 13:32:06,946 - No action taken for site_2
2024-07-23 13:32:11,956 - No action taken for site_1
2024-07-23 13:32:19,334 - Unregistering 1WMMA97HTS7WZAXB from site_2
2024-07-23 13:32:19,380 - 1WMMA97HTS7WZAXB successfully unregistered from site_2
2024-07-23 13:32:22,137 - Unregistering ROLY6NP9UVBI5T5Y from site_2
2024-07-23 13:32:22,184 - ROLY6NP9UVBI5T5Y successfully unregistered from site_2
2024-07-23 13:32:27,959 - No action taken for site_3
2024-07-23 13:32:34,235 - No action taken for site_1
2024-07-23 13:32:41,879 - No action taken for site_3
2024-07-23 13:32:50,394 - No action taken for site_3
2024-07-23 13:32:58,900 - No action taken for site_1
2024-07-23 13:33:04,999 - No action taken for site_2
2024-07-23 13:33:05,938 - No action taken for site_2
2024-07-23 13:33:06,486 - No action taken for site_1
2024-07-23 13:33:14,675 - No action taken for site_3
2024-07-23 13:33:14,954 - No action taken for site_1
2024-07-23 13:33:22,675 - No action taken for site_2
2024-07-23 13:33:31,030 - No action taken for site_1
2024-07-23 13:33:38,393 - No action taken for site_1
2024-07-23 13:33:39,860 - No action taken for site_3
2024-07-23 13:33:47,712 - No action taken for site_1
2024-07-23 13:33:50,865 - Unregistering 67CBZDT3Z6NO5862 from site_2
2024-07-23 13:33:50,915 - 67CBZDT3Z6NO5862 successfully unregistered from site_2
2024-07-23 13:33:52,755 - No action taken for site_1
2024-07-23 13:34:01,160 - Unregistering 7XDJ72GZIBLV0QNR from site_2
2024-07-23 13:34:01,208 - 7XDJ72GZIBLV0QNR successfully unregistered from site_2
2024-07-23 13:34:05,416 - No action taken for site_1
2024-07-23 13:34:07,261 - No action taken for site_2
2024-07-23 13:34:09,137 - Exiting chaos monkey
