2024-07-23 10:34:39,493 - Starting chaos monkey
2024-07-23 10:34:45,806 - No action taken for site_2
2024-07-23 10:34:47,141 - No action taken for site_2
2024-07-23 10:34:50,401 - Unregistering 8FDDAADTFVOKT5OP from site_2
2024-07-23 10:34:50,468 - 8FDDAADTFVOKT5OP successfully unregistered from site_2
2024-07-23 10:34:54,503 - No action taken for site_2
2024-07-23 10:35:02,784 - Unregistering MLGVVYNMFK1SP76J from site_1
2024-07-23 10:35:02,817 - MLGVVYNMFK1SP76J successfully unregistered from site_1
2024-07-23 10:35:10,586 - Unregistering USJ0U17VUI42OMYL from site_2
2024-07-23 10:35:10,641 - USJ0U17VUI42OMYL successfully unregistered from site_2
2024-07-23 10:35:17,901 - Unregistering H63ZMS5MDTZV86P0 from site_1
2024-07-23 10:35:17,943 - H63ZMS5MDTZV86P0 successfully unregistered from site_1
2024-07-23 10:35:23,064 - No action taken for site_1
2024-07-23 10:35:27,906 - No action taken for site_2
2024-07-23 10:35:34,914 - No action taken for site_1
2024-07-23 10:35:40,424 - Unregistering 6IU7D61026MRUD59 from site_1
2024-07-23 10:35:40,464 - 6IU7D61026MRUD59 successfully unregistered from site_1
2024-07-23 10:35:50,000 - Unregistering C40QPUTUIH7O41ZD from site_1
2024-07-23 10:35:50,033 - C40QPUTUIH7O41ZD successfully unregistered from site_1
2024-07-23 10:35:56,702 - Unregistering KG2ARP8YD6G8Z3MX from site_1
2024-07-23 10:35:56,743 - KG2ARP8YD6G8Z3MX successfully unregistered from site_1
2024-07-23 10:36:01,224 - No action taken for site_2
2024-07-23 10:36:07,575 - No action taken for site_1
2024-07-23 10:36:15,000 - No action taken for site_1
2024-07-23 10:36:17,851 - Unregistering E616VITVSTI0HFQ1 from site_2
2024-07-23 10:36:17,925 - E616VITVSTI0HFQ1 successfully unregistered from site_2
2024-07-23 10:36:19,292 - No action taken for site_2
2024-07-23 10:36:26,793 - No action taken for site_1
2024-07-23 10:36:34,470 - No action taken for site_1
2024-07-23 10:36:43,857 - No action taken for site_2
2024-07-23 10:36:50,366 - No action taken for site_2
2024-07-23 10:36:52,588 - No action taken for site_2
2024-07-23 10:37:00,753 - No action taken for site_1
2024-07-23 10:37:07,723 - No action taken for site_2
2024-07-23 10:37:09,649 - Unregistering PGVAZRPGX0PXZOI1 from site_2
2024-07-23 10:37:09,696 - PGVAZRPGX0PXZOI1 successfully unregistered from site_2
2024-07-23 10:37:15,806 - No action taken for site_1
2024-07-23 10:37:25,522 - No action taken for site_2
2024-07-23 10:37:25,672 - Unregistering NMRRHS1G84ZHYFBY from site_1
2024-07-23 10:37:25,701 - NMRRHS1G84ZHYFBY successfully unregistered from site_1
2024-07-23 10:37:29,867 - No action taken for site_1
2024-07-23 10:37:30,161 - No action taken for site_2
2024-07-23 10:37:37,418 - No action taken for site_2
2024-07-23 10:37:43,900 - No action taken for site_2
2024-07-23 10:37:44,229 - No action taken for site_1
2024-07-23 10:37:53,030 - No action taken for site_1
2024-07-23 10:37:58,837 - No action taken for site_2
2024-07-23 10:38:04,800 - No action taken for site_2
2024-07-23 10:38:07,558 - No action taken for site_1
2024-07-23 10:38:08,911 - Unregistering 1FW5X3UTBSOTVDHZ from site_1
2024-07-23 10:38:08,944 - 1FW5X3UTBSOTVDHZ successfully unregistered from site_1
2024-07-23 10:38:09,357 - No action taken for site_1
2024-07-23 10:38:18,062 - Unregistering 4ISW3O6SKUNF24NH from site_2
2024-07-23 10:38:18,113 - 4ISW3O6SKUNF24NH successfully unregistered from site_2
2024-07-23 10:38:25,622 - No action taken for site_2
2024-07-23 10:38:31,757 - Unregistering 9WBTJ3AQKKCKZ73O from site_1
2024-07-23 10:38:31,797 - 9WBTJ3AQKKCKZ73O successfully unregistered from site_1
2024-07-23 10:38:32,569 - No action taken for site_1
2024-07-23 10:38:37,516 - Unregistering 56GL6ISRFQZYMHMI from site_2
2024-07-23 10:38:37,565 - 56GL6ISRFQZYMHMI successfully unregistered from site_2
2024-07-23 10:38:47,377 - No action taken for site_1
2024-07-23 10:38:55,281 - No action taken for site_2
2024-07-23 10:39:02,923 - Unregistering AIOTYRVT6XWDF8XM from site_1
2024-07-23 10:39:02,951 - AIOTYRVT6XWDF8XM successfully unregistered from site_1
2024-07-23 10:39:10,304 - No action taken for site_1
2024-07-23 10:39:13,677 - No action taken for site_1
2024-07-23 10:39:18,318 - No action taken for site_2
2024-07-23 10:39:26,961 - No action taken for site_1
2024-07-23 10:39:32,590 - No action taken for site_1
2024-07-23 10:39:32,631 - No action taken for site_1
2024-07-23 10:39:39,280 - No action taken for site_1
2024-07-23 10:39:43,099 - No action taken for site_1
2024-07-23 10:39:43,292 - No action taken for site_1
2024-07-23 10:39:51,770 - Unregistering VVP22SPHAJDVEZDV from site_2
2024-07-23 10:39:51,816 - VVP22SPHAJDVEZDV successfully unregistered from site_2
2024-07-23 10:39:56,215 - Unregistering 3UMRZJG1SVHS4UD4 from site_1
2024-07-23 10:39:56,249 - 3UMRZJG1SVHS4UD4 successfully unregistered from site_1
2024-07-23 10:39:58,018 - No action taken for site_1
2024-07-23 10:40:04,816 - Exiting chaos monkey
