2024-07-23 09:22:50,818 - Starting chaos monkey
2024-07-23 09:22:59,295 - Unregistering R7QFJWSL5SD2Z5UU from site_1
2024-07-23 09:22:59,334 - R7QFJWSL5SD2Z5UU successfully unregistered from site_1
2024-07-23 09:23:04,805 - Unregistering JBUK5MWVFOGCEGFC from site_1
2024-07-23 09:23:04,836 - JBUK5MWVFOGCEGFC successfully unregistered from site_1
2024-07-23 09:23:12,372 - No action taken for site_1
2024-07-23 09:23:18,020 - No action taken for site_1
2024-07-23 09:23:20,847 - No action taken for site_1
2024-07-23 09:23:25,817 - No action taken for site_1
2024-07-23 09:23:35,541 - No action taken for site_1
2024-07-23 09:23:36,149 - No action taken for site_1
2024-07-23 09:23:37,924 - No action taken for site_1
2024-07-23 09:23:47,187 - No action taken for site_1
2024-07-23 09:23:55,046 - No action taken for site_1
2024-07-23 09:23:58,673 - No action taken for site_1
2024-07-23 09:24:06,846 - No action taken for site_1
2024-07-23 09:24:08,941 - No action taken for site_1
2024-07-23 09:24:14,875 - No action taken for site_1
2024-07-23 09:24:23,314 - No action taken for site_1
2024-07-23 09:24:28,814 - No action taken for site_1
2024-07-23 09:24:31,137 - No action taken for site_1
2024-07-23 09:24:31,578 - No action taken for site_1
2024-07-23 09:24:37,594 - No action taken for site_1
2024-07-23 09:24:38,831 - No action taken for site_1
2024-07-23 09:24:47,472 - No action taken for site_1
2024-07-23 09:24:54,580 - Unregistering VJM481D1PBDTVNLK from site_1
2024-07-23 09:24:54,610 - VJM481D1PBDTVNLK successfully unregistered from site_1
2024-07-23 09:24:58,913 - No action taken for site_1
2024-07-23 09:25:00,220 - Unregistering A2Y3R2Y1ABQLCYES from site_1
2024-07-23 09:25:00,255 - A2Y3R2Y1ABQLCYES successfully unregistered from site_1
2024-07-23 09:25:03,595 - No action taken for site_1
2024-07-23 09:25:19,385 - Shutting down {'username': 'admin', 'password': 'admin', 'port': 9000, 'platform': 'huawei_smartax', 'running': True}
2024-07-23 09:25:28,187 - Starting {'username': 'admin', 'password': 'admin', 'port': 9000, 'platform': 'huawei_smartax', 'running': True}
2024-07-23 09:25:29,800 - No action taken for site_1
2024-07-23 09:25:34,975 - No action taken for site_1
2024-07-23 09:25:41,561 - No action taken for site_1
2024-07-23 09:25:42,023 - No action taken for site_1
2024-07-23 09:25:44,578 - No action taken for site_1
2024-07-23 09:25:51,677 - No action taken for site_1
2024-07-23 09:25:56,980 - No action taken for site_1
2024-07-23 09:25:57,696 - No action taken for site_1
2024-07-23 09:25:59,554 - No action taken for site_1
2024-07-23 09:26:07,174 - No action taken for site_1
2024-07-23 09:26:11,401 - No action taken for site_1
2024-07-23 09:26:14,827 - Unregistering OFLNHYOCV4FQRJL1 from site_1
2024-07-23 09:26:14,858 - OFLNHYOCV4FQRJL1 successfully unregistered from site_1
2024-07-23 09:26:15,601 - Unregistering TZOGWGT17A3BWO2L from site_1
2024-07-23 09:26:15,636 - TZOGWGT17A3BWO2L successfully unregistered from site_1
2024-07-23 09:26:16,426 - No action taken for site_1
2024-07-23 09:26:29,325 - Shutting down {'username': 'admin', 'password': 'admin', 'port': 9000, 'platform': 'huawei_smartax', 'running': True}
2024-07-23 09:26:32,852 - Starting {'username': 'admin', 'password': 'admin', 'port': 9000, 'platform': 'huawei_smartax', 'running': True}
2024-07-23 09:26:35,563 - No action taken for site_1
2024-07-23 09:26:38,586 - No action taken for site_1
2024-07-23 09:26:41,776 - No action taken for site_1
2024-07-23 09:26:48,221 - No action taken for site_1
2024-07-23 09:26:51,574 - No action taken for site_1
2024-07-23 09:26:58,788 - No action taken for site_1
2024-07-23 09:27:05,899 - No action taken for site_1
2024-07-23 09:27:13,053 - No action taken for site_1
2024-07-23 09:27:13,640 - No action taken for site_1
2024-07-23 09:27:19,097 - Unregistering 500AULALIQFUTRJT from site_1
2024-07-23 09:27:19,135 - 500AULALIQFUTRJT successfully unregistered from site_1
2024-07-23 09:27:21,444 - Unregistering 3WY9WR715L28V0FM from site_1
2024-07-23 09:27:21,474 - 3WY9WR715L28V0FM successfully unregistered from site_1
2024-07-23 09:27:23,328 - No action taken for site_1
2024-07-23 09:27:23,660 - No action taken for site_1
2024-07-23 09:27:24,316 - Unregistering VLAAEYTXDPCF3E1C from site_1
2024-07-23 09:27:24,348 - VLAAEYTXDPCF3E1C successfully unregistered from site_1
2024-07-23 09:27:30,532 - No action taken for site_1
2024-07-23 09:27:35,695 - No action taken for site_1
2024-07-23 09:27:37,893 - No action taken for site_1
2024-07-23 09:27:43,942 - No action taken for site_1
2024-07-23 09:27:53,963 - Unregistering YP0M58LIZ2HY13U8 from site_1
2024-07-23 09:27:53,996 - YP0M58LIZ2HY13U8 successfully unregistered from site_1
2024-07-23 09:27:54,572 - Unregistering N3DQG6GYYMWN0EQQ from site_1
2024-07-23 09:27:54,614 - N3DQG6GYYMWN0EQQ successfully unregistered from site_1
2024-07-23 09:27:57,719 - Exiting chaos monkey
