2024-07-23 16:12:40,653 - Starting chaos monkey
2024-07-23 16:12:45,381 - No action taken for site_4
2024-07-23 16:12:48,466 - No action taken for site_3
2024-07-23 16:12:55,544 - No action taken for site_3
2024-07-23 16:12:58,337 - No action taken for site_2
2024-07-23 16:13:01,601 - No action taken for site_1
2024-07-23 16:13:05,358 - No action taken for site_1
2024-07-23 16:13:14,310 - Unregistering 3FRDQD0JONZERRSJ from site_4
2024-07-23 16:13:14,348 - 3FRDQD0JONZERRSJ successfully unregistered from site_4
2024-07-23 16:13:22,051 - Unregistering ZVQ520JM54EPY2YS from site_4
2024-07-23 16:13:22,099 - ZVQ520JM54EPY2YS successfully unregistered from site_4
2024-07-23 16:13:39,415 - Shutting down {'username': 'admin', 'password': 'admin', 'port': 9000, 'platform': 'huawei_smartax', 'running': True}
2024-07-23 16:13:45,005 - Starting {'username': 'admin', 'password': 'admin', 'port': 9000, 'platform': 'huawei_smartax', 'running': True}
2024-07-23 16:13:48,367 - No action taken for site_2
2024-07-23 16:13:56,273 - No action taken for site_4
2024-07-23 16:13:57,575 - No action taken for site_2
2024-07-23 16:14:02,915 - No action taken for site_2
2024-07-23 16:14:04,831 - No action taken for site_4
2024-07-23 16:14:09,650 - Unregistering LGJFZ3312TCX5XJU from site_1
2024-07-23 16:14:09,697 - LGJFZ3312TCX5XJU successfully unregistered from site_1
2024-07-23 16:14:14,849 - No action taken for site_1
2024-07-23 16:14:23,779 - No action taken for site_3
2024-07-23 16:14:30,635 - No action taken for site_4
2024-07-23 16:14:31,552 - No action taken for site_3
2024-07-23 16:14:35,813 - No action taken for site_2
2024-07-23 16:14:44,500 - No action taken for site_3
2024-07-23 16:14:47,877 - No action taken for site_2
2024-07-23 16:14:49,713 - No action taken for site_3
2024-07-23 16:14:52,531 - No action taken for site_2
2024-07-23 16:14:57,549 - No action taken for site_3
2024-07-23 16:14:57,785 - Unregistering KK0ZT7071NYY10IW from site_3
2024-07-23 16:14:57,861 - KK0ZT7071NYY10IW successfully unregistered from site_3
2024-07-23 16:15:05,721 - No action taken for site_1
2024-07-23 16:15:11,289 - No action taken for site_3
2024-07-23 16:15:19,137 - No action taken for site_4
2024-07-23 16:15:23,865 - No action taken for site_2
2024-07-23 16:15:32,817 - No action taken for site_1
2024-07-23 16:15:42,446 - No action taken for site_4
2024-07-23 16:15:48,412 - No action taken for site_2
2024-07-23 16:15:53,456 - No action taken for site_4
2024-07-23 16:15:55,843 - Unregistering RYE8RP6ECHSJN8HU from site_2
2024-07-23 16:15:55,942 - RYE8RP6ECHSJN8HU successfully unregistered from site_2
2024-07-23 16:16:03,303 - Unregistering OFLNHYOCV4FQRJL1 from site_1
2024-07-23 16:16:03,363 - OFLNHYOCV4FQRJL1 successfully unregistered from site_1
2024-07-23 16:16:04,954 - Unregistering D97Q406C18V4NNNE from site_3
2024-07-23 16:16:05,069 - D97Q406C18V4NNNE successfully unregistered from site_3
2024-07-23 16:16:08,737 - No action taken for site_2
2024-07-23 16:16:10,715 - No action taken for site_2
2024-07-23 16:16:19,299 - Unregistering T1XY8MRPUWBQS3V5 from site_2
2024-07-23 16:16:19,502 - T1XY8MRPUWBQS3V5 successfully unregistered from site_2
2024-07-23 16:16:26,072 - No action taken for site_3
2024-07-23 16:16:33,577 - Unregistering WGIBIQRNW7RN70R5 from site_3
2024-07-23 16:16:33,699 - WGIBIQRNW7RN70R5 successfully unregistered from site_3
2024-07-23 16:16:39,828 - Unregistering VWYR9WQFMLRHRE9K from site_1
2024-07-23 16:16:39,952 - VWYR9WQFMLRHRE9K successfully unregistered from site_1
2024-07-23 16:16:44,632 - Unregistering GODBOVB5W2IJ8CE4 from site_2
2024-07-23 16:16:44,709 - GODBOVB5W2IJ8CE4 successfully unregistered from site_2
2024-07-23 16:16:53,409 - No action taken for site_3
2024-07-23 16:17:03,019 - No action taken for site_3
2024-07-23 16:17:10,234 - No action taken for site_4
2024-07-23 16:17:18,888 - No action taken for site_3
2024-07-23 16:17:19,676 - No action taken for site_3
2024-07-23 16:17:24,230 - No action taken for site_2
2024-07-23 16:17:29,362 - No action taken for site_2
2024-07-23 16:17:31,987 - No action taken for site_2
2024-07-23 16:17:35,639 - No action taken for site_4
2024-07-23 16:17:36,800 - No action taken for site_1
2024-07-23 16:17:41,369 - Unregistering BRFSBDTPMTTR886U from site_4
2024-07-23 16:17:41,398 - BRFSBDTPMTTR886U successfully unregistered from site_4
2024-07-23 16:17:48,443 - No action taken for site_1
2024-07-23 16:17:54,810 - No action taken for site_1
2024-07-23 16:17:57,147 - No action taken for site_3
2024-07-23 16:18:06,407 - No action taken for site_1
2024-07-23 16:18:11,904 - No action taken for site_1
2024-07-23 16:18:14,908 - Unregistering QK6R7SSRA5F8GFLV from site_2
2024-07-23 16:18:14,966 - QK6R7SSRA5F8GFLV successfully unregistered from site_2
2024-07-23 16:18:16,917 - No action taken for site_2
2024-07-23 16:18:22,902 - No action taken for site_4
2024-07-23 16:18:31,651 - No action taken for site_2
2024-07-23 16:18:36,162 - No action taken for site_3
2024-07-23 16:18:43,117 - No action taken for site_2
2024-07-23 16:18:48,556 - No action taken for site_4
2024-07-23 16:18:54,097 - No action taken for site_3
2024-07-23 16:18:59,036 - Exiting chaos monkey
