2024-07-23 13:45:15,780 - Starting chaos monkey
2024-07-23 13:45:22,506 - No action taken for site_1
2024-07-23 13:45:27,172 - Unregistering RF6X5U5VC31UN8TL from site_2
2024-07-23 13:45:27,244 - RF6X5U5VC31UN8TL successfully unregistered from site_2
2024-07-23 13:45:33,623 - Unregistering J7Z05804I53EZQ2E from site_2
2024-07-23 13:45:33,724 - J7Z05804I53EZQ2E successfully unregistered from site_2
2024-07-23 13:45:39,943 - Unregistering JQ6YFN5ZH087LG3X from site_4
2024-07-23 13:45:39,974 - JQ6YFN5ZH087LG3X successfully unregistered from site_4
2024-07-23 13:45:41,174 - No action taken for site_3
2024-07-23 13:45:48,425 - No action taken for site_3
2024-07-23 13:45:57,053 - No action taken for site_4
2024-07-23 13:46:02,538 - No action taken for site_1
2024-07-23 13:46:12,528 - No action taken for site_3
2024-07-23 13:46:32,112 - Shutting down {'username': 'admin', 'password': 'admin', 'port': 9000, 'platform': 'huawei_smartax', 'running': True}
2024-07-23 13:46:37,881 - Starting {'username': 'admin', 'password': 'admin', 'port': 9000, 'platform': 'huawei_smartax', 'running': True}
2024-07-23 13:46:41,591 - No action taken for site_1
2024-07-23 13:46:49,475 - No action taken for site_3
2024-07-23 13:46:49,718 - No action taken for site_1
2024-07-23 13:46:59,512 - Unregistering WSSVD12MWAUFM1M5 from site_1
2024-07-23 13:46:59,586 - WSSVD12MWAUFM1M5 successfully unregistered from site_1
2024-07-23 13:47:07,988 - No action taken for site_2
2024-07-23 13:47:15,585 - Unregistering AS2F5JHKAYE1Y5TB from site_3
2024-07-23 13:47:15,629 - AS2F5JHKAYE1Y5TB successfully unregistered from site_3
2024-07-23 13:47:21,746 - No action taken for site_4
2024-07-23 13:47:28,532 - No action taken for site_3
2024-07-23 13:47:32,182 - Unregistering CGCA1VDB51EC489V from site_2
2024-07-23 13:47:32,243 - CGCA1VDB51EC489V successfully unregistered from site_2
2024-07-23 13:47:38,809 - Unregistering 3DU0RH3Q05F960B7 from site_3
2024-07-23 13:47:38,849 - 3DU0RH3Q05F960B7 successfully unregistered from site_3
2024-07-23 13:47:44,288 - No action taken for site_3
2024-07-23 13:47:45,769 - No action taken for site_4
2024-07-23 13:47:50,984 - No action taken for site_3
2024-07-23 13:47:53,494 - No action taken for site_4
2024-07-23 13:48:01,035 - No action taken for site_4
2024-07-23 13:48:02,380 - No action taken for site_3
2024-07-23 13:48:05,258 - No action taken for site_4
2024-07-23 13:48:11,091 - Unregistering M27AZ9I8HEK0U463 from site_2
2024-07-23 13:48:11,151 - M27AZ9I8HEK0U463 successfully unregistered from site_2
2024-07-23 13:48:13,660 - No action taken for site_4
2024-07-23 13:48:16,051 - No action taken for site_2
2024-07-23 13:48:21,236 - No action taken for site_4
2024-07-23 13:48:25,675 - No action taken for site_2
2024-07-23 13:48:27,891 - No action taken for site_1
2024-07-23 13:48:28,415 - No action taken for site_1
2024-07-23 13:48:31,688 - No action taken for site_4
2024-07-23 13:48:34,441 - Unregistering JZQVKQKKOM48PH5S from site_2
2024-07-23 13:48:34,510 - JZQVKQKKOM48PH5S successfully unregistered from site_2
2024-07-23 13:48:42,751 - No action taken for site_1
2024-07-23 13:48:46,909 - No action taken for site_1
2024-07-23 13:48:55,834 - No action taken for site_4
2024-07-23 13:49:03,640 - No action taken for site_1
2024-07-23 13:49:08,737 - No action taken for site_2
2024-07-23 13:49:18,536 - No action taken for site_1
2024-07-23 13:49:19,661 - No action taken for site_4
2024-07-23 13:49:27,008 - Unregistering KK0ZT7071NYY10IW from site_3
2024-07-23 13:49:27,042 - KK0ZT7071NYY10IW successfully unregistered from site_3
2024-07-23 13:49:28,824 - No action taken for site_3
2024-07-23 13:49:37,884 - No action taken for site_1
2024-07-23 13:49:40,617 - Exiting chaos monkey
