2024-08-01 18:57:45,816 - Chaos monkey started with 1 sites. Try 1 and options errors.
2024-08-01 18:57:47,833 - Waiting for all sites to be ready
2024-08-01 18:57:49,834 - Waiting for all sites to be ready
2024-08-01 18:57:51,834 - Waiting for all sites to be ready
2024-08-01 18:57:51,835 - Starting chaos monkey
2024-08-01 18:57:58,713 - Connection error with site_1
2024-08-01 18:57:58,713 - Starting chaos monkey
2024-08-01 18:58:08,033 - Connection error with site_1
2024-08-01 18:58:08,033 - Starting chaos monkey
2024-08-01 18:58:10,304 - Connection error with site_1
2024-08-01 18:58:10,305 - Starting chaos monkey
2024-08-01 18:58:16,894 - Connection error with site_1
2024-08-01 18:58:16,894 - Starting chaos monkey
2024-08-01 18:58:23,677 - Connection error with site_1
2024-08-01 18:58:23,678 - Starting chaos monkey
2024-08-01 18:58:25,622 - Connection error with site_1
2024-08-01 18:58:25,623 - Starting chaos monkey
2024-08-01 18:58:35,093 - Connection error with site_1
2024-08-01 18:58:35,093 - Starting chaos monkey
2024-08-01 18:58:36,268 - Connection error with site_1
2024-08-01 18:58:36,269 - Starting chaos monkey
2024-08-01 18:58:42,553 - Connection error with site_1
2024-08-01 18:58:42,553 - Starting chaos monkey
2024-08-01 18:58:49,418 - Connection error with site_1
2024-08-01 18:58:49,418 - Starting chaos monkey
2024-08-01 18:58:57,447 - Connection error with site_1
2024-08-01 18:58:57,447 - Starting chaos monkey
2024-08-01 18:58:58,606 - Connection error with site_1
2024-08-01 18:58:58,606 - Starting chaos monkey
2024-08-01 18:59:06,299 - Connection error with site_1
2024-08-01 18:59:06,299 - Exiting chaos monkey
