2024-07-23 12:10:06,157 - Starting chaos monkey
2024-07-23 12:10:13,597 - No action taken for site_1
2024-07-23 12:10:15,445 - No action taken for site_3
2024-07-23 12:10:23,543 - Unregistering 24JIJDO6OUUNUZDP from site_1
2024-07-23 12:10:23,606 - 24JIJDO6OUUNUZDP successfully unregistered from site_1
2024-07-23 12:10:29,894 - No action taken for site_1
2024-07-23 12:10:34,536 - No action taken for site_1
2024-07-23 12:10:37,137 - Unregistering PU8KZ573ZVIRIKNV from site_3
2024-07-23 12:10:37,250 - PU8KZ573ZVIRIKNV successfully unregistered from site_3
2024-07-23 12:10:46,891 - Unregistering H3YMLKPTK5L85A7N from site_1
2024-07-23 12:10:46,985 - H3YMLKPTK5L85A7N successfully unregistered from site_1
2024-07-23 12:10:51,713 - No action taken for site_3
2024-07-23 12:10:55,671 - No action taken for site_3
2024-07-23 12:10:56,754 - No action taken for site_2
2024-07-23 12:10:59,509 - No action taken for site_2
2024-07-23 12:11:02,055 - No action taken for site_1
2024-07-23 12:11:10,382 - No action taken for site_3
2024-07-23 12:11:12,839 - Unregistering F70L91A96CBHXGK9 from site_1
2024-07-23 12:11:12,892 - F70L91A96CBHXGK9 successfully unregistered from site_1
2024-07-23 12:11:15,047 - No action taken for site_2
2024-07-23 12:11:16,856 - No action taken for site_2
2024-07-23 12:11:23,961 - No action taken for site_2
2024-07-23 12:11:33,616 - No action taken for site_1
2024-07-23 12:11:39,927 - Unregistering SQNUZ9D59E0XSNAU from site_1
2024-07-23 12:11:40,067 - SQNUZ9D59E0XSNAU successfully unregistered from site_1
2024-07-23 12:11:43,375 - No action taken for site_2
2024-07-23 12:11:51,199 - No action taken for site_3
2024-07-23 12:11:52,995 - No action taken for site_1
2024-07-23 12:12:02,303 - No action taken for site_1
2024-07-23 12:12:11,835 - No action taken for site_1
2024-07-23 12:12:13,977 - Unregistering 6W6B0QRE0RTBK2FD from site_3
2024-07-23 12:12:14,019 - 6W6B0QRE0RTBK2FD successfully unregistered from site_3
2024-07-23 12:12:16,460 - No action taken for site_1
2024-07-23 12:12:17,395 - Unregistering L3CVY36O64VLKWOZ from site_3
2024-07-23 12:12:17,448 - L3CVY36O64VLKWOZ successfully unregistered from site_3
2024-07-23 12:12:25,785 - No action taken for site_1
2024-07-23 12:12:26,706 - No action taken for site_2
2024-07-23 12:12:34,475 - No action taken for site_3
2024-07-23 12:12:42,578 - No action taken for site_2
2024-07-23 12:12:43,851 - No action taken for site_2
2024-07-23 12:12:52,777 - No action taken for site_3
2024-07-23 12:12:56,646 - No action taken for site_3
2024-07-23 12:13:05,671 - Unregistering YAU2OSXHQ8SOT0O9 from site_1
2024-07-23 12:13:05,725 - YAU2OSXHQ8SOT0O9 successfully unregistered from site_1
2024-07-23 12:13:11,949 - No action taken for site_1
2024-07-23 12:13:18,782 - Shutting down {'username': 'admin', 'password': 'admin', 'port': 9000, 'platform': 'huawei_smartax', 'running': True}
2024-07-23 12:13:28,112 - Starting {'username': 'admin', 'password': 'admin', 'port': 9000, 'platform': 'huawei_smartax', 'running': True}
2024-07-23 12:13:33,524 - No action taken for site_2
2024-07-23 12:13:37,499 - No action taken for site_3
2024-07-23 12:13:45,994 - Unregistering YSOUBHBZPKCY3UEH from site_2
2024-07-23 12:13:46,078 - YSOUBHBZPKCY3UEH successfully unregistered from site_2
2024-07-23 12:13:51,771 - No action taken for site_1
2024-07-23 12:13:58,585 - Unregistering DSYPM7DDLQOPDESV from site_1
2024-07-23 12:13:58,628 - DSYPM7DDLQOPDESV successfully unregistered from site_1
2024-07-23 12:13:59,874 - No action taken for site_1
2024-07-23 12:14:07,755 - No action taken for site_3
2024-07-23 12:14:14,655 - No action taken for site_1
2024-07-23 12:14:24,258 - No action taken for site_3
2024-07-23 12:14:27,610 - No action taken for site_3
2024-07-23 12:14:33,941 - No action taken for site_1
2024-07-23 12:14:39,584 - No action taken for site_3
2024-07-23 12:14:42,956 - No action taken for site_1
2024-07-23 12:14:44,053 - No action taken for site_2
2024-07-23 12:14:49,066 - No action taken for site_2
2024-07-23 12:14:53,063 - No action taken for site_2
2024-07-23 12:15:02,732 - No action taken for site_1
2024-07-23 12:15:12,176 - Unregistering 2K28KIW8GXUYHJ2O from site_3
2024-07-23 12:15:12,215 - 2K28KIW8GXUYHJ2O successfully unregistered from site_3
2024-07-23 12:15:20,117 - Unregistering 005B0XTWFP1T084I from site_1
2024-07-23 12:15:20,132 - Exiting chaos monkey
