2024-07-23 11:29:05,384 - Starting chaos monkey
2024-07-23 11:29:08,858 - No action taken for site_2
2024-07-23 11:29:16,571 - Unregistering SDBQYFMV8SOFT4DT from site_1
2024-07-23 11:29:16,616 - SDBQYFMV8SOFT4DT successfully unregistered from site_1
2024-07-23 11:29:17,939 - No action taken for site_1
2024-07-23 11:29:25,262 - No action taken for site_1
2024-07-23 11:29:32,177 - No action taken for site_1
2024-07-23 11:29:38,733 - No action taken for site_2
2024-07-23 11:29:39,436 - Unregistering FJ619DVLMHZXK3X4 from site_1
2024-07-23 11:29:39,484 - FJ619DVLMHZXK3X4 successfully unregistered from site_1
2024-07-23 11:29:47,483 - No action taken for site_1
2024-07-23 11:29:55,308 - No action taken for site_1
2024-07-23 11:30:00,661 - No action taken for site_1
2024-07-23 11:30:09,185 - No action taken for site_1
2024-07-23 11:30:14,920 - No action taken for site_1
2024-07-23 11:30:14,944 - No action taken for site_2
2024-07-23 11:30:21,137 - No action taken for site_1
2024-07-23 11:30:28,497 - No action taken for site_1
2024-07-23 11:30:35,019 - No action taken for site_1
2024-07-23 11:30:42,693 - Unregistering LBX9QHTUQV4EU5IS from site_2
2024-07-23 11:30:42,741 - LBX9QHTUQV4EU5IS successfully unregistered from site_2
2024-07-23 11:30:46,889 - Unregistering N3DQG6GYYMWN0EQQ from site_1
2024-07-23 11:30:46,920 - N3DQG6GYYMWN0EQQ successfully unregistered from site_1
2024-07-23 11:30:50,363 - Unregistering NHS0XOIP5JXQRDZZ from site_2
2024-07-23 11:30:50,426 - NHS0XOIP5JXQRDZZ successfully unregistered from site_2
2024-07-23 11:30:54,858 - No action taken for site_2
2024-07-23 11:30:59,583 - No action taken for site_1
2024-07-23 11:31:03,356 - No action taken for site_2
2024-07-23 11:31:06,921 - No action taken for site_1
2024-07-23 11:31:07,005 - Unregistering A6V8NN13KREY6FEH from site_2
2024-07-23 11:31:07,092 - A6V8NN13KREY6FEH successfully unregistered from site_2
2024-07-23 11:31:15,657 - No action taken for site_1
2024-07-23 11:31:18,603 - Unregistering TARWEEH8XAP8F6N7 from site_2
2024-07-23 11:31:18,651 - TARWEEH8XAP8F6N7 successfully unregistered from site_2
2024-07-23 11:31:25,299 - No action taken for site_1
2024-07-23 11:31:26,362 - No action taken for site_1
2024-07-23 11:31:35,355 - Unregistering O1TVO2CU9OJT2CY9 from site_2
2024-07-23 11:31:35,409 - O1TVO2CU9OJT2CY9 successfully unregistered from site_2
2024-07-23 11:31:45,319 - Unregistering LSLH35598PMSEMRA from site_1
2024-07-23 11:31:45,353 - LSLH35598PMSEMRA successfully unregistered from site_1
2024-07-23 11:31:51,189 - Unregistering B1WXUZQO6T9PI261 from site_1
2024-07-23 11:31:51,231 - B1WXUZQO6T9PI261 successfully unregistered from site_1
2024-07-23 11:31:51,942 - No action taken for site_1
2024-07-23 11:31:59,414 - No action taken for site_2
2024-07-23 11:32:02,394 - No action taken for site_2
2024-07-23 11:32:09,848 - No action taken for site_2
2024-07-23 11:32:10,024 - Unregistering E616VITVSTI0HFQ1 from site_2
2024-07-23 11:32:10,068 - E616VITVSTI0HFQ1 successfully unregistered from site_2
2024-07-23 11:32:11,932 - No action taken for site_1
2024-07-23 11:32:21,058 - No action taken for site_1
2024-07-23 11:32:28,786 - No action taken for site_1
2024-07-23 11:32:32,118 - No action taken for site_2
2024-07-23 11:32:40,883 - Unregistering PHMI8MPWXG2EUCIV from site_1
2024-07-23 11:32:40,923 - PHMI8MPWXG2EUCIV successfully unregistered from site_1
2024-07-23 11:32:49,336 - No action taken for site_2
2024-07-23 11:32:53,901 - No action taken for site_2
2024-07-23 11:32:58,974 - No action taken for site_2
2024-07-23 11:33:01,755 - Unregistering JPXOZ56BJFLUQNO0 from site_2
2024-07-23 11:33:01,812 - JPXOZ56BJFLUQNO0 successfully unregistered from site_2
2024-07-23 11:33:08,040 - Unregistering ULXY0V0EMP88UCRM from site_2
2024-07-23 11:33:08,100 - ULXY0V0EMP88UCRM successfully unregistered from site_2
2024-07-23 11:33:13,271 - No action taken for site_1
2024-07-23 11:33:16,425 - No action taken for site_1
2024-07-23 11:33:22,049 - Unregistering DX93TB8IO59V6W72 from site_1
2024-07-23 11:33:22,077 - DX93TB8IO59V6W72 successfully unregistered from site_1
2024-07-23 11:33:31,445 - No action taken for site_1
2024-07-23 11:33:36,834 - No action taken for site_1
2024-07-23 11:33:41,237 - No action taken for site_2
2024-07-23 11:33:47,584 - No action taken for site_2
2024-07-23 11:33:51,339 - No action taken for site_1
2024-07-23 11:33:58,609 - No action taken for site_2
2024-07-23 11:34:07,751 - No action taken for site_1
2024-07-23 11:34:15,247 - No action taken for site_2
2024-07-23 11:34:20,708 - Unregistering OKYQS280HF6UIAMO from site_2
2024-07-23 11:34:20,754 - OKYQS280HF6UIAMO successfully unregistered from site_2
2024-07-23 11:34:30,524 - No action taken for site_2
2024-07-23 11:34:31,784 - No action taken for site_2
2024-07-23 11:34:36,554 - Unregistering 6GY2VCWSXTC0MH4T from site_2
2024-07-23 11:34:36,624 - 6GY2VCWSXTC0MH4T successfully unregistered from site_2
2024-07-23 11:34:41,001 - Unregistering 0ISHK5BYRXRERCDS from site_2
2024-07-23 11:34:41,055 - 0ISHK5BYRXRERCDS successfully unregistered from site_2
2024-07-23 11:34:48,362 - No action taken for site_1
2024-07-23 11:34:51,534 - No action taken for site_1
2024-07-23 11:34:52,456 - No action taken for site_2
2024-07-23 11:34:57,090 - No action taken for site_2
2024-07-23 11:35:00,644 - Unregistering 32GBFT9MAAHGKDAO from site_1
2024-07-23 11:35:00,676 - 32GBFT9MAAHGKDAO successfully unregistered from site_1
2024-07-23 11:35:03,302 - No action taken for site_2
2024-07-23 11:35:08,947 - Unregistering MMH7MC4PTHNLFE39 from site_1
2024-07-23 11:35:08,985 - MMH7MC4PTHNLFE39 successfully unregistered from site_1
2024-07-23 11:35:17,092 - Exiting chaos monkey
