2024-07-24 19:31:20,279 - Chaos monkey started with 6 sites and factor 1. Try 2. Only shutting down: False
2024-07-24 19:31:20,279 - Starting chaos monkey
2024-07-24 19:31:29,562 - No action taken for site_4
2024-07-24 19:31:39,437 - Unregistering KEZSU2KJC2TMCGUN from site_4
2024-07-24 19:31:39,494 - KEZSU2KJC2TMCGUN successfully unregistered from site_4
2024-07-24 19:31:47,582 - No action taken for site_3
2024-07-24 19:31:54,021 - Unregistering X1RD6MIABRB0DDFP from site_6
2024-07-24 19:31:54,072 - X1RD6MIABRB0DDFP successfully unregistered from site_6
2024-07-24 19:31:56,667 - No action taken for site_1
2024-07-24 19:31:59,087 - No action taken for site_1
2024-07-24 19:32:08,257 - No action taken for site_4
2024-07-24 19:32:13,802 - Unregistering ZDDTAQPYDCYHE7W9 from site_5
2024-07-24 19:32:14,055 - ZDDTAQPYDCYHE7W9 successfully unregistered from site_5
2024-07-24 19:32:23,155 - No action taken for site_6
2024-07-24 19:32:29,395 - No action taken for site_5
2024-07-24 19:32:38,782 - No action taken for site_5
2024-07-24 19:32:39,483 - Unregistering ABBPW2S0470DCFTG from site_5
2024-07-24 19:32:39,589 - ABBPW2S0470DCFTG successfully unregistered from site_5
2024-07-24 19:32:43,527 - No action taken for site_6
2024-07-24 19:32:49,347 - No action taken for site_4
2024-07-24 19:32:51,304 - No action taken for site_5
2024-07-24 19:32:57,997 - No action taken for site_2
2024-07-24 19:33:00,727 - No action taken for site_2
2024-07-24 19:33:09,123 - No action taken for site_3
2024-07-24 19:33:12,530 - No action taken for site_6
2024-07-24 19:33:16,372 - Unregistering ZLLSWLF0U6LYAQ4O from site_6
2024-07-24 19:33:16,518 - ZLLSWLF0U6LYAQ4O successfully unregistered from site_6
2024-07-24 19:33:17,428 - No action taken for site_5
2024-07-24 19:33:18,347 - No action taken for site_2
2024-07-24 19:33:27,832 - Unregistering VZKKTWRXXUQQ68R1 from site_6
2024-07-24 19:33:27,973 - VZKKTWRXXUQQ68R1 successfully unregistered from site_6
2024-07-24 19:33:30,225 - No action taken for site_5
2024-07-24 19:33:34,344 - Unregistering 2JMX7IEFZY5H1AHW from site_4
2024-07-24 19:33:34,379 - 2JMX7IEFZY5H1AHW successfully unregistered from site_4
2024-07-24 19:33:43,010 - Unregistering GP8RXCG9LI1JWN67 from site_6
2024-07-24 19:33:43,098 - GP8RXCG9LI1JWN67 successfully unregistered from site_6
2024-07-24 19:33:48,427 - No action taken for site_4
2024-07-24 19:33:53,801 - No action taken for site_6
2024-07-24 19:34:01,361 - Unregistering 5R9RNYFG5PD298XI from site_4
2024-07-24 19:34:01,413 - 5R9RNYFG5PD298XI successfully unregistered from site_4
2024-07-24 19:34:11,222 - Unregistering SZYWMM3GUQZCIV50 from site_4
2024-07-24 19:34:11,257 - SZYWMM3GUQZCIV50 successfully unregistered from site_4
2024-07-24 19:34:15,241 - No action taken for site_5
2024-07-24 19:34:24,999 - No action taken for site_1
2024-07-24 19:34:26,607 - Unregistering 6IZIJJTCKI3BRNJQ from site_2
2024-07-24 19:34:26,702 - 6IZIJJTCKI3BRNJQ successfully unregistered from site_2
2024-07-24 19:34:31,942 - Unregistering WQ3ZYQIW02YRJHS0 from site_5
2024-07-24 19:34:32,032 - WQ3ZYQIW02YRJHS0 successfully unregistered from site_5
2024-07-24 19:34:33,084 - No action taken for site_3
2024-07-24 19:34:38,438 - No action taken for site_1
2024-07-24 19:34:40,864 - No action taken for site_6
2024-07-24 19:34:45,568 - Unregistering 119869W6TQSXPK9D from site_4
2024-07-24 19:34:45,611 - 119869W6TQSXPK9D successfully unregistered from site_4
2024-07-24 19:34:51,780 - No action taken for site_1
2024-07-24 19:34:55,287 - Unregistering 5V5WRCEHUDMVC1AV from site_1
2024-07-24 19:34:55,339 - 5V5WRCEHUDMVC1AV successfully unregistered from site_1
2024-07-24 19:35:04,012 - Unregistering X7V8BUC6YQID6J4O from site_6
2024-07-24 19:35:04,138 - X7V8BUC6YQID6J4O successfully unregistered from site_6
2024-07-24 19:35:12,616 - No action taken for site_4
2024-07-24 19:35:19,376 - No action taken for site_1
2024-07-24 19:35:20,548 - No action taken for site_5
2024-07-24 19:35:28,835 - No action taken for site_1
2024-07-24 19:35:31,259 - No action taken for site_2
2024-07-24 19:35:31,859 - No action taken for site_5
2024-07-24 19:35:32,628 - No action taken for site_4
2024-07-24 19:35:40,146 - No action taken for site_3
2024-07-24 19:35:42,201 - No action taken for site_1
2024-07-24 19:35:46,558 - No action taken for site_2
2024-07-24 19:35:56,280 - No action taken for site_4
2024-07-24 19:35:59,072 - Unregistering X1RD6MIABRB0DDFP from site_6
2024-07-24 19:35:59,151 - X1RD6MIABRB0DDFP successfully unregistered from site_6
2024-07-24 19:36:07,463 - No action taken for site_1
2024-07-24 19:36:14,717 - Unregistering Q5GFJZ9JJ3HXLOAY from site_5
2024-07-24 19:36:14,795 - Q5GFJZ9JJ3HXLOAY successfully unregistered from site_5
2024-07-24 19:36:22,036 - No action taken for site_5
2024-07-24 19:36:25,492 - No action taken for site_2
2024-07-24 19:36:34,687 - Unregistering S4FU9E9XYMI25V9R from site_2
2024-07-24 19:36:34,761 - S4FU9E9XYMI25V9R successfully unregistered from site_2
2024-07-24 19:36:43,716 - Unregistering 500AULALIQFUTRJT from site_1
2024-07-24 19:36:43,760 - 500AULALIQFUTRJT successfully unregistered from site_1
2024-07-24 19:36:53,743 - Unregistering 89S8PVHKEVG9AJ52 from site_3
2024-07-24 19:36:53,794 - 89S8PVHKEVG9AJ52 successfully unregistered from site_3
2024-07-24 19:36:55,724 - No action taken for site_1
2024-07-24 19:37:02,842 - No action taken for site_2
2024-07-24 19:37:04,201 - No action taken for site_1
2024-07-24 19:37:12,696 - No action taken for site_4
2024-07-24 19:37:12,935 - Unregistering AEDQ4DYIBHYXC6PX from site_2
2024-07-24 19:37:13,027 - AEDQ4DYIBHYXC6PX successfully unregistered from site_2
2024-07-24 19:37:17,478 - No action taken for site_3
2024-07-24 19:37:21,065 - Unregistering BVF3LQXF1008X6W8 from site_2
2024-07-24 19:37:21,180 - BVF3LQXF1008X6W8 successfully unregistered from site_2
2024-07-24 19:37:27,148 - Unregistering 8KL6R8I6QB5A0PWR from site_5
2024-07-24 19:37:27,299 - 8KL6R8I6QB5A0PWR successfully unregistered from site_5
2024-07-24 19:37:32,987 - Unregistering KEEWYOJQT10ZT0ER from site_5
2024-07-24 19:37:33,207 - KEEWYOJQT10ZT0ER successfully unregistered from site_5
2024-07-24 19:37:42,563 - Unregistering 3PA0WQ6NYERKR367 from site_3
2024-07-24 19:37:42,681 - 3PA0WQ6NYERKR367 successfully unregistered from site_3
2024-07-24 19:37:43,866 - Unregistering HPJTI2SO58GUNC3P from site_4
2024-07-24 19:37:43,972 - HPJTI2SO58GUNC3P successfully unregistered from site_4
2024-07-24 19:37:48,233 - Exiting chaos monkey
