2024-07-23 10:26:29,966 - Starting chaos monkey
2024-07-23 10:26:38,882 - No action taken for site_2
2024-07-23 10:26:40,749 - Unregistering WKH7PURY9YSKCG4O from site_2
2024-07-23 10:26:40,798 - WKH7PURY9YSKCG4O successfully unregistered from site_2
2024-07-23 10:26:48,221 - No action taken for site_2
2024-07-23 10:26:53,120 - No action taken for site_2
2024-07-23 10:26:58,059 - No action taken for site_1
2024-07-23 10:26:59,612 - No action taken for site_1
2024-07-23 10:27:01,912 - No action taken for site_1
2024-07-23 10:27:04,000 - No action taken for site_1
2024-07-23 10:27:07,083 - No action taken for site_1
2024-07-23 10:27:10,716 - No action taken for site_1
2024-07-23 10:27:11,087 - Unregistering 1FW5X3UTBSOTVDHZ from site_1
2024-07-23 10:27:11,148 - 1FW5X3UTBSOTVDHZ successfully unregistered from site_1
2024-07-23 10:27:14,728 - No action taken for site_2
2024-07-23 10:27:17,636 - No action taken for site_1
2024-07-23 10:27:27,354 - No action taken for site_2
2024-07-23 10:27:29,492 - Unregistering ROLY6NP9UVBI5T5Y from site_2
2024-07-23 10:27:29,549 - ROLY6NP9UVBI5T5Y successfully unregistered from site_2
2024-07-23 10:27:32,350 - No action taken for site_1
2024-07-23 10:27:39,319 - No action taken for site_1
2024-07-23 10:27:45,793 - No action taken for site_2
2024-07-23 10:27:50,769 - Unregistering FJ619DVLMHZXK3X4 from site_1
2024-07-23 10:27:50,805 - FJ619DVLMHZXK3X4 successfully unregistered from site_1
2024-07-23 10:27:54,971 - No action taken for site_1
2024-07-23 10:27:57,293 - No action taken for site_2
2024-07-23 10:28:02,725 - No action taken for site_1
2024-07-23 10:28:08,583 - No action taken for site_2
2024-07-23 10:28:15,301 - No action taken for site_2
2024-07-23 10:28:20,286 - No action taken for site_1
2024-07-23 10:28:23,719 - No action taken for site_2
2024-07-23 10:28:31,647 - No action taken for site_1
2024-07-23 10:28:41,487 - No action taken for site_2
2024-07-23 10:28:49,810 - No action taken for site_2
2024-07-23 10:28:58,996 - Unregistering 1FW5X3UTBSOTVDHZ from site_1
2024-07-23 10:28:59,029 - 1FW5X3UTBSOTVDHZ successfully unregistered from site_1
2024-07-23 10:29:06,803 - No action taken for site_1
2024-07-23 10:29:09,625 - No action taken for site_1
2024-07-23 10:29:16,762 - No action taken for site_2
2024-07-23 10:29:21,791 - No action taken for site_2
2024-07-23 10:29:29,987 - No action taken for site_2
2024-07-23 10:29:32,995 - No action taken for site_2
2024-07-23 10:29:34,018 - Unregistering 3UMRZJG1SVHS4UD4 from site_1
2024-07-23 10:29:34,076 - 3UMRZJG1SVHS4UD4 successfully unregistered from site_1
2024-07-23 10:29:35,226 - No action taken for site_2
2024-07-23 10:29:35,324 - No action taken for site_2
2024-07-23 10:29:38,146 - Unregistering ED8BURNCTPMFBZC0 from site_1
2024-07-23 10:29:38,194 - ED8BURNCTPMFBZC0 successfully unregistered from site_1
2024-07-23 10:29:46,928 - No action taken for site_2
2024-07-23 10:29:54,007 - Unregistering X5CO7IRKUYINQFP4 from site_2
2024-07-23 10:29:54,059 - X5CO7IRKUYINQFP4 successfully unregistered from site_2
2024-07-23 10:29:58,304 - No action taken for site_1
2024-07-23 10:30:07,663 - Unregistering 5V5WRCEHUDMVC1AV from site_1
2024-07-23 10:30:07,697 - 5V5WRCEHUDMVC1AV successfully unregistered from site_1
2024-07-23 10:30:10,876 - No action taken for site_2
2024-07-23 10:30:17,241 - No action taken for site_1
2024-07-23 10:30:17,659 - No action taken for site_2
2024-07-23 10:30:22,525 - No action taken for site_2
2024-07-23 10:30:28,529 - Unregistering U341KZE0NOR29B2N from site_1
2024-07-23 10:30:28,565 - U341KZE0NOR29B2N successfully unregistered from site_1
2024-07-23 10:30:36,956 - No action taken for site_2
2024-07-23 10:30:41,993 - No action taken for site_2
2024-07-23 10:30:50,950 - Unregistering NQHL2Q8J0N9S0E02 from site_1
2024-07-23 10:30:51,000 - NQHL2Q8J0N9S0E02 successfully unregistered from site_1
2024-07-23 10:31:00,275 - No action taken for site_2
2024-07-23 10:31:08,642 - No action taken for site_1
2024-07-23 10:31:09,026 - No action taken for site_2
2024-07-23 10:31:12,244 - No action taken for site_1
2024-07-23 10:31:21,498 - No action taken for site_1
2024-07-23 10:31:21,627 - Unregistering XSGSFXGA6OQ9ZEGV from site_2
2024-07-23 10:31:21,691 - XSGSFXGA6OQ9ZEGV successfully unregistered from site_2
2024-07-23 10:31:23,702 - No action taken for site_2
2024-07-23 10:31:23,820 - No action taken for site_1
2024-07-23 10:31:33,833 - Unregistering W0GK44GC03QE6ZNL from site_2
2024-07-23 10:31:33,891 - W0GK44GC03QE6ZNL successfully unregistered from site_2
2024-07-23 10:31:34,282 - No action taken for site_1
2024-07-23 10:31:40,580 - Exiting chaos monkey
