2024-07-23 11:22:33,610 - Starting chaos monkey
2024-07-23 11:22:37,215 - No action taken for site_1
2024-07-23 11:22:42,025 - Unregistering 79KUG98TGUEJCQQD from site_2
2024-07-23 11:22:42,084 - 79KUG98TGUEJCQQD successfully unregistered from site_2
2024-07-23 11:22:42,171 - No action taken for site_1
2024-07-23 11:22:44,508 - No action taken for site_1
2024-07-23 11:22:50,204 - No action taken for site_2
2024-07-23 11:22:53,648 - No action taken for site_2
2024-07-23 11:22:56,577 - No action taken for site_2
2024-07-23 11:23:01,397 - Unregistering 1XSIEQNU3V5F5VYP from site_1
2024-07-23 11:23:01,431 - 1XSIEQNU3V5F5VYP successfully unregistered from site_1
2024-07-23 11:23:06,648 - No action taken for site_2
2024-07-23 11:23:14,540 - No action taken for site_1
2024-07-23 11:23:22,294 - No action taken for site_2
2024-07-23 11:23:26,080 - No action taken for site_1
2024-07-23 11:23:28,393 - Unregistering 5MX22S0OKFQ81R38 from site_1
2024-07-23 11:23:28,447 - 5MX22S0OKFQ81R38 successfully unregistered from site_1
2024-07-23 11:23:29,143 - No action taken for site_1
2024-07-23 11:23:37,734 - No action taken for site_1
2024-07-23 11:23:43,056 - Unregistering 945EJC8X94DMMKVW from site_1
2024-07-23 11:23:43,093 - 945EJC8X94DMMKVW successfully unregistered from site_1
2024-07-23 11:23:46,117 - No action taken for site_1
2024-07-23 11:23:51,714 - No action taken for site_2
2024-07-23 11:23:59,116 - No action taken for site_2
2024-07-23 11:24:08,878 - No action taken for site_2
2024-07-23 11:24:12,329 - No action taken for site_2
2024-07-23 11:24:14,664 - No action taken for site_2
2024-07-23 11:24:16,841 - No action taken for site_1
2024-07-23 11:24:17,394 - No action taken for site_1
2024-07-23 11:24:19,160 - Unregistering 66JZ67UXQ8DQKFHW from site_1
2024-07-23 11:24:19,193 - 66JZ67UXQ8DQKFHW successfully unregistered from site_1
2024-07-23 11:24:21,015 - Unregistering D7JFD2KPNJBN5UGS from site_1
2024-07-23 11:24:21,050 - D7JFD2KPNJBN5UGS successfully unregistered from site_1
2024-07-23 11:24:25,971 - Shutting down {'username': 'admin', 'password': 'admin', 'port': 9000, 'platform': 'huawei_smartax', 'running': True}
2024-07-23 11:24:27,740 - Starting {'username': 'admin', 'password': 'admin', 'port': 9000, 'platform': 'huawei_smartax', 'running': True}
2024-07-23 11:24:31,313 - Unregistering USJ0U17VUI42OMYL from site_2
2024-07-23 11:24:31,372 - USJ0U17VUI42OMYL successfully unregistered from site_2
2024-07-23 11:24:38,885 - No action taken for site_1
2024-07-23 11:24:47,725 - No action taken for site_2
2024-07-23 11:24:55,357 - No action taken for site_1
2024-07-23 11:24:58,362 - No action taken for site_1
2024-07-23 11:25:07,902 - No action taken for site_2
2024-07-23 11:25:13,273 - No action taken for site_1
2024-07-23 11:25:23,293 - Unregistering 5MX22S0OKFQ81R38 from site_1
2024-07-23 11:25:23,326 - 5MX22S0OKFQ81R38 successfully unregistered from site_1
2024-07-23 11:25:24,637 - No action taken for site_1
2024-07-23 11:25:28,305 - No action taken for site_2
2024-07-23 11:25:34,461 - No action taken for site_2
2024-07-23 11:25:36,292 - No action taken for site_2
2024-07-23 11:25:41,115 - No action taken for site_1
2024-07-23 11:25:50,965 - No action taken for site_2
2024-07-23 11:25:52,806 - No action taken for site_1
2024-07-23 11:25:58,887 - No action taken for site_2
2024-07-23 11:26:01,456 - No action taken for site_1
2024-07-23 11:26:09,014 - No action taken for site_2
2024-07-23 11:26:09,683 - No action taken for site_1
2024-07-23 11:26:11,004 - No action taken for site_1
2024-07-23 11:26:13,899 - No action taken for site_2
2024-07-23 11:26:23,077 - No action taken for site_1
2024-07-23 11:26:27,315 - No action taken for site_2
2024-07-23 11:26:36,354 - No action taken for site_1
2024-07-23 11:26:42,927 - Unregistering VVP22SPHAJDVEZDV from site_2
2024-07-23 11:26:42,978 - VVP22SPHAJDVEZDV successfully unregistered from site_2
2024-07-23 11:26:50,879 - No action taken for site_1
2024-07-23 11:26:54,047 - Unregistering MDY4SEV40HX63WFL from site_2
2024-07-23 11:26:54,098 - MDY4SEV40HX63WFL successfully unregistered from site_2
2024-07-23 11:26:59,622 - Unregistering GOVJJ9I95XMRKCAQ from site_1
2024-07-23 11:26:59,660 - GOVJJ9I95XMRKCAQ successfully unregistered from site_1
2024-07-23 11:27:02,444 - No action taken for site_1
2024-07-23 11:27:12,187 - No action taken for site_2
2024-07-23 11:27:19,569 - No action taken for site_1
2024-07-23 11:27:25,548 - Unregistering TSTLM0OL73VS0X0G from site_1
2024-07-23 11:27:25,581 - TSTLM0OL73VS0X0G successfully unregistered from site_1
2024-07-23 11:27:28,652 - No action taken for site_2
2024-07-23 11:27:33,146 - No action taken for site_2
2024-07-23 11:27:38,648 - No action taken for site_1
2024-07-23 11:27:42,200 - Unregistering Q2NG7QWFJCLCQMIW from site_2
2024-07-23 11:27:42,251 - Q2NG7QWFJCLCQMIW successfully unregistered from site_2
2024-07-23 11:27:43,268 - No action taken for site_2
2024-07-23 11:27:44,646 - Exiting chaos monkey
