2024-07-23 14:00:26,409 - Starting chaos monkey
2024-07-23 14:00:28,932 - Unregistering 0B5R5K6OKIT53YEU from site_1
2024-07-23 14:00:28,991 - 0B5R5K6OKIT53YEU successfully unregistered from site_1
2024-07-23 14:00:38,243 - No action taken for site_2
2024-07-23 14:00:44,355 - No action taken for site_2
2024-07-23 14:00:50,616 - Unregistering DDL9USRSO1NUBIXD from site_1
2024-07-23 14:00:50,666 - DDL9USRSO1NUBIXD successfully unregistered from site_1
2024-07-23 14:00:54,038 - Unregistering J7Z05804I53EZQ2E from site_2
2024-07-23 14:00:54,108 - J7Z05804I53EZQ2E successfully unregistered from site_2
2024-07-23 14:01:00,007 - No action taken for site_3
2024-07-23 14:01:08,507 - No action taken for site_2
2024-07-23 14:01:12,985 - No action taken for site_1
2024-07-23 14:01:20,948 - No action taken for site_4
2024-07-23 14:01:26,043 - No action taken for site_4
2024-07-23 14:01:27,360 - Unregistering TZOGWGT17A3BWO2L from site_1
2024-07-23 14:01:27,479 - TZOGWGT17A3BWO2L successfully unregistered from site_1
2024-07-23 14:01:30,557 - No action taken for site_2
2024-07-23 14:01:34,780 - Unregistering F38IG5TCKUK7A99B from site_2
2024-07-23 14:01:34,873 - F38IG5TCKUK7A99B successfully unregistered from site_2
2024-07-23 14:01:37,004 - Unregistering 3FDG1VV8K5T448QL from site_3
2024-07-23 14:01:37,044 - 3FDG1VV8K5T448QL successfully unregistered from site_3
2024-07-23 14:01:41,879 - No action taken for site_4
2024-07-23 14:01:43,441 - Unregistering W2RH4WIN1PJ1MH1O from site_2
2024-07-23 14:01:43,499 - W2RH4WIN1PJ1MH1O successfully unregistered from site_2
2024-07-23 14:01:45,983 - No action taken for site_4
2024-07-23 14:01:51,497 - Unregistering Y61BG8AJNBFXDGI5 from site_2
2024-07-23 14:01:51,555 - Y61BG8AJNBFXDGI5 successfully unregistered from site_2
2024-07-23 14:01:55,803 - No action taken for site_4
2024-07-23 14:02:07,049 - Shutting down {'username': 'admin', 'password': 'admin', 'port': 9000, 'platform': 'huawei_smartax', 'running': True}
2024-07-23 14:02:10,373 - Starting {'username': 'admin', 'password': 'admin', 'port': 9000, 'platform': 'huawei_smartax', 'running': True}
2024-07-23 14:02:14,617 - No action taken for site_1
2024-07-23 14:02:20,869 - No action taken for site_4
2024-07-23 14:02:22,220 - No action taken for site_3
2024-07-23 14:02:24,649 - Unregistering ARPU9G9YJ8EMWUMK from site_2
2024-07-23 14:02:24,720 - ARPU9G9YJ8EMWUMK successfully unregistered from site_2
2024-07-23 14:02:33,648 - No action taken for site_4
2024-07-23 14:02:39,771 - Unregistering 7WG0IGJ9ZTHDPUJE from site_1
2024-07-23 14:02:39,811 - 7WG0IGJ9ZTHDPUJE successfully unregistered from site_1
2024-07-23 14:02:48,417 - No action taken for site_1
2024-07-23 14:02:54,122 - No action taken for site_4
2024-07-23 14:02:58,093 - No action taken for site_3
2024-07-23 14:02:59,152 - No action taken for site_4
2024-07-23 14:02:59,277 - No action taken for site_2
2024-07-23 14:03:03,417 - Unregistering HPEPAC1W516V5QAG from site_3
2024-07-23 14:03:03,456 - HPEPAC1W516V5QAG successfully unregistered from site_3
2024-07-23 14:03:12,151 - No action taken for site_4
2024-07-23 14:03:18,181 - No action taken for site_2
2024-07-23 14:03:26,795 - No action taken for site_4
2024-07-23 14:03:29,241 - No action taken for site_1
2024-07-23 14:03:36,570 - No action taken for site_4
2024-07-23 14:03:39,634 - No action taken for site_2
2024-07-23 14:03:47,411 - No action taken for site_1
2024-07-23 14:03:58,780 - Shutting down {'username': 'admin', 'password': 'admin', 'port': 9000, 'platform': 'huawei_smartax', 'running': True}
2024-07-23 14:04:07,238 - Starting {'username': 'admin', 'password': 'admin', 'port': 9000, 'platform': 'huawei_smartax', 'running': True}
2024-07-23 14:04:08,457 - No action taken for site_1
2024-07-23 14:04:12,517 - Unregistering 7MAFK96HRTPMR4A0 from site_1
2024-07-23 14:04:12,564 - 7MAFK96HRTPMR4A0 successfully unregistered from site_1
2024-07-23 14:04:17,214 - No action taken for site_2
2024-07-23 14:04:18,590 - No action taken for site_1
2024-07-23 14:04:24,056 - No action taken for site_2
2024-07-23 14:04:31,505 - No action taken for site_3
2024-07-23 14:04:39,753 - No action taken for site_3
2024-07-23 14:04:43,457 - No action taken for site_4
2024-07-23 14:04:51,915 - No action taken for site_1
2024-07-23 14:05:01,541 - No action taken for site_3
2024-07-23 14:05:06,155 - No action taken for site_2
2024-07-23 14:05:12,066 - No action taken for site_2
2024-07-23 14:05:19,811 - No action taken for site_1
2024-07-23 14:05:21,165 - Unregistering HCKG4MTPWZJ2PA8O from site_4
2024-07-23 14:05:21,196 - HCKG4MTPWZJ2PA8O successfully unregistered from site_4
2024-07-23 14:05:29,869 - No action taken for site_4
2024-07-23 14:05:34,815 - No action taken for site_3
2024-07-23 14:05:35,546 - No action taken for site_2
2024-07-23 14:05:40,446 - No action taken for site_3
2024-07-23 14:05:44,791 - Exiting chaos monkey
