2024-07-23 15:41:13,250 - Starting chaos monkey
2024-07-23 15:41:20,353 - No action taken for site_1
2024-07-23 15:41:25,843 - No action taken for site_3
2024-07-23 15:41:34,137 - No action taken for site_2
2024-07-23 15:41:39,252 - No action taken for site_2
2024-07-23 15:41:45,765 - No action taken for site_4
2024-07-23 15:41:48,295 - No action taken for site_2
2024-07-23 15:41:50,682 - No action taken for site_2
2024-07-23 15:41:55,344 - No action taken for site_3
2024-07-23 15:41:58,540 - No action taken for site_2
2024-07-23 15:41:58,862 - No action taken for site_2
2024-07-23 15:42:04,648 - No action taken for site_1
2024-07-23 15:42:09,016 - No action taken for site_2
2024-07-23 15:42:14,129 - Unregistering OVSHN1YH6E8CZ01U from site_4
2024-07-23 15:42:14,184 - OVSHN1YH6E8CZ01U successfully unregistered from site_4
2024-07-23 15:42:16,708 - No action taken for site_4
2024-07-23 15:42:17,643 - No action taken for site_1
2024-07-23 15:42:17,693 - No action taken for site_1
2024-07-23 15:42:24,062 - No action taken for site_3
2024-07-23 15:42:29,894 - No action taken for site_1
2024-07-23 15:42:36,117 - No action taken for site_3
2024-07-23 15:42:36,568 - No action taken for site_3
2024-07-23 15:42:43,190 - No action taken for site_4
2024-07-23 15:42:49,455 - No action taken for site_2
2024-07-23 15:42:51,048 - Unregistering YKCKVGBCOVVADTNO from site_2
2024-07-23 15:42:51,184 - YKCKVGBCOVVADTNO successfully unregistered from site_2
2024-07-23 15:42:58,548 - No action taken for site_2
2024-07-23 15:43:05,685 - No action taken for site_2
2024-07-23 15:43:09,105 - No action taken for site_4
2024-07-23 15:43:18,038 - No action taken for site_3
2024-07-23 15:43:19,329 - No action taken for site_2
2024-07-23 15:43:26,692 - No action taken for site_2
2024-07-23 15:43:35,286 - Unregistering Y0ILDL1U4BKIO9N1 from site_2
2024-07-23 15:43:35,398 - Y0ILDL1U4BKIO9N1 successfully unregistered from site_2
2024-07-23 15:43:35,987 - No action taken for site_2
2024-07-23 15:43:42,501 - No action taken for site_2
2024-07-23 15:43:44,245 - No action taken for site_3
2024-07-23 15:43:49,620 - Unregistering D7JFD2KPNJBN5UGS from site_1
2024-07-23 15:43:49,667 - D7JFD2KPNJBN5UGS successfully unregistered from site_1
2024-07-23 15:43:55,499 - No action taken for site_4
2024-07-23 15:44:03,809 - No action taken for site_3
2024-07-23 15:44:04,175 - No action taken for site_2
2024-07-23 15:44:08,635 - No action taken for site_2
2024-07-23 15:44:08,924 - No action taken for site_2
2024-07-23 15:44:10,605 - No action taken for site_2
2024-07-23 15:44:19,003 - Unregistering TH2GNYINMBH2G45C from site_3
2024-07-23 15:44:19,073 - TH2GNYINMBH2G45C successfully unregistered from site_3
2024-07-23 15:44:28,709 - No action taken for site_3
2024-07-23 15:44:29,633 - No action taken for site_2
2024-07-23 15:44:38,296 - Unregistering 3FRDQD0JONZERRSJ from site_4
2024-07-23 15:44:38,336 - 3FRDQD0JONZERRSJ successfully unregistered from site_4
2024-07-23 15:44:46,557 - No action taken for site_1
2024-07-23 15:44:55,832 - No action taken for site_4
2024-07-23 15:45:02,222 - No action taken for site_2
2024-07-23 15:45:06,923 - No action taken for site_1
2024-07-23 15:45:11,741 - No action taken for site_1
2024-07-23 15:45:16,960 - No action taken for site_1
2024-07-23 15:45:25,836 - No action taken for site_1
2024-07-23 15:45:33,254 - No action taken for site_4
2024-07-23 15:45:42,326 - No action taken for site_2
2024-07-23 15:45:46,934 - No action taken for site_1
2024-07-23 15:45:52,569 - No action taken for site_2
2024-07-23 15:45:56,938 - No action taken for site_3
2024-07-23 15:45:58,526 - No action taken for site_4
2024-07-23 15:46:02,074 - No action taken for site_4
2024-07-23 15:46:10,147 - No action taken for site_2
2024-07-23 15:46:19,049 - No action taken for site_4
2024-07-23 15:46:19,399 - Exiting chaos monkey
