2024-07-23 12:34:19,064 - Starting chaos monkey
2024-07-23 12:34:24,208 - Unregistering NTJ22B7DHOTDOVTD from site_3
2024-07-23 12:34:24,277 - NTJ22B7DHOTDOVTD successfully unregistered from site_3
2024-07-23 12:34:30,516 - Unregistering O4BKNW75NTV9SK6C from site_1
2024-07-23 12:34:30,557 - O4BKNW75NTV9SK6C successfully unregistered from site_1
2024-07-23 12:34:33,876 - No action taken for site_2
2024-07-23 12:34:39,520 - No action taken for site_3
2024-07-23 12:34:48,233 - No action taken for site_1
2024-07-23 12:34:53,998 - Unregistering U341KZE0NOR29B2N from site_1
2024-07-23 12:34:54,041 - U341KZE0NOR29B2N successfully unregistered from site_1
2024-07-23 12:35:02,489 - No action taken for site_2
2024-07-23 12:35:06,586 - No action taken for site_3
2024-07-23 12:35:07,755 - No action taken for site_1
2024-07-23 12:35:14,552 - No action taken for site_3
2024-07-23 12:35:14,580 - No action taken for site_2
2024-07-23 12:35:17,860 - No action taken for site_3
2024-07-23 12:35:24,628 - No action taken for site_2
2024-07-23 12:35:32,400 - Unregistering KOMQ5G91BCYXJYTH from site_3
2024-07-23 12:35:32,436 - KOMQ5G91BCYXJYTH successfully unregistered from site_3
2024-07-23 12:35:37,643 - No action taken for site_2
2024-07-23 12:35:40,629 - No action taken for site_3
2024-07-23 12:35:49,097 - No action taken for site_1
2024-07-23 12:35:58,907 - No action taken for site_3
2024-07-23 12:36:03,938 - No action taken for site_1
2024-07-23 12:36:12,471 - Unregistering 9J6NPPUKURY28QBB from site_3
2024-07-23 12:36:12,514 - 9J6NPPUKURY28QBB successfully unregistered from site_3
2024-07-23 12:36:16,834 - No action taken for site_3
2024-07-23 12:36:17,181 - No action taken for site_1
2024-07-23 12:36:20,272 - No action taken for site_2
2024-07-23 12:36:22,899 - No action taken for site_2
2024-07-23 12:36:31,655 - No action taken for site_2
2024-07-23 12:36:32,689 - Unregistering 56GL6ISRFQZYMHMI from site_2
2024-07-23 12:36:32,763 - 56GL6ISRFQZYMHMI successfully unregistered from site_2
2024-07-23 12:36:35,044 - No action taken for site_2
2024-07-23 12:36:35,620 - No action taken for site_1
2024-07-23 12:36:38,655 - No action taken for site_1
2024-07-23 12:36:48,208 - No action taken for site_2
2024-07-23 12:36:51,322 - Unregistering CU28M7ECO8FFITG0 from site_3
2024-07-23 12:36:51,374 - CU28M7ECO8FFITG0 successfully unregistered from site_3
2024-07-23 12:36:57,861 - Unregistering 2A27JUQOVKUL5KZ7 from site_2
2024-07-23 12:36:57,982 - 2A27JUQOVKUL5KZ7 successfully unregistered from site_2
2024-07-23 12:36:58,483 - No action taken for site_3
2024-07-23 12:37:05,997 - No action taken for site_3
2024-07-23 12:37:07,298 - No action taken for site_1
2024-07-23 12:37:10,145 - Unregistering 493K7PZJTNNOM1UB from site_3
2024-07-23 12:37:10,213 - 493K7PZJTNNOM1UB successfully unregistered from site_3
2024-07-23 12:37:18,796 - No action taken for site_3
2024-07-23 12:37:26,278 - No action taken for site_2
2024-07-23 12:37:33,908 - No action taken for site_1
2024-07-23 12:37:35,622 - No action taken for site_2
2024-07-23 12:37:40,297 - Unregistering KHSBRUY5D7Z0WZ0N from site_3
2024-07-23 12:37:40,327 - KHSBRUY5D7Z0WZ0N successfully unregistered from site_3
2024-07-23 12:37:48,789 - Unregistering L130DU48H14N14Y9 from site_3
2024-07-23 12:37:48,894 - L130DU48H14N14Y9 successfully unregistered from site_3
2024-07-23 12:37:49,914 - No action taken for site_2
2024-07-23 12:37:53,569 - No action taken for site_1
2024-07-23 12:38:03,215 - No action taken for site_1
2024-07-23 12:38:07,260 - No action taken for site_3
2024-07-23 12:38:12,924 - No action taken for site_2
2024-07-23 12:38:15,941 - Unregistering IF8NLWHKHLIDT3ZU from site_3
2024-07-23 12:38:15,975 - IF8NLWHKHLIDT3ZU successfully unregistered from site_3
2024-07-23 12:38:20,949 - Unregistering 2A3G7QMC28I47T66 from site_2
2024-07-23 12:38:21,006 - 2A3G7QMC28I47T66 successfully unregistered from site_2
2024-07-23 12:38:21,468 - Unregistering Q2NG7QWFJCLCQMIW from site_2
2024-07-23 12:38:21,533 - Q2NG7QWFJCLCQMIW successfully unregistered from site_2
2024-07-23 12:38:25,479 - No action taken for site_2
2024-07-23 12:38:27,457 - No action taken for site_3
2024-07-23 12:38:31,916 - Unregistering NMRRHS1G84ZHYFBY from site_1
2024-07-23 12:38:31,960 - NMRRHS1G84ZHYFBY successfully unregistered from site_1
2024-07-23 12:38:38,226 - No action taken for site_1
2024-07-23 12:38:40,488 - No action taken for site_2
2024-07-23 12:38:46,770 - No action taken for site_2
2024-07-23 12:38:49,773 - No action taken for site_1
2024-07-23 12:38:52,053 - Unregistering S1VFYA6HJLQDVLD1 from site_2
2024-07-23 12:38:52,117 - S1VFYA6HJLQDVLD1 successfully unregistered from site_2
2024-07-23 12:38:58,719 - No action taken for site_2
2024-07-23 12:39:01,756 - No action taken for site_3
2024-07-23 12:39:06,936 - No action taken for site_3
2024-07-23 12:39:11,335 - No action taken for site_2
2024-07-23 12:39:20,777 - No action taken for site_3
2024-07-23 12:39:29,611 - No action taken for site_1
2024-07-23 12:39:34,428 - Unregistering EL2RB6RNXV9J9DKQ from site_1
2024-07-23 12:39:34,460 - EL2RB6RNXV9J9DKQ successfully unregistered from site_1
2024-07-23 12:39:40,568 - No action taken for site_1
2024-07-23 12:39:47,414 - No action taken for site_1
2024-07-23 12:39:49,972 - No action taken for site_1
2024-07-23 12:39:57,686 - No action taken for site_3
2024-07-23 12:40:02,603 - No action taken for site_1
2024-07-23 12:40:02,807 - No action taken for site_2
2024-07-23 12:40:04,081 - No action taken for site_2
2024-07-23 12:40:11,120 - Unregistering 32GBFT9MAAHGKDAO from site_1
2024-07-23 12:40:11,159 - 32GBFT9MAAHGKDAO successfully unregistered from site_1
2024-07-23 12:40:17,721 - Unregistering 4XFEDORRR6T73TXY from site_2
2024-07-23 12:40:17,799 - 4XFEDORRR6T73TXY successfully unregistered from site_2
2024-07-23 12:40:24,181 - No action taken for site_3
2024-07-23 12:40:30,487 - No action taken for site_3
2024-07-23 12:40:37,624 - No action taken for site_3
2024-07-23 12:40:43,468 - No action taken for site_2
2024-07-23 12:40:51,631 - No action taken for site_2
2024-07-23 12:41:01,378 - No action taken for site_2
2024-07-23 12:41:03,190 - Unregistering FG2UEAB3J31IUBS9 from site_2
2024-07-23 12:41:03,280 - FG2UEAB3J31IUBS9 successfully unregistered from site_2
2024-07-23 12:41:05,309 - No action taken for site_3
2024-07-23 12:41:09,711 - No action taken for site_3
2024-07-23 12:41:18,732 - No action taken for site_1
2024-07-23 12:41:28,174 - No action taken for site_2
2024-07-23 12:41:38,039 - Unregistering ES2IWFSTXTGBY16T from site_1
2024-07-23 12:41:38,086 - ES2IWFSTXTGBY16T successfully unregistered from site_1
2024-07-23 12:41:46,343 - No action taken for site_2
2024-07-23 12:41:51,843 - No action taken for site_1
2024-07-23 12:41:59,878 - No action taken for site_3
2024-07-23 12:42:08,913 - No action taken for site_3
2024-07-23 12:42:17,020 - No action taken for site_1
2024-07-23 12:42:26,613 - No action taken for site_3
2024-07-23 12:42:33,641 - No action taken for site_1
2024-07-23 12:42:35,501 - No action taken for site_2
2024-07-23 12:42:39,396 - No action taken for site_3
2024-07-23 12:42:46,331 - No action taken for site_3
2024-07-23 12:42:51,728 - No action taken for site_3
2024-07-23 12:42:58,476 - No action taken for site_2
2024-07-23 12:43:05,938 - No action taken for site_3
2024-07-23 12:43:15,618 - Unregistering 66JZ67UXQ8DQKFHW from site_1
2024-07-23 12:43:15,723 - 66JZ67UXQ8DQKFHW successfully unregistered from site_1
2024-07-23 12:43:23,972 - No action taken for site_1
2024-07-23 12:43:33,848 - No action taken for site_1
2024-07-23 12:43:36,267 - Unregistering ELSGH3YWIL0GFSRI from site_2
2024-07-23 12:43:36,337 - ELSGH3YWIL0GFSRI successfully unregistered from site_2
2024-07-23 12:43:43,394 - No action taken for site_2
2024-07-23 12:43:44,232 - No action taken for site_1
2024-07-23 12:43:51,748 - No action taken for site_1
2024-07-23 12:43:56,206 - No action taken for site_2
2024-07-23 12:44:04,564 - Unregistering LSWB1P77XZSHV9BL from site_2
2024-07-23 12:44:04,609 - LSWB1P77XZSHV9BL successfully unregistered from site_2
2024-07-23 12:44:14,013 - No action taken for site_2
2024-07-23 12:44:22,608 - Unregistering RVU8XS5ZOIR5VKOZ from site_2
2024-07-23 12:44:22,682 - RVU8XS5ZOIR5VKOZ successfully unregistered from site_2
2024-07-23 12:44:32,564 - No action taken for site_2
2024-07-23 12:44:41,053 - No action taken for site_3
2024-07-23 12:44:47,757 - No action taken for site_1
2024-07-23 12:44:53,602 - No action taken for site_3
2024-07-23 12:44:56,477 - Unregistering O1TVO2CU9OJT2CY9 from site_2
2024-07-23 12:44:56,528 - O1TVO2CU9OJT2CY9 successfully unregistered from site_2
2024-07-23 12:44:58,207 - No action taken for site_1
2024-07-23 12:45:07,466 - Unregistering YKCKVGBCOVVADTNO from site_2
2024-07-23 12:45:07,540 - YKCKVGBCOVVADTNO successfully unregistered from site_2
2024-07-23 12:45:14,788 - Unregistering 1XSIEQNU3V5F5VYP from site_1
2024-07-23 12:45:14,825 - 1XSIEQNU3V5F5VYP successfully unregistered from site_1
2024-07-23 12:45:18,832 - No action taken for site_3
2024-07-23 12:45:24,108 - No action taken for site_1
2024-07-23 12:45:27,886 - Unregistering 73OPZ3TKM1QO91XH from site_1
2024-07-23 12:45:27,919 - 73OPZ3TKM1QO91XH successfully unregistered from site_1
2024-07-23 12:45:37,500 - No action taken for site_3
2024-07-23 12:45:40,129 - Exiting chaos monkey
