2024-07-23 13:35:48,447 - Starting chaos monkey
2024-07-23 13:35:57,399 - No action taken for site_3
2024-07-23 13:36:00,489 - No action taken for site_3
2024-07-23 13:36:01,993 - No action taken for site_4
2024-07-23 13:36:11,352 - No action taken for site_1
2024-07-23 13:36:20,383 - No action taken for site_4
2024-07-23 13:36:29,570 - No action taken for site_1
2024-07-23 13:36:37,681 - No action taken for site_4
2024-07-23 13:36:44,792 - No action taken for site_3
2024-07-23 13:36:51,482 - No action taken for site_3
2024-07-23 13:36:55,773 - Unregistering 43RXEUWYW4JYILT2 from site_1
2024-07-23 13:36:55,913 - 43RXEUWYW4JYILT2 successfully unregistered from site_1
2024-07-23 13:37:00,856 - No action taken for site_4
2024-07-23 13:37:03,775 - Unregistering 1G557IKXKZ5E036J from site_4
2024-07-23 13:37:03,887 - 1G557IKXKZ5E036J successfully unregistered from site_4
2024-07-23 13:37:11,839 - No action taken for site_1
2024-07-23 13:37:14,450 - No action taken for site_1
2024-07-23 13:37:19,301 - No action taken for site_2
2024-07-23 13:37:19,342 - No action taken for site_4
2024-07-23 13:37:27,694 - No action taken for site_4
2024-07-23 13:37:37,485 - No action taken for site_1
2024-07-23 13:37:38,434 - Unregistering P7ZY1I3KMDWZIM7N from site_1
2024-07-23 13:37:38,476 - P7ZY1I3KMDWZIM7N successfully unregistered from site_1
2024-07-23 13:37:47,870 - No action taken for site_3
2024-07-23 13:37:50,557 - No action taken for site_2
2024-07-23 13:37:51,938 - No action taken for site_3
2024-07-23 13:38:01,034 - No action taken for site_2
2024-07-23 13:38:01,180 - No action taken for site_4
2024-07-23 13:38:07,301 - Unregistering 8FLQ2IN7N1GBUTUO from site_4
2024-07-23 13:38:07,342 - 8FLQ2IN7N1GBUTUO successfully unregistered from site_4
2024-07-23 13:38:15,713 - Shutting down {'username': 'admin', 'password': 'admin', 'port': 9000, 'platform': 'huawei_smartax', 'running': True}
2024-07-23 13:38:17,574 - Starting {'username': 'admin', 'password': 'admin', 'port': 9000, 'platform': 'huawei_smartax', 'running': True}
2024-07-23 13:38:22,118 - No action taken for site_3
2024-07-23 13:38:23,564 - No action taken for site_2
2024-07-23 13:38:27,679 - No action taken for site_3
2024-07-23 13:38:31,193 - No action taken for site_3
2024-07-23 13:38:32,665 - No action taken for site_2
2024-07-23 13:38:41,172 - No action taken for site_4
2024-07-23 13:38:50,587 - No action taken for site_4
2024-07-23 13:38:58,536 - No action taken for site_4
2024-07-23 13:39:04,492 - No action taken for site_1
2024-07-23 13:39:09,576 - No action taken for site_2
2024-07-23 13:39:10,420 - No action taken for site_1
2024-07-23 13:39:15,261 - No action taken for site_1
2024-07-23 13:39:23,173 - No action taken for site_3
2024-07-23 13:39:31,134 - No action taken for site_3
2024-07-23 13:39:37,953 - No action taken for site_1
2024-07-23 13:39:46,134 - No action taken for site_1
2024-07-23 13:39:52,057 - No action taken for site_2
2024-07-23 13:39:54,889 - Unregistering B1WXUZQO6T9PI261 from site_1
2024-07-23 13:39:54,926 - B1WXUZQO6T9PI261 successfully unregistered from site_1
2024-07-23 13:39:58,625 - No action taken for site_4
2024-07-23 13:40:03,338 - No action taken for site_3
2024-07-23 13:40:03,525 - No action taken for site_1
2024-07-23 13:40:05,872 - No action taken for site_2
2024-07-23 13:40:07,072 - Unregistering P7ZY1I3KMDWZIM7N from site_1
2024-07-23 13:40:07,113 - P7ZY1I3KMDWZIM7N successfully unregistered from site_1
2024-07-23 13:40:09,840 - Unregistering DIZ9G6G348ESIOMS from site_4
2024-07-23 13:40:09,873 - DIZ9G6G348ESIOMS successfully unregistered from site_4
2024-07-23 13:40:16,377 - No action taken for site_1
2024-07-23 13:40:24,697 - No action taken for site_3
2024-07-23 13:40:27,828 - No action taken for site_1
2024-07-23 13:40:30,836 - No action taken for site_1
2024-07-23 13:40:40,576 - No action taken for site_1
2024-07-23 13:40:49,405 - No action taken for site_4
2024-07-23 13:40:51,992 - Unregistering 16XRPNLJYFG6AG03 from site_2
2024-07-23 13:40:52,056 - 16XRPNLJYFG6AG03 successfully unregistered from site_2
2024-07-23 13:40:57,738 - Unregistering QHI9LQS022KZO6P6 from site_2
2024-07-23 13:40:57,916 - QHI9LQS022KZO6P6 successfully unregistered from site_2
2024-07-23 13:41:05,955 - No action taken for site_1
2024-07-23 13:41:10,939 - Unregistering KEZSU2KJC2TMCGUN from site_4
2024-07-23 13:41:10,970 - KEZSU2KJC2TMCGUN successfully unregistered from site_4
2024-07-23 13:41:15,723 - No action taken for site_4
2024-07-23 13:41:25,027 - No action taken for site_1
2024-07-23 13:41:25,805 - No action taken for site_1
2024-07-23 13:41:35,500 - Unregistering E616VITVSTI0HFQ1 from site_2
2024-07-23 13:41:35,568 - E616VITVSTI0HFQ1 successfully unregistered from site_2
2024-07-23 13:41:39,128 - No action taken for site_3
2024-07-23 13:41:47,334 - Unregistering JBUK5MWVFOGCEGFC from site_1
2024-07-23 13:41:47,378 - JBUK5MWVFOGCEGFC successfully unregistered from site_1
2024-07-23 13:41:56,997 - No action taken for site_3
2024-07-23 13:42:02,322 - No action taken for site_3
2024-07-23 13:42:08,651 - No action taken for site_3
2024-07-23 13:42:11,510 - No action taken for site_1
2024-07-23 13:42:12,407 - Unregistering 6ZBLYB8OPGZ16VE3 from site_3
2024-07-23 13:42:12,437 - 6ZBLYB8OPGZ16VE3 successfully unregistered from site_3
2024-07-23 13:42:14,767 - No action taken for site_4
2024-07-23 13:42:20,817 - No action taken for site_2
2024-07-23 13:42:24,005 - No action taken for site_3
2024-07-23 13:42:25,716 - No action taken for site_4
2024-07-23 13:42:29,757 - No action taken for site_1
2024-07-23 13:42:33,393 - No action taken for site_3
2024-07-23 13:42:37,165 - Unregistering 49NWZQSB9CYWYCD6 from site_4
2024-07-23 13:42:37,193 - 49NWZQSB9CYWYCD6 successfully unregistered from site_4
2024-07-23 13:42:43,839 - Unregistering 4OEVHMFFV74DS0JV from site_4
2024-07-23 13:42:43,868 - 4OEVHMFFV74DS0JV successfully unregistered from site_4
2024-07-23 13:42:49,233 - No action taken for site_4
2024-07-23 13:42:54,080 - No action taken for site_3
2024-07-23 13:42:54,115 - No action taken for site_1
2024-07-23 13:42:58,241 - No action taken for site_4
2024-07-23 13:43:06,771 - No action taken for site_4
2024-07-23 13:43:08,715 - No action taken for site_3
2024-07-23 13:43:10,583 - No action taken for site_3
2024-07-23 13:43:12,257 - No action taken for site_3
2024-07-23 13:43:20,059 - No action taken for site_4
2024-07-23 13:43:20,361 - No action taken for site_1
2024-07-23 13:43:27,315 - No action taken for site_1
2024-07-23 13:43:35,757 - Shutting down {'username': 'admin', 'password': 'admin', 'port': 9000, 'platform': 'huawei_smartax', 'running': True}
2024-07-23 13:43:41,181 - Exiting chaos monkey
