2024-07-23 15:31:27,128 - Starting chaos monkey
2024-07-23 15:31:32,641 - No action taken for site_1
2024-07-23 15:31:33,416 - No action taken for site_4
2024-07-23 15:31:36,499 - No action taken for site_2
2024-07-23 15:31:36,979 - No action taken for site_1
2024-07-23 15:31:46,042 - Unregistering FIII0TLT5BAQPRSX from site_1
2024-07-23 15:31:46,154 - FIII0TLT5BAQPRSX successfully unregistered from site_1
2024-07-23 15:31:53,419 - No action taken for site_2
2024-07-23 15:31:58,729 - No action taken for site_2
2024-07-23 15:32:03,559 - No action taken for site_4
2024-07-23 15:32:04,482 - No action taken for site_4
2024-07-23 15:32:11,344 - No action taken for site_2
2024-07-23 15:32:20,445 - No action taken for site_4
2024-07-23 15:32:28,471 - Unregistering B3TPCCIS5FNIEIXI from site_3
2024-07-23 15:32:28,511 - B3TPCCIS5FNIEIXI successfully unregistered from site_3
2024-07-23 15:32:34,462 - No action taken for site_2
2024-07-23 15:32:42,588 - No action taken for site_4
2024-07-23 15:32:47,880 - No action taken for site_2
2024-07-23 15:32:48,941 - No action taken for site_1
2024-07-23 15:32:49,173 - No action taken for site_3
2024-07-23 15:32:49,460 - No action taken for site_2
2024-07-23 15:32:57,802 - No action taken for site_3
2024-07-23 15:32:59,957 - No action taken for site_4
2024-07-23 15:33:02,915 - No action taken for site_1
2024-07-23 15:33:12,631 - No action taken for site_1
2024-07-23 15:33:16,395 - Unregistering C9MZ90QUW9M2R1EJ from site_2
2024-07-23 15:33:16,468 - C9MZ90QUW9M2R1EJ successfully unregistered from site_2
2024-07-23 15:33:23,842 - No action taken for site_2
2024-07-23 15:33:27,486 - No action taken for site_1
2024-07-23 15:33:28,188 - No action taken for site_2
2024-07-23 15:33:35,885 - No action taken for site_4
2024-07-23 15:33:36,217 - No action taken for site_2
2024-07-23 15:33:45,054 - Unregistering 16XRPNLJYFG6AG03 from site_2
2024-07-23 15:33:45,119 - 16XRPNLJYFG6AG03 successfully unregistered from site_2
2024-07-23 15:33:51,958 - Unregistering VLAAEYTXDPCF3E1C from site_1
2024-07-23 15:33:52,000 - VLAAEYTXDPCF3E1C successfully unregistered from site_1
2024-07-23 15:34:01,596 - No action taken for site_1
2024-07-23 15:34:11,058 - No action taken for site_3
2024-07-23 15:34:16,878 - No action taken for site_1
2024-07-23 15:34:24,383 - Unregistering T5Y923HH6GD0BCKW from site_4
2024-07-23 15:34:24,441 - T5Y923HH6GD0BCKW successfully unregistered from site_4
2024-07-23 15:34:26,088 - No action taken for site_2
2024-07-23 15:34:33,510 - No action taken for site_2
2024-07-23 15:34:43,325 - No action taken for site_3
2024-07-23 15:34:43,537 - No action taken for site_1
2024-07-23 15:34:48,660 - No action taken for site_1
2024-07-23 15:34:55,552 - No action taken for site_1
2024-07-23 15:35:05,127 - No action taken for site_1
2024-07-23 15:35:10,406 - No action taken for site_4
2024-07-23 15:35:13,210 - No action taken for site_2
2024-07-23 15:35:21,779 - Unregistering W7W85KNJEDU35U48 from site_4
2024-07-23 15:35:21,813 - W7W85KNJEDU35U48 successfully unregistered from site_4
2024-07-23 15:35:24,975 - No action taken for site_4
2024-07-23 15:35:26,728 - Unregistering 3WY9WR715L28V0FM from site_1
2024-07-23 15:35:26,788 - 3WY9WR715L28V0FM successfully unregistered from site_1
2024-07-23 15:35:34,373 - Unregistering QK6R7SSRA5F8GFLV from site_2
2024-07-23 15:35:34,434 - QK6R7SSRA5F8GFLV successfully unregistered from site_2
2024-07-23 15:35:43,055 - No action taken for site_2
2024-07-23 15:35:43,811 - Unregistering TVCP6CU36X7UTGGA from site_2
2024-07-23 15:35:43,911 - TVCP6CU36X7UTGGA successfully unregistered from site_2
2024-07-23 15:35:50,387 - No action taken for site_2
2024-07-23 15:35:54,896 - No action taken for site_1
2024-07-23 15:36:02,762 - No action taken for site_2
2024-07-23 15:36:07,947 - No action taken for site_4
2024-07-23 15:36:16,082 - Unregistering LSDHROPPMTHSUBQD from site_4
2024-07-23 15:36:16,121 - LSDHROPPMTHSUBQD successfully unregistered from site_4
2024-07-23 15:36:21,065 - No action taken for site_1
2024-07-23 15:36:28,610 - No action taken for site_3
2024-07-23 15:36:29,548 - No action taken for site_2
2024-07-23 15:36:37,761 - Shutting down {'username': 'admin', 'password': 'admin', 'port': 9000, 'platform': 'huawei_smartax', 'running': True}
2024-07-23 15:36:44,433 - Exiting chaos monkey
