2024-07-24 16:26:30,920 - Chaos monkey started with 5 sites and factor 1. Try 10. Only shutting down: False
2024-07-24 16:26:30,920 - Starting chaos monkey
2024-07-24 16:26:33,546 - No action taken for site_5
2024-07-24 16:26:37,581 - No action taken for site_3
2024-07-24 16:26:41,454 - No action taken for site_4
2024-07-24 16:26:48,424 - No action taken for site_4
2024-07-24 16:26:55,837 - No action taken for site_4
2024-07-24 16:27:00,363 - No action taken for site_4
2024-07-24 16:27:02,768 - No action taken for site_2
2024-07-24 16:27:09,974 - No action taken for site_1
2024-07-24 16:27:10,795 - No action taken for site_2
2024-07-24 16:27:18,812 - No action taken for site_5
2024-07-24 16:27:19,206 - No action taken for site_3
2024-07-24 16:27:23,085 - Unregistering XTA48C71IVX8JZC9 from site_3
2024-07-24 16:27:23,123 - XTA48C71IVX8JZC9 successfully unregistered from site_3
2024-07-24 16:27:32,942 - No action taken for site_3
2024-07-24 16:27:39,214 - No action taken for site_1
2024-07-24 16:27:39,973 - No action taken for site_3
2024-07-24 16:27:41,251 - No action taken for site_3
2024-07-24 16:27:47,365 - No action taken for site_3
2024-07-24 16:27:51,230 - No action taken for site_2
2024-07-24 16:27:57,161 - No action taken for site_3
2024-07-24 16:27:59,226 - No action taken for site_3
2024-07-24 16:28:08,626 - No action taken for site_5
2024-07-24 16:28:14,646 - No action taken for site_1
2024-07-24 16:28:16,896 - No action taken for site_1
2024-07-24 16:28:17,514 - No action taken for site_4
2024-07-24 16:28:26,370 - No action taken for site_3
2024-07-24 16:28:35,540 - Unregistering N54TP8PI17KZMCP9 from site_3
2024-07-24 16:28:35,574 - N54TP8PI17KZMCP9 successfully unregistered from site_3
2024-07-24 16:28:44,011 - No action taken for site_1
2024-07-24 16:28:49,840 - Unregistering TARWEEH8XAP8F6N7 from site_2
2024-07-24 16:28:49,957 - TARWEEH8XAP8F6N7 successfully unregistered from site_2
2024-07-24 16:28:51,653 - No action taken for site_3
2024-07-24 16:28:52,790 - No action taken for site_5
2024-07-24 16:29:01,003 - No action taken for site_3
2024-07-24 16:29:09,905 - No action taken for site_5
2024-07-24 16:29:19,364 - No action taken for site_2
2024-07-24 16:29:20,444 - Unregistering TRI0UQDMR3WDJ406 from site_1
2024-07-24 16:29:20,489 - TRI0UQDMR3WDJ406 successfully unregistered from site_1
2024-07-24 16:29:27,243 - No action taken for site_2
2024-07-24 16:29:33,605 - No action taken for site_2
2024-07-24 16:29:40,816 - Unregistering VNMF47ALSZF6146P from site_4
2024-07-24 16:29:40,846 - VNMF47ALSZF6146P successfully unregistered from site_4
2024-07-24 16:29:44,233 - No action taken for site_3
2024-07-24 16:29:45,055 - No action taken for site_5
2024-07-24 16:29:45,091 - No action taken for site_5
2024-07-24 16:29:49,001 - No action taken for site_2
2024-07-24 16:29:53,229 - No action taken for site_4
2024-07-24 16:29:54,152 - No action taken for site_4
2024-07-24 16:29:58,320 - No action taken for site_3
2024-07-24 16:30:03,132 - No action taken for site_4
2024-07-24 16:30:10,133 - Unregistering WEO3RGB62FL7QNA4 from site_1
2024-07-24 16:30:10,199 - WEO3RGB62FL7QNA4 successfully unregistered from site_1
2024-07-24 16:30:17,827 - Unregistering TMNZM162QH953UWW from site_2
2024-07-24 16:30:17,901 - TMNZM162QH953UWW successfully unregistered from site_2
2024-07-24 16:30:27,898 - No action taken for site_4
2024-07-24 16:30:30,753 - Unregistering 9WJEHOGUCFAMVUGS from site_4
2024-07-24 16:30:30,784 - 9WJEHOGUCFAMVUGS successfully unregistered from site_4
2024-07-24 16:30:34,156 - No action taken for site_2
2024-07-24 16:30:40,011 - No action taken for site_2
2024-07-24 16:30:46,548 - No action taken for site_5
2024-07-24 16:30:50,304 - No action taken for site_5
2024-07-24 16:30:50,899 - No action taken for site_2
2024-07-24 16:30:52,200 - No action taken for site_1
2024-07-24 16:30:56,110 - No action taken for site_3
2024-07-24 16:31:01,451 - No action taken for site_5
2024-07-24 16:31:03,698 - No action taken for site_4
2024-07-24 16:31:05,076 - No action taken for site_1
2024-07-24 16:31:14,470 - Unregistering GQ7ESRHJQHTO0MRU from site_4
2024-07-24 16:31:14,554 - GQ7ESRHJQHTO0MRU successfully unregistered from site_4
2024-07-24 16:31:22,683 - No action taken for site_2
2024-07-24 16:31:29,255 - No action taken for site_1
2024-07-24 16:31:38,169 - No action taken for site_2
2024-07-24 16:31:43,314 - No action taken for site_5
2024-07-24 16:31:50,116 - No action taken for site_2
2024-07-24 16:31:54,539 - No action taken for site_5
2024-07-24 16:32:03,072 - No action taken for site_3
2024-07-24 16:32:07,865 - No action taken for site_3
2024-07-24 16:32:13,890 - No action taken for site_1
2024-07-24 16:32:22,834 - No action taken for site_2
2024-07-24 16:32:30,101 - Unregistering 2AFWTY0JPLJQ0H9X from site_2
2024-07-24 16:32:30,190 - 2AFWTY0JPLJQ0H9X successfully unregistered from site_2
2024-07-24 16:32:33,804 - Unregistering 3XTZ38MH8L61TKYW from site_5
2024-07-24 16:32:33,881 - 3XTZ38MH8L61TKYW successfully unregistered from site_5
2024-07-24 16:32:36,957 - No action taken for site_3
2024-07-24 16:32:40,179 - No action taken for site_1
2024-07-24 16:32:46,555 - No action taken for site_1
2024-07-24 16:32:56,155 - No action taken for site_3
2024-07-24 16:32:57,657 - Unregistering QKAWYM2CWIRO4S1T from site_5
2024-07-24 16:32:57,742 - QKAWYM2CWIRO4S1T successfully unregistered from site_5
2024-07-24 16:33:01,768 - Unregistering CL5FC604RZ4JW5C9 from site_4
2024-07-24 16:33:01,808 - CL5FC604RZ4JW5C9 successfully unregistered from site_4
2024-07-24 16:33:09,635 - No action taken for site_3
2024-07-24 16:33:19,156 - No action taken for site_3
2024-07-24 16:33:20,425 - No action taken for site_1
2024-07-24 16:33:28,944 - No action taken for site_2
2024-07-24 16:33:35,449 - No action taken for site_5
2024-07-24 16:33:49,429 - site_1: Shutting down {'username': 'admin', 'password': 'admin', 'port': 9000, 'platform': 'huawei_smartax', 'running': True}
2024-07-24 16:33:56,071 - site_1: Starting {'username': 'admin', 'password': 'admin', 'port': 9000, 'platform': 'huawei_smartax', 'running': True}
2024-07-24 16:34:05,493 - No action taken for site_2
2024-07-24 16:34:10,082 - No action taken for site_5
2024-07-24 16:34:18,210 - No action taken for site_5
2024-07-24 16:34:23,700 - Unregistering EA6B3H5R71GBTCEL from site_5
2024-07-24 16:34:23,804 - EA6B3H5R71GBTCEL successfully unregistered from site_5
2024-07-24 16:34:32,317 - No action taken for site_1
2024-07-24 16:34:34,087 - No action taken for site_1
2024-07-24 16:34:38,648 - No action taken for site_2
2024-07-24 16:34:43,590 - Unregistering KEZSU2KJC2TMCGUN from site_4
2024-07-24 16:34:43,658 - KEZSU2KJC2TMCGUN successfully unregistered from site_4
2024-07-24 16:34:51,857 - No action taken for site_3
2024-07-24 16:34:55,203 - No action taken for site_2
2024-07-24 16:35:01,034 - No action taken for site_5
2024-07-24 16:35:07,343 - No action taken for site_4
2024-07-24 16:35:09,843 - No action taken for site_5
2024-07-24 16:35:14,715 - Unregistering SRUO66NRI83DMYO2 from site_2
2024-07-24 16:35:14,782 - SRUO66NRI83DMYO2 successfully unregistered from site_2
2024-07-24 16:35:24,618 - No action taken for site_2
2024-07-24 16:35:29,400 - No action taken for site_1
2024-07-24 16:35:31,659 - No action taken for site_4
2024-07-24 16:35:38,456 - Unregistering 2E8TQCD6FG9NUMKR from site_4
2024-07-24 16:35:38,486 - 2E8TQCD6FG9NUMKR successfully unregistered from site_4
2024-07-24 16:35:41,540 - No action taken for site_5
2024-07-24 16:35:43,521 - No action taken for site_1
2024-07-24 16:35:53,241 - No action taken for site_3
2024-07-24 16:35:56,090 - Unregistering 1EOVVLVUSKP2A3F0 from site_1
2024-07-24 16:35:56,170 - 1EOVVLVUSKP2A3F0 successfully unregistered from site_1
2024-07-24 16:35:56,251 - No action taken for site_2
2024-07-24 16:36:00,972 - No action taken for site_5
2024-07-24 16:36:01,316 - No action taken for site_4
2024-07-24 16:36:09,939 - Unregistering LN1JMLTLV5K1IURX from site_2
2024-07-24 16:36:10,023 - LN1JMLTLV5K1IURX successfully unregistered from site_2
2024-07-24 16:36:10,479 - No action taken for site_1
2024-07-24 16:36:12,456 - Unregistering KOMQ5G91BCYXJYTH from site_3
2024-07-24 16:36:12,530 - KOMQ5G91BCYXJYTH successfully unregistered from site_3
2024-07-24 16:36:16,835 - No action taken for site_3
2024-07-24 16:36:24,324 - No action taken for site_5
2024-07-24 16:36:32,424 - No action taken for site_2
2024-07-24 16:36:39,844 - No action taken for site_2
2024-07-24 16:36:44,577 - Unregistering ZVQ520JM54EPY2YS from site_4
2024-07-24 16:36:44,613 - ZVQ520JM54EPY2YS successfully unregistered from site_4
2024-07-24 16:36:53,074 - No action taken for site_4
2024-07-24 16:36:55,285 - No action taken for site_5
2024-07-24 16:37:05,143 - No action taken for site_5
2024-07-24 16:37:12,267 - No action taken for site_3
2024-07-24 16:37:13,683 - No action taken for site_2
2024-07-24 16:37:16,069 - Unregistering 6CXH02J732J0TE9G from site_5
2024-07-24 16:37:16,150 - 6CXH02J732J0TE9G successfully unregistered from site_5
2024-07-24 16:37:20,204 - No action taken for site_4
2024-07-24 16:37:29,690 - No action taken for site_4
2024-07-24 16:37:33,588 - No action taken for site_1
2024-07-24 16:37:37,086 - No action taken for site_4
2024-07-24 16:37:41,234 - No action taken for site_4
2024-07-24 16:37:45,376 - No action taken for site_4
2024-07-24 16:37:48,435 - No action taken for site_4
2024-07-24 16:37:49,908 - No action taken for site_4
2024-07-24 16:37:59,324 - No action taken for site_2
2024-07-24 16:38:09,028 - No action taken for site_1
2024-07-24 16:38:17,064 - Unregistering 175BJ5UYV21CASAF from site_4
2024-07-24 16:38:17,100 - 175BJ5UYV21CASAF successfully unregistered from site_4
2024-07-24 16:38:21,237 - No action taken for site_5
2024-07-24 16:38:28,188 - No action taken for site_2
2024-07-24 16:38:35,621 - No action taken for site_5
2024-07-24 16:38:40,662 - No action taken for site_5
2024-07-24 16:38:50,217 - No action taken for site_3
2024-07-24 16:38:50,696 - No action taken for site_2
2024-07-24 16:38:51,950 - No action taken for site_3
2024-07-24 16:38:54,634 - No action taken for site_3
2024-07-24 16:39:02,341 - Unregistering D30H74RKS4NS0MU7 from site_2
2024-07-24 16:39:02,424 - D30H74RKS4NS0MU7 successfully unregistered from site_2
2024-07-24 16:39:09,330 - No action taken for site_2
2024-07-24 16:39:11,444 - No action taken for site_1
2024-07-24 16:39:20,037 - No action taken for site_2
2024-07-24 16:39:28,673 - Unregistering 493K7PZJTNNOM1UB from site_3
2024-07-24 16:39:28,714 - 493K7PZJTNNOM1UB successfully unregistered from site_3
2024-07-24 16:39:34,268 - No action taken for site_5
2024-07-24 16:39:40,631 - No action taken for site_5
2024-07-24 16:39:42,023 - No action taken for site_2
2024-07-24 16:39:43,614 - Unregistering HJ5QUUN03I9HBLG3 from site_5
2024-07-24 16:39:43,682 - HJ5QUUN03I9HBLG3 successfully unregistered from site_5
2024-07-24 16:39:49,840 - No action taken for site_3
2024-07-24 16:39:57,887 - No action taken for site_3
2024-07-24 16:40:03,695 - No action taken for site_4
2024-07-24 16:40:06,997 - No action taken for site_3
2024-07-24 16:40:09,501 - No action taken for site_3
2024-07-24 16:40:15,629 - No action taken for site_2
2024-07-24 16:40:22,720 - Unregistering WGIBIQRNW7RN70R5 from site_3
2024-07-24 16:40:22,795 - WGIBIQRNW7RN70R5 successfully unregistered from site_3
2024-07-24 16:40:26,489 - No action taken for site_3
2024-07-24 16:40:26,585 - No action taken for site_5
2024-07-24 16:40:29,922 - Unregistering CP3YQTRX4CK85TC7 from site_3
2024-07-24 16:40:29,978 - CP3YQTRX4CK85TC7 successfully unregistered from site_3
2024-07-24 16:40:36,509 - No action taken for site_2
2024-07-24 16:40:38,845 - No action taken for site_3
2024-07-24 16:40:40,288 - No action taken for site_5
2024-07-24 16:40:42,505 - No action taken for site_1
2024-07-24 16:40:44,664 - No action taken for site_4
2024-07-24 16:40:46,507 - No action taken for site_3
2024-07-24 16:40:51,227 - Unregistering NLA4FPD8CA7W2B5J from site_5
2024-07-24 16:40:51,347 - NLA4FPD8CA7W2B5J successfully unregistered from site_5
2024-07-24 16:40:53,203 - Unregistering XQ6EFZG7XKL1GIHE from site_4
2024-07-24 16:40:53,232 - XQ6EFZG7XKL1GIHE successfully unregistered from site_4
2024-07-24 16:41:02,587 - No action taken for site_2
2024-07-24 16:41:09,616 - No action taken for site_1
2024-07-24 16:41:17,186 - Unregistering WGAD9H1EQHG1KNTG from site_5
2024-07-24 16:41:17,266 - WGAD9H1EQHG1KNTG successfully unregistered from site_5
2024-07-24 16:41:21,821 - No action taken for site_1
2024-07-24 16:41:21,990 - No action taken for site_2
2024-07-24 16:41:22,424 - No action taken for site_5
2024-07-24 16:41:22,905 - Unregistering QF7K8F83EHKQKS0T from site_5
2024-07-24 16:41:23,037 - QF7K8F83EHKQKS0T successfully unregistered from site_5
2024-07-24 16:41:23,506 - No action taken for site_5
2024-07-24 16:41:31,496 - No action taken for site_2
2024-07-24 16:41:36,347 - No action taken for site_3
2024-07-24 16:41:41,642 - Unregistering 1EOVVLVUSKP2A3F0 from site_1
2024-07-24 16:41:41,683 - 1EOVVLVUSKP2A3F0 successfully unregistered from site_1
2024-07-24 16:41:47,336 - No action taken for site_5
2024-07-24 16:41:50,623 - No action taken for site_2
2024-07-24 16:42:02,737 - site_2: Shutting down {'username': 'admin', 'password': 'admin', 'port': 9000, 'platform': 'huawei_smartax', 'running': True}
2024-07-24 16:42:12,933 - site_2: Starting {'username': 'admin', 'password': 'admin', 'port': 9000, 'platform': 'huawei_smartax', 'running': True}
2024-07-24 16:42:14,578 - Unregistering DR669MTXEIU9A170 from site_2
2024-07-24 16:42:14,653 - DR669MTXEIU9A170 successfully unregistered from site_2
2024-07-24 16:42:15,094 - Unregistering RYE8RP6ECHSJN8HU from site_2
2024-07-24 16:42:15,148 - RYE8RP6ECHSJN8HU successfully unregistered from site_2
2024-07-24 16:42:22,549 - No action taken for site_4
2024-07-24 16:42:23,993 - No action taken for site_5
2024-07-24 16:42:32,443 - No action taken for site_3
2024-07-24 16:42:33,654 - No action taken for site_3
2024-07-24 16:42:36,204 - No action taken for site_2
2024-07-24 16:42:45,726 - Unregistering M9ZX71V7G0TVPNQ3 from site_4
2024-07-24 16:42:45,799 - M9ZX71V7G0TVPNQ3 successfully unregistered from site_4
2024-07-24 16:42:50,120 - No action taken for site_2
2024-07-24 16:42:51,921 - Unregistering IIFNF1YONK14B9N1 from site_1
2024-07-24 16:42:51,962 - IIFNF1YONK14B9N1 successfully unregistered from site_1
2024-07-24 16:42:58,719 - No action taken for site_5
2024-07-24 16:43:00,266 - Unregistering Q41DK05QWO4VWHDS from site_1
2024-07-24 16:43:00,325 - Q41DK05QWO4VWHDS successfully unregistered from site_1
2024-07-24 16:43:02,327 - No action taken for site_3
2024-07-24 16:43:08,715 - Unregistering 88NC4IK5EPWAWIKB from site_5
2024-07-24 16:43:08,778 - 88NC4IK5EPWAWIKB successfully unregistered from site_5
2024-07-24 16:43:15,915 - No action taken for site_1
2024-07-24 16:43:16,757 - Unregistering 63KLL4PWL7PJEHOW from site_2
2024-07-24 16:43:16,852 - 63KLL4PWL7PJEHOW successfully unregistered from site_2
2024-07-24 16:43:22,604 - No action taken for site_1
2024-07-24 16:43:29,349 - No action taken for site_1
2024-07-24 16:43:35,408 - No action taken for site_4
2024-07-24 16:43:40,987 - No action taken for site_3
2024-07-24 16:43:48,524 - No action taken for site_1
2024-07-24 16:43:52,181 - Unregistering ARPU9G9YJ8EMWUMK from site_2
2024-07-24 16:43:52,243 - ARPU9G9YJ8EMWUMK successfully unregistered from site_2
2024-07-24 16:43:55,555 - No action taken for site_3
2024-07-24 16:44:03,388 - No action taken for site_1
2024-07-24 16:44:06,804 - No action taken for site_1
2024-07-24 16:44:08,116 - Unregistering 41KCJM9EDHV8SJB1 from site_1
2024-07-24 16:44:08,156 - 41KCJM9EDHV8SJB1 successfully unregistered from site_1
2024-07-24 16:44:15,952 - No action taken for site_5
2024-07-24 16:44:23,101 - Unregistering KEZSU2KJC2TMCGUN from site_4
2024-07-24 16:44:23,128 - KEZSU2KJC2TMCGUN successfully unregistered from site_4
2024-07-24 16:44:26,928 - No action taken for site_1
2024-07-24 16:44:31,069 - Unregistering WCBQH18ANL16O200 from site_3
2024-07-24 16:44:31,105 - WCBQH18ANL16O200 successfully unregistered from site_3
2024-07-24 16:44:34,686 - No action taken for site_3
2024-07-24 16:44:39,091 - No action taken for site_5
2024-07-24 16:44:41,039 - Unregistering 9NJA0EREHFHCMAOI from site_5
2024-07-24 16:44:41,156 - 9NJA0EREHFHCMAOI successfully unregistered from site_5
2024-07-24 16:44:47,621 - No action taken for site_2
2024-07-24 16:44:52,644 - No action taken for site_2
2024-07-24 16:44:57,798 - No action taken for site_1
2024-07-24 16:45:02,500 - No action taken for site_5
2024-07-24 16:45:06,579 - No action taken for site_4
2024-07-24 16:45:10,944 - No action taken for site_5
2024-07-24 16:45:18,234 - No action taken for site_3
2024-07-24 16:45:24,665 - No action taken for site_5
2024-07-24 16:45:29,956 - No action taken for site_4
2024-07-24 16:45:32,295 - No action taken for site_5
2024-07-24 16:45:37,855 - Unregistering QMRA7BLLI4A3GL4K from site_5
2024-07-24 16:45:37,942 - QMRA7BLLI4A3GL4K successfully unregistered from site_5
2024-07-24 16:45:38,870 - No action taken for site_3
2024-07-24 16:45:48,482 - No action taken for site_2
2024-07-24 16:45:57,613 - No action taken for site_4
2024-07-24 16:46:00,079 - No action taken for site_4
2024-07-24 16:46:09,876 - No action taken for site_5
2024-07-24 16:46:11,855 - No action taken for site_3
2024-07-24 16:46:21,187 - No action taken for site_4
2024-07-24 16:46:29,247 - No action taken for site_1
2024-07-24 16:46:31,057 - No action taken for site_5
2024-07-24 16:46:34,914 - No action taken for site_1
2024-07-24 16:46:41,874 - No action taken for site_3
2024-07-24 16:46:50,876 - No action taken for site_5
2024-07-24 16:46:55,551 - No action taken for site_4
2024-07-24 16:46:58,599 - No action taken for site_3
2024-07-24 16:47:01,145 - Unregistering F38IG5TCKUK7A99B from site_2
2024-07-24 16:47:01,206 - F38IG5TCKUK7A99B successfully unregistered from site_2
2024-07-24 16:47:01,785 - No action taken for site_4
2024-07-24 16:47:02,413 - No action taken for site_1
2024-07-24 16:47:03,901 - No action taken for site_4
2024-07-24 16:47:09,859 - No action taken for site_5
2024-07-24 16:47:17,401 - No action taken for site_3
2024-07-24 16:47:21,634 - No action taken for site_5
2024-07-24 16:47:28,659 - No action taken for site_2
2024-07-24 16:47:35,400 - No action taken for site_5
2024-07-24 16:47:37,400 - No action taken for site_4
2024-07-24 16:47:47,130 - No action taken for site_3
2024-07-24 16:47:50,476 - No action taken for site_1
2024-07-24 16:47:57,415 - No action taken for site_4
2024-07-24 16:48:02,212 - No action taken for site_5
2024-07-24 16:48:02,369 - No action taken for site_5
2024-07-24 16:48:06,787 - Unregistering U341KZE0NOR29B2N from site_1
2024-07-24 16:48:06,822 - U341KZE0NOR29B2N successfully unregistered from site_1
2024-07-24 16:48:11,354 - Unregistering X0SP2RJ1VVYB7FLV from site_3
2024-07-24 16:48:11,383 - X0SP2RJ1VVYB7FLV successfully unregistered from site_3
2024-07-24 16:48:18,289 - Unregistering DBRBZPL3KHIPO6XX from site_2
2024-07-24 16:48:18,340 - DBRBZPL3KHIPO6XX successfully unregistered from site_2
2024-07-24 16:48:21,582 - No action taken for site_2
2024-07-24 16:48:27,326 - No action taken for site_5
2024-07-24 16:48:28,243 - No action taken for site_2
2024-07-24 16:48:37,735 - No action taken for site_2
2024-07-24 16:48:41,656 - No action taken for site_3
2024-07-24 16:48:42,161 - No action taken for site_2
2024-07-24 16:48:51,766 - No action taken for site_1
2024-07-24 16:48:51,979 - No action taken for site_5
2024-07-24 16:48:57,055 - Unregistering 3WY9WR715L28V0FM from site_1
2024-07-24 16:48:57,090 - 3WY9WR715L28V0FM successfully unregistered from site_1
2024-07-24 16:49:06,795 - No action taken for site_5
2024-07-24 16:49:16,069 - Unregistering PRKN0S3QH9OFHTUP from site_4
2024-07-24 16:49:16,096 - PRKN0S3QH9OFHTUP successfully unregistered from site_4
2024-07-24 16:49:17,285 - Unregistering QKAWYM2CWIRO4S1T from site_5
2024-07-24 16:49:17,342 - QKAWYM2CWIRO4S1T successfully unregistered from site_5
2024-07-24 16:49:26,249 - No action taken for site_2
2024-07-24 16:49:28,231 - Unregistering L130DU48H14N14Y9 from site_3
2024-07-24 16:49:28,263 - L130DU48H14N14Y9 successfully unregistered from site_3
2024-07-24 16:49:35,078 - No action taken for site_4
2024-07-24 16:49:41,946 - No action taken for site_4
2024-07-24 16:49:45,195 - No action taken for site_4
2024-07-24 16:49:46,675 - No action taken for site_1
2024-07-24 16:49:46,707 - No action taken for site_3
2024-07-24 16:49:56,090 - No action taken for site_5
2024-07-24 16:50:03,498 - No action taken for site_4
2024-07-24 16:50:05,271 - Unregistering B4NKNW8INFMV05PN from site_1
2024-07-24 16:50:05,322 - B4NKNW8INFMV05PN successfully unregistered from site_1
2024-07-24 16:50:12,323 - No action taken for site_2
2024-07-24 16:50:19,922 - No action taken for site_2
2024-07-24 16:50:20,384 - No action taken for site_4
2024-07-24 16:50:29,094 - No action taken for site_2
2024-07-24 16:50:38,752 - No action taken for site_3
2024-07-24 16:50:43,388 - No action taken for site_3
2024-07-24 16:50:52,044 - Unregistering HCKG4MTPWZJ2PA8O from site_4
2024-07-24 16:50:52,071 - HCKG4MTPWZJ2PA8O successfully unregistered from site_4
2024-07-24 16:51:00,496 - No action taken for site_1
2024-07-24 16:51:04,387 - No action taken for site_5
2024-07-24 16:51:05,981 - Unregistering F70L91A96CBHXGK9 from site_1
2024-07-24 16:51:06,017 - F70L91A96CBHXGK9 successfully unregistered from site_1
2024-07-24 16:51:06,635 - No action taken for site_4
2024-07-24 16:51:12,585 - No action taken for site_1
2024-07-24 16:51:18,823 - No action taken for site_4
2024-07-24 16:51:25,869 - No action taken for site_1
2024-07-24 16:51:34,156 - No action taken for site_5
2024-07-24 16:51:39,417 - No action taken for site_4
2024-07-24 16:51:43,833 - No action taken for site_4
2024-07-24 16:51:49,802 - No action taken for site_2
2024-07-24 16:51:51,801 - No action taken for site_1
2024-07-24 16:51:56,275 - No action taken for site_2
2024-07-24 16:51:57,441 - No action taken for site_5
2024-07-24 16:52:05,484 - No action taken for site_2
2024-07-24 16:52:08,913 - No action taken for site_5
2024-07-24 16:52:14,085 - No action taken for site_2
2024-07-24 16:52:20,291 - No action taken for site_5
2024-07-24 16:52:28,366 - No action taken for site_3
2024-07-24 16:52:35,127 - No action taken for site_5
2024-07-24 16:52:41,631 - No action taken for site_4
2024-07-24 16:52:43,977 - No action taken for site_1
2024-07-24 16:52:46,085 - No action taken for site_2
2024-07-24 16:52:50,607 - Unregistering VWYR9WQFMLRHRE9K from site_1
2024-07-24 16:52:50,643 - VWYR9WQFMLRHRE9K successfully unregistered from site_1
2024-07-24 16:52:59,017 - No action taken for site_4
2024-07-24 16:52:59,936 - Unregistering D7JFD2KPNJBN5UGS from site_1
2024-07-24 16:52:59,973 - D7JFD2KPNJBN5UGS successfully unregistered from site_1
2024-07-24 16:53:01,957 - No action taken for site_5
2024-07-24 16:53:02,181 - No action taken for site_5
2024-07-24 16:53:03,885 - Unregistering QGEOA6NLW2DR8PRA from site_4
2024-07-24 16:53:03,911 - QGEOA6NLW2DR8PRA successfully unregistered from site_4
2024-07-24 16:53:09,497 - Unregistering 119869W6TQSXPK9D from site_4
2024-07-24 16:53:09,530 - 119869W6TQSXPK9D successfully unregistered from site_4
2024-07-24 16:53:17,016 - No action taken for site_3
2024-07-24 16:53:20,120 - No action taken for site_1
2024-07-24 16:53:21,966 - No action taken for site_4
2024-07-24 16:53:31,944 - No action taken for site_3
2024-07-24 16:53:33,323 - Unregistering 5V5WRCEHUDMVC1AV from site_1
2024-07-24 16:53:33,354 - 5V5WRCEHUDMVC1AV successfully unregistered from site_1
2024-07-24 16:53:42,942 - No action taken for site_4
2024-07-24 16:53:50,121 - No action taken for site_1
2024-07-24 16:54:00,084 - Unregistering 689JZ6CZCT9ENWEW from site_5
2024-07-24 16:54:00,147 - 689JZ6CZCT9ENWEW successfully unregistered from site_5
2024-07-24 16:54:04,654 - Unregistering 9NP5USRUMXK9KZPM from site_2
2024-07-24 16:54:04,701 - 9NP5USRUMXK9KZPM successfully unregistered from site_2
2024-07-24 16:54:13,587 - No action taken for site_4
2024-07-24 16:54:20,623 - No action taken for site_2
2024-07-24 16:54:25,372 - No action taken for site_1
2024-07-24 16:54:33,488 - No action taken for site_4
2024-07-24 16:54:37,067 - No action taken for site_4
2024-07-24 16:54:42,384 - Unregistering 7NXLFV1XDKV3Y37I from site_1
2024-07-24 16:54:42,418 - 7NXLFV1XDKV3Y37I successfully unregistered from site_1
2024-07-24 16:54:45,990 - No action taken for site_3
2024-07-24 16:54:54,785 - Unregistering NRXA194XTF48J0WY from site_5
2024-07-24 16:54:54,855 - NRXA194XTF48J0WY successfully unregistered from site_5
2024-07-24 16:55:04,696 - No action taken for site_3
2024-07-24 16:55:05,593 - No action taken for site_4
2024-07-24 16:55:14,311 - No action taken for site_2
2024-07-24 16:55:19,854 - Unregistering YTBSNMH40EZOANXL from site_1
2024-07-24 16:55:19,886 - YTBSNMH40EZOANXL successfully unregistered from site_1
2024-07-24 16:55:29,525 - No action taken for site_1
2024-07-24 16:55:37,014 - No action taken for site_3
2024-07-24 16:55:38,525 - Unregistering 94X6RO5ZYYN1EZSR from site_1
2024-07-24 16:55:38,556 - 94X6RO5ZYYN1EZSR successfully unregistered from site_1
2024-07-24 16:55:42,870 - No action taken for site_1
2024-07-24 16:55:47,703 - No action taken for site_1
2024-07-24 16:55:50,633 - No action taken for site_3
2024-07-24 16:55:54,029 - No action taken for site_5
2024-07-24 16:56:02,917 - Unregistering CV5OIM579H221OFA from site_3
2024-07-24 16:56:02,945 - CV5OIM579H221OFA successfully unregistered from site_3
2024-07-24 16:56:12,640 - No action taken for site_4
2024-07-24 16:56:17,825 - No action taken for site_1
2024-07-24 16:56:20,239 - No action taken for site_5
2024-07-24 16:56:26,295 - No action taken for site_3
2024-07-24 16:56:30,358 - No action taken for site_5
2024-07-24 16:56:39,196 - No action taken for site_3
2024-07-24 16:56:42,795 - No action taken for site_4
2024-07-24 16:56:42,945 - No action taken for site_5
2024-07-24 16:56:45,643 - No action taken for site_2
2024-07-24 16:56:49,199 - Unregistering IRWRULFBO9WETC46 from site_1
2024-07-24 16:56:49,229 - IRWRULFBO9WETC46 successfully unregistered from site_1
2024-07-24 16:56:52,075 - Unregistering S4FU9E9XYMI25V9R from site_2
2024-07-24 16:56:52,122 - S4FU9E9XYMI25V9R successfully unregistered from site_2
2024-07-24 16:56:58,680 - No action taken for site_3
2024-07-24 16:57:05,634 - No action taken for site_1
2024-07-24 16:57:07,832 - No action taken for site_1
2024-07-24 16:57:08,347 - Unregistering A6V8NN13KREY6FEH from site_2
2024-07-24 16:57:08,394 - A6V8NN13KREY6FEH successfully unregistered from site_2
2024-07-24 16:57:16,991 - Unregistering AHURXZEV2CABQGHY from site_3
2024-07-24 16:57:17,021 - AHURXZEV2CABQGHY successfully unregistered from site_3
2024-07-24 16:57:19,224 - Unregistering WLW7YWTL2OUUQ7KC from site_4
2024-07-24 16:57:19,254 - WLW7YWTL2OUUQ7KC successfully unregistered from site_4
2024-07-24 16:57:22,968 - Unregistering 1GI85I8FMHZKIVHJ from site_5
2024-07-24 16:57:23,031 - 1GI85I8FMHZKIVHJ successfully unregistered from site_5
2024-07-24 16:57:24,896 - No action taken for site_4
2024-07-24 16:57:27,658 - No action taken for site_3
2024-07-24 16:57:33,617 - No action taken for site_5
2024-07-24 16:57:37,641 - No action taken for site_4
2024-07-24 16:57:40,721 - Unregistering RW4C3CWC7L660W71 from site_3
2024-07-24 16:57:40,750 - RW4C3CWC7L660W71 successfully unregistered from site_3
2024-07-24 16:57:49,813 - No action taken for site_2
2024-07-24 16:57:52,191 - No action taken for site_2
2024-07-24 16:57:58,931 - Unregistering SUJ46OOVVS107MPR from site_5
2024-07-24 16:57:58,985 - SUJ46OOVVS107MPR successfully unregistered from site_5
2024-07-24 16:58:07,195 - No action taken for site_5
2024-07-24 16:58:09,285 - No action taken for site_2
2024-07-24 16:58:14,508 - Unregistering VN2ENY4X7IV53TV0 from site_2
2024-07-24 16:58:14,555 - VN2ENY4X7IV53TV0 successfully unregistered from site_2
2024-07-24 16:58:23,638 - No action taken for site_5
2024-07-24 16:58:29,653 - No action taken for site_1
2024-07-24 16:58:32,576 - No action taken for site_1
2024-07-24 16:58:35,229 - No action taken for site_2
2024-07-24 16:58:36,958 - Unregistering NMRRHS1G84ZHYFBY from site_1
2024-07-24 16:58:36,986 - NMRRHS1G84ZHYFBY successfully unregistered from site_1
2024-07-24 16:58:38,824 - No action taken for site_3
2024-07-24 16:58:44,069 - No action taken for site_1
2024-07-24 16:58:53,764 - No action taken for site_5
2024-07-24 16:58:58,601 - No action taken for site_3
2024-07-24 16:59:06,101 - No action taken for site_5
2024-07-24 16:59:06,567 - No action taken for site_3
2024-07-24 16:59:10,461 - Unregistering U1QGP1PUHUQ8Q551 from site_4
2024-07-24 16:59:10,486 - U1QGP1PUHUQ8Q551 successfully unregistered from site_4
2024-07-24 16:59:19,971 - No action taken for site_1
2024-07-24 16:59:28,963 - No action taken for site_5
2024-07-24 16:59:29,778 - Unregistering 2E8TQCD6FG9NUMKR from site_4
2024-07-24 16:59:29,809 - 2E8TQCD6FG9NUMKR successfully unregistered from site_4
2024-07-24 16:59:32,820 - No action taken for site_4
2024-07-24 16:59:37,355 - Unregistering KT6SECJBLBN6I55W from site_4
2024-07-24 16:59:37,381 - KT6SECJBLBN6I55W successfully unregistered from site_4
2024-07-24 16:59:46,723 - No action taken for site_3
2024-07-24 16:59:49,316 - No action taken for site_5
2024-07-24 16:59:52,545 - No action taken for site_1
2024-07-24 16:59:55,078 - No action taken for site_1
2024-07-24 17:00:00,253 - No action taken for site_2
2024-07-24 17:00:03,537 - No action taken for site_5
2024-07-24 17:00:04,313 - No action taken for site_2
2024-07-24 17:00:13,409 - No action taken for site_1
2024-07-24 17:00:14,261 - No action taken for site_2
2024-07-24 17:00:17,545 - No action taken for site_3
2024-07-24 17:00:19,237 - Unregistering AJBEMV8HP02FP0HD from site_3
2024-07-24 17:00:19,270 - AJBEMV8HP02FP0HD successfully unregistered from site_3
2024-07-24 17:00:21,580 - No action taken for site_4
2024-07-24 17:00:23,106 - No action taken for site_4
2024-07-24 17:00:26,372 - No action taken for site_1
2024-07-24 17:00:31,568 - Unregistering QWPQYROB0209B6NR from site_1
2024-07-24 17:00:31,599 - QWPQYROB0209B6NR successfully unregistered from site_1
2024-07-24 17:00:36,434 - No action taken for site_3
2024-07-24 17:00:42,507 - Unregistering Q14RNHVBIVB6BVRT from site_4
2024-07-24 17:00:42,531 - Q14RNHVBIVB6BVRT successfully unregistered from site_4
2024-07-24 17:00:45,132 - No action taken for site_5
2024-07-24 17:00:48,174 - No action taken for site_1
2024-07-24 17:00:57,155 - No action taken for site_4
2024-07-24 17:01:01,273 - No action taken for site_5
2024-07-24 17:01:06,436 - No action taken for site_5
2024-07-24 17:01:12,293 - No action taken for site_4
2024-07-24 17:01:12,623 - No action taken for site_3
2024-07-24 17:01:13,591 - No action taken for site_4
2024-07-24 17:01:14,402 - No action taken for site_4
2024-07-24 17:01:23,548 - No action taken for site_5
2024-07-24 17:01:26,910 - No action taken for site_1
2024-07-24 17:01:31,669 - No action taken for site_1
2024-07-24 17:01:36,189 - No action taken for site_5
2024-07-24 17:01:45,033 - No action taken for site_4
2024-07-24 17:01:47,231 - No action taken for site_1
2024-07-24 17:01:54,834 - No action taken for site_1
2024-07-24 17:02:04,419 - No action taken for site_4
2024-07-24 17:02:07,425 - site_1: Shutting down {'username': 'admin', 'password': 'admin', 'port': 9000, 'platform': 'huawei_smartax', 'running': True}
2024-07-24 17:02:17,378 - site_1: Starting {'username': 'admin', 'password': 'admin', 'port': 9000, 'platform': 'huawei_smartax', 'running': True}
2024-07-24 17:02:25,347 - No action taken for site_2
2024-07-24 17:02:27,775 - Unregistering MTTIIO1Z8TXBKPE5 from site_5
2024-07-24 17:02:27,829 - MTTIIO1Z8TXBKPE5 successfully unregistered from site_5
2024-07-24 17:02:29,185 - No action taken for site_1
2024-07-24 17:02:38,150 - No action taken for site_4
2024-07-24 17:02:40,695 - No action taken for site_3
2024-07-24 17:02:41,104 - No action taken for site_5
2024-07-24 17:02:50,062 - No action taken for site_3
2024-07-24 17:02:51,116 - No action taken for site_3
2024-07-24 17:02:55,192 - No action taken for site_2
2024-07-24 17:03:04,604 - No action taken for site_2
2024-07-24 17:03:09,764 - No action taken for site_4
2024-07-24 17:03:16,522 - Unregistering DX93TB8IO59V6W72 from site_1
2024-07-24 17:03:16,552 - DX93TB8IO59V6W72 successfully unregistered from site_1
2024-07-24 17:03:18,483 - No action taken for site_3
2024-07-24 17:03:23,617 - No action taken for site_3
2024-07-24 17:03:26,097 - No action taken for site_2
2024-07-24 17:03:29,520 - Unregistering IZKWRYKIEEYPHUX5 from site_1
2024-07-24 17:03:29,550 - IZKWRYKIEEYPHUX5 successfully unregistered from site_1
2024-07-24 17:03:34,768 - No action taken for site_3
2024-07-24 17:03:44,274 - Unregistering 5Y8RD2VDZEPKQZ9N from site_2
2024-07-24 17:03:44,316 - 5Y8RD2VDZEPKQZ9N successfully unregistered from site_2
2024-07-24 17:03:44,807 - Unregistering KUS4KOK2Z77S5YET from site_5
2024-07-24 17:03:44,855 - KUS4KOK2Z77S5YET successfully unregistered from site_5
2024-07-24 17:03:48,404 - No action taken for site_5
2024-07-24 17:03:53,202 - No action taken for site_4
2024-07-24 17:03:55,955 - No action taken for site_5
2024-07-24 17:03:59,253 - Unregistering MMH7MC4PTHNLFE39 from site_1
2024-07-24 17:03:59,291 - MMH7MC4PTHNLFE39 successfully unregistered from site_1
2024-07-24 17:04:08,241 - Unregistering 3UMRZJG1SVHS4UD4 from site_1
2024-07-24 17:04:08,276 - 3UMRZJG1SVHS4UD4 successfully unregistered from site_1
2024-07-24 17:04:17,169 - Unregistering ZOFHEVHUQ03UIZO3 from site_3
2024-07-24 17:04:17,202 - ZOFHEVHUQ03UIZO3 successfully unregistered from site_3
2024-07-24 17:04:24,319 - No action taken for site_3
2024-07-24 17:04:31,510 - No action taken for site_1
2024-07-24 17:04:37,134 - No action taken for site_1
2024-07-24 17:04:43,151 - No action taken for site_5
2024-07-24 17:04:47,957 - Unregistering EETKPHQPIBCZW8OI from site_4
2024-07-24 17:04:47,983 - EETKPHQPIBCZW8OI successfully unregistered from site_4
2024-07-24 17:04:50,882 - No action taken for site_5
2024-07-24 17:04:59,915 - No action taken for site_5
2024-07-24 17:05:02,006 - No action taken for site_4
2024-07-24 17:05:07,194 - No action taken for site_1
2024-07-24 17:05:16,468 - No action taken for site_2
2024-07-24 17:05:23,551 - No action taken for site_4
2024-07-24 17:05:26,908 - No action taken for site_2
2024-07-24 17:05:33,380 - Unregistering Q2NG7QWFJCLCQMIW from site_2
2024-07-24 17:05:33,422 - Q2NG7QWFJCLCQMIW successfully unregistered from site_2
2024-07-24 17:05:33,893 - Unregistering Q33ITMSSTY3VS3W0 from site_2
2024-07-24 17:05:33,938 - Q33ITMSSTY3VS3W0 successfully unregistered from site_2
2024-07-24 17:05:36,496 - No action taken for site_4
2024-07-24 17:05:36,971 - No action taken for site_5
2024-07-24 17:05:38,712 - No action taken for site_1
2024-07-24 17:05:42,526 - No action taken for site_3
2024-07-24 17:05:43,797 - No action taken for site_5
2024-07-24 17:05:47,410 - No action taken for site_4
2024-07-24 17:05:47,992 - No action taken for site_1
2024-07-24 17:05:48,944 - Unregistering QK6R7SSRA5F8GFLV from site_2
2024-07-24 17:05:48,985 - QK6R7SSRA5F8GFLV successfully unregistered from site_2
2024-07-24 17:05:49,183 - No action taken for site_1
2024-07-24 17:05:50,784 - No action taken for site_5
2024-07-24 17:05:56,910 - No action taken for site_4
2024-07-24 17:06:02,934 - Unregistering UZF8GM9D3M0Q8T0N from site_4
2024-07-24 17:06:02,959 - UZF8GM9D3M0Q8T0N successfully unregistered from site_4
2024-07-24 17:06:05,344 - No action taken for site_5
2024-07-24 17:06:06,431 - No action taken for site_2
2024-07-24 17:06:09,245 - No action taken for site_5
2024-07-24 17:06:16,151 - No action taken for site_1
2024-07-24 17:06:22,513 - No action taken for site_3
2024-07-24 17:06:25,659 - Unregistering CFJBZUMOC1FG4DQS from site_2
2024-07-24 17:06:25,703 - CFJBZUMOC1FG4DQS successfully unregistered from site_2
2024-07-24 17:06:28,879 - No action taken for site_1
2024-07-24 17:06:32,613 - No action taken for site_2
2024-07-24 17:06:38,713 - No action taken for site_2
2024-07-24 17:06:46,857 - No action taken for site_1
2024-07-24 17:06:54,450 - Unregistering 24JIJDO6OUUNUZDP from site_1
2024-07-24 17:06:54,479 - 24JIJDO6OUUNUZDP successfully unregistered from site_1
2024-07-24 17:06:57,022 - No action taken for site_1
2024-07-24 17:06:59,407 - No action taken for site_4
2024-07-24 17:07:00,187 - Unregistering UZ3JKAIGWOQTKQ92 from site_1
2024-07-24 17:07:00,217 - UZ3JKAIGWOQTKQ92 successfully unregistered from site_1
2024-07-24 17:07:20,229 - site_2: Shutting down {'username': 'admin', 'password': 'admin', 'port': 9000, 'platform': 'huawei_smartax', 'running': True}
2024-07-24 17:07:23,893 - site_2: Starting {'username': 'admin', 'password': 'admin', 'port': 9000, 'platform': 'huawei_smartax', 'running': True}
2024-07-24 17:07:28,693 - No action taken for site_2
2024-07-24 17:07:29,280 - No action taken for site_3
2024-07-24 17:07:37,747 - No action taken for site_4
2024-07-24 17:07:44,688 - Unregistering YP0M58LIZ2HY13U8 from site_1
2024-07-24 17:07:44,716 - YP0M58LIZ2HY13U8 successfully unregistered from site_1
2024-07-24 17:07:48,046 - No action taken for site_2
2024-07-24 17:07:51,595 - No action taken for site_4
2024-07-24 17:07:58,425 - Unregistering 94X6RO5ZYYN1EZSR from site_1
2024-07-24 17:07:58,464 - 94X6RO5ZYYN1EZSR successfully unregistered from site_1
2024-07-24 17:08:01,422 - No action taken for site_5
2024-07-24 17:08:04,839 - No action taken for site_4
2024-07-24 17:08:08,218 - No action taken for site_2
2024-07-24 17:08:13,057 - No action taken for site_4
2024-07-24 17:08:15,792 - Exiting chaos monkey
