2024-07-23 13:07:50,361 - Starting chaos monkey
2024-07-23 13:07:58,680 - No action taken for site_3
2024-07-23 13:08:05,587 - No action taken for site_3
2024-07-23 13:08:08,697 - No action taken for site_3
2024-07-23 13:08:18,281 - No action taken for site_2
2024-07-23 13:08:26,027 - No action taken for site_1
2024-07-23 13:08:29,368 - Unregistering OOJ78XRMB3B86MCM from site_3
2024-07-23 13:08:29,405 - OOJ78XRMB3B86MCM successfully unregistered from site_3
2024-07-23 13:08:37,888 - No action taken for site_1
2024-07-23 13:08:46,294 - No action taken for site_1
2024-07-23 13:08:48,469 - No action taken for site_3
2024-07-23 13:08:49,087 - Unregistering RVU8XS5ZOIR5VKOZ from site_2
2024-07-23 13:08:49,218 - RVU8XS5ZOIR5VKOZ successfully unregistered from site_2
2024-07-23 13:08:52,052 - No action taken for site_2
2024-07-23 13:08:58,349 - No action taken for site_2
2024-07-23 13:09:05,140 - No action taken for site_2
2024-07-23 13:09:11,897 - No action taken for site_1
2024-07-23 13:09:21,073 - Unregistering BH3EWVX2EBUDLC0Z from site_2
2024-07-23 13:09:21,132 - BH3EWVX2EBUDLC0Z successfully unregistered from site_2
2024-07-23 13:09:22,367 - No action taken for site_2
2024-07-23 13:09:32,108 - No action taken for site_3
2024-07-23 13:09:33,599 - No action taken for site_2
2024-07-23 13:09:34,005 - No action taken for site_3
2024-07-23 13:09:41,648 - Unregistering B4NKNW8INFMV05PN from site_1
2024-07-23 13:09:41,687 - B4NKNW8INFMV05PN successfully unregistered from site_1
2024-07-23 13:09:45,358 - Unregistering QTP2HYYGNXO1VPAT from site_2
2024-07-23 13:09:45,431 - QTP2HYYGNXO1VPAT successfully unregistered from site_2
2024-07-23 13:09:49,981 - No action taken for site_1
2024-07-23 13:09:56,677 - No action taken for site_2
2024-07-23 13:10:00,589 - No action taken for site_3
2024-07-23 13:10:05,564 - Unregistering 74564TEGXW1SL1I5 from site_1
2024-07-23 13:10:05,605 - 74564TEGXW1SL1I5 successfully unregistered from site_1
2024-07-23 13:10:13,651 - No action taken for site_2
2024-07-23 13:10:23,485 - No action taken for site_1
2024-07-23 13:10:25,188 - No action taken for site_3
2024-07-23 13:10:27,848 - No action taken for site_1
2024-07-23 13:10:31,942 - No action taken for site_3
2024-07-23 13:10:38,899 - No action taken for site_1
2024-07-23 13:10:44,614 - Unregistering 8O6UL2JRTWPXLR4J from site_1
2024-07-23 13:10:44,664 - 8O6UL2JRTWPXLR4J successfully unregistered from site_1
2024-07-23 13:10:50,090 - No action taken for site_3
2024-07-23 13:10:58,474 - No action taken for site_3
2024-07-23 13:11:06,658 - No action taken for site_2
2024-07-23 13:11:12,469 - No action taken for site_1
2024-07-23 13:11:14,349 - No action taken for site_1
2024-07-23 13:11:21,625 - No action taken for site_3
2024-07-23 13:11:23,338 - No action taken for site_1
2024-07-23 13:11:32,938 - No action taken for site_1
2024-07-23 13:11:42,683 - No action taken for site_3
2024-07-23 13:11:45,242 - No action taken for site_1
2024-07-23 13:11:49,852 - Unregistering 1EOVVLVUSKP2A3F0 from site_1
2024-07-23 13:11:49,882 - 1EOVVLVUSKP2A3F0 successfully unregistered from site_1
2024-07-23 13:11:50,679 - No action taken for site_3
2024-07-23 13:11:54,614 - No action taken for site_1
2024-07-23 13:11:59,678 - Unregistering NKYTNFBGLSZ0G4RE from site_3
2024-07-23 13:11:59,714 - NKYTNFBGLSZ0G4RE successfully unregistered from site_3
2024-07-23 13:12:06,672 - No action taken for site_1
2024-07-23 13:12:12,739 - Unregistering X4K1TXDOQNAPCD6L from site_2
2024-07-23 13:12:12,792 - X4K1TXDOQNAPCD6L successfully unregistered from site_2
2024-07-23 13:12:14,871 - No action taken for site_2
2024-07-23 13:12:15,105 - Unregistering NI8QLGMO57T16R5M from site_2
2024-07-23 13:12:15,177 - NI8QLGMO57T16R5M successfully unregistered from site_2
2024-07-23 13:12:21,095 - No action taken for site_1
2024-07-23 13:12:28,430 - No action taken for site_1
2024-07-23 13:12:37,415 - No action taken for site_3
2024-07-23 13:12:41,105 - No action taken for site_3
2024-07-23 13:12:44,163 - No action taken for site_2
2024-07-23 13:12:50,639 - No action taken for site_3
2024-07-23 13:12:59,106 - No action taken for site_2
2024-07-23 13:13:00,553 - No action taken for site_1
2024-07-23 13:13:08,922 - Unregistering 17XVTWP24EB2R3R0 from site_3
2024-07-23 13:13:08,952 - 17XVTWP24EB2R3R0 successfully unregistered from site_3
2024-07-23 13:13:11,097 - No action taken for site_3
2024-07-23 13:13:18,369 - No action taken for site_3
2024-07-23 13:13:19,910 - No action taken for site_1
2024-07-23 13:13:27,713 - No action taken for site_2
2024-07-23 13:13:37,108 - Unregistering NZER7L6P0QKHRMOZ from site_2
2024-07-23 13:13:37,166 - NZER7L6P0QKHRMOZ successfully unregistered from site_2
2024-07-23 13:13:44,685 - Unregistering AEDQ4DYIBHYXC6PX from site_2
2024-07-23 13:13:44,736 - AEDQ4DYIBHYXC6PX successfully unregistered from site_2
2024-07-23 13:13:47,497 - No action taken for site_1
2024-07-23 13:13:48,296 - No action taken for site_1
2024-07-23 13:13:49,841 - No action taken for site_3
2024-07-23 13:13:57,178 - No action taken for site_1
2024-07-23 13:14:02,811 - No action taken for site_1
2024-07-23 13:14:06,178 - No action taken for site_3
2024-07-23 13:14:21,842 - Shutting down {'username': 'admin', 'password': 'admin', 'port': 9000, 'platform': 'huawei_smartax', 'running': True}
2024-07-23 13:14:28,099 - Starting {'username': 'admin', 'password': 'admin', 'port': 9000, 'platform': 'huawei_smartax', 'running': True}
2024-07-23 13:14:37,893 - No action taken for site_1
2024-07-23 13:14:39,528 - Exiting chaos monkey
