2024-07-23 10:18:57,980 - Starting chaos monkey
2024-07-23 10:19:03,331 - No action taken for site_1
2024-07-23 10:19:06,852 - No action taken for site_1
2024-07-23 10:19:07,800 - No action taken for site_1
2024-07-23 10:19:09,357 - No action taken for site_1
2024-07-23 10:19:12,622 - No action taken for site_1
2024-07-23 10:19:19,385 - No action taken for site_1
2024-07-23 10:19:22,239 - Unregistering IYN716WT1253JYDW from site_1
2024-07-23 10:19:22,280 - IYN716WT1253JYDW successfully unregistered from site_1
2024-07-23 10:19:24,471 - No action taken for site_1
2024-07-23 10:19:28,874 - No action taken for site_1
2024-07-23 10:19:38,797 - Unregistering 500AULALIQFUTRJT from site_1
2024-07-23 10:19:38,927 - 500AULALIQFUTRJT successfully unregistered from site_1
2024-07-23 10:19:48,524 - No action taken for site_1
2024-07-23 10:19:49,697 - No action taken for site_1
2024-07-23 10:19:59,383 - No action taken for site_1
2024-07-23 10:20:07,110 - No action taken for site_1
2024-07-23 10:20:07,849 - No action taken for site_1
2024-07-23 10:20:14,644 - No action taken for site_1
2024-07-23 10:20:15,786 - No action taken for site_1
2024-07-23 10:20:22,846 - Unregistering ES2IWFSTXTGBY16T from site_1
2024-07-23 10:20:22,915 - ES2IWFSTXTGBY16T successfully unregistered from site_1
2024-07-23 10:20:31,216 - No action taken for site_1
2024-07-23 10:20:39,808 - No action taken for site_1
2024-07-23 10:20:47,184 - Unregistering SDBQYFMV8SOFT4DT from site_1
2024-07-23 10:20:47,262 - SDBQYFMV8SOFT4DT successfully unregistered from site_1
2024-07-23 10:20:56,438 - Unregistering H63ZMS5MDTZV86P0 from site_1
2024-07-23 10:20:56,476 - H63ZMS5MDTZV86P0 successfully unregistered from site_1
2024-07-23 10:21:06,217 - No action taken for site_1
2024-07-23 10:21:15,720 - No action taken for site_1
2024-07-23 10:21:17,397 - Unregistering 73OPZ3TKM1QO91XH from site_1
2024-07-23 10:21:17,436 - 73OPZ3TKM1QO91XH successfully unregistered from site_1
2024-07-23 10:21:24,993 - No action taken for site_1
2024-07-23 10:21:28,710 - No action taken for site_1
2024-07-23 10:21:35,366 - No action taken for site_1
2024-07-23 10:21:40,540 - Unregistering F70L91A96CBHXGK9 from site_1
2024-07-23 10:21:40,576 - F70L91A96CBHXGK9 successfully unregistered from site_1
2024-07-23 10:21:48,728 - No action taken for site_1
2024-07-23 10:21:49,122 - No action taken for site_1
2024-07-23 10:21:49,593 - No action taken for site_1
2024-07-23 10:22:02,050 - Shutting down {'username': 'admin', 'password': 'admin', 'port': 9000, 'platform': 'huawei_smartax', 'running': True}
2024-07-23 10:22:07,801 - Starting {'username': 'admin', 'password': 'admin', 'port': 9000, 'platform': 'huawei_smartax', 'running': True}
2024-07-23 10:22:16,707 - Unregistering YX1NIJFD91BV3T60 from site_1
2024-07-23 10:22:16,738 - YX1NIJFD91BV3T60 successfully unregistered from site_1
2024-07-23 10:22:23,121 - No action taken for site_1
2024-07-23 10:22:30,341 - Unregistering UTP38STGNXM9EC8A from site_1
2024-07-23 10:22:30,374 - UTP38STGNXM9EC8A successfully unregistered from site_1
2024-07-23 10:22:35,696 - No action taken for site_1
2024-07-23 10:22:36,215 - No action taken for site_1
2024-07-23 10:22:40,049 - No action taken for site_1
2024-07-23 10:22:45,677 - No action taken for site_1
2024-07-23 10:22:50,986 - Unregistering 7WG0IGJ9ZTHDPUJE from site_1
2024-07-23 10:22:51,017 - 7WG0IGJ9ZTHDPUJE successfully unregistered from site_1
2024-07-23 10:22:55,020 - No action taken for site_1
2024-07-23 10:23:01,227 - Unregistering 0NP7E33EJU8VO78C from site_1
2024-07-23 10:23:01,264 - 0NP7E33EJU8VO78C successfully unregistered from site_1
2024-07-23 10:23:09,021 - No action taken for site_1
2024-07-23 10:23:18,965 - No action taken for site_1
2024-07-23 10:23:26,795 - No action taken for site_1
2024-07-23 10:23:28,947 - No action taken for site_1
2024-07-23 10:23:33,617 - No action taken for site_1
2024-07-23 10:23:39,699 - Unregistering TSTLM0OL73VS0X0G from site_1
2024-07-23 10:23:39,735 - TSTLM0OL73VS0X0G successfully unregistered from site_1
2024-07-23 10:23:48,544 - No action taken for site_1
2024-07-23 10:23:55,956 - No action taken for site_1
2024-07-23 10:24:04,413 - No action taken for site_1
2024-07-23 10:24:04,985 - Exiting chaos monkey
