2024-07-23 10:05:17,906 - Starting chaos monkey
2024-07-23 10:05:24,636 - Unregistering D1T1VE6CHM2F5K8I from site_1
2024-07-23 10:05:24,672 - D1T1VE6CHM2F5K8I successfully unregistered from site_1
2024-07-23 10:05:29,211 - No action taken for site_1
2024-07-23 10:05:34,688 - No action taken for site_1
2024-07-23 10:05:38,664 - No action taken for site_1
2024-07-23 10:05:40,780 - No action taken for site_1
2024-07-23 10:05:48,489 - Unregistering 7WG0IGJ9ZTHDPUJE from site_1
2024-07-23 10:05:48,524 - 7WG0IGJ9ZTHDPUJE successfully unregistered from site_1
2024-07-23 10:05:57,997 - No action taken for site_1
2024-07-23 10:06:07,334 - No action taken for site_1
2024-07-23 10:06:17,283 - No action taken for site_1
2024-07-23 10:06:26,283 - No action taken for site_1
2024-07-23 10:06:29,390 - No action taken for site_1
2024-07-23 10:06:32,204 - Unregistering 0W44ZGCC8P7CN84X from site_1
2024-07-23 10:06:32,235 - 0W44ZGCC8P7CN84X successfully unregistered from site_1
2024-07-23 10:06:40,963 - No action taken for site_1
2024-07-23 10:06:50,835 - No action taken for site_1
2024-07-23 10:06:59,436 - No action taken for site_1
2024-07-23 10:07:00,496 - No action taken for site_1
2024-07-23 10:07:02,281 - No action taken for site_1
2024-07-23 10:07:08,058 - No action taken for site_1
2024-07-23 10:07:09,473 - No action taken for site_1
2024-07-23 10:07:16,360 - No action taken for site_1
2024-07-23 10:07:16,419 - No action taken for site_1
2024-07-23 10:07:21,993 - Unregistering 0W44ZGCC8P7CN84X from site_1
2024-07-23 10:07:22,033 - 0W44ZGCC8P7CN84X successfully unregistered from site_1
2024-07-23 10:07:28,180 - No action taken for site_1
2024-07-23 10:07:34,833 - No action taken for site_1
2024-07-23 10:07:39,443 - No action taken for site_1
2024-07-23 10:07:48,562 - No action taken for site_1
2024-07-23 10:07:54,316 - Unregistering B1VAIKU7J1S5DZKF from site_1
2024-07-23 10:07:54,348 - B1VAIKU7J1S5DZKF successfully unregistered from site_1
2024-07-23 10:08:00,816 - No action taken for site_1
2024-07-23 10:08:03,669 - Unregistering 3YWO8SH2ZSKBWWHV from site_1
2024-07-23 10:08:03,704 - 3YWO8SH2ZSKBWWHV successfully unregistered from site_1
2024-07-23 10:08:06,125 - No action taken for site_1
2024-07-23 10:08:08,634 - Unregistering IZKWRYKIEEYPHUX5 from site_1
2024-07-23 10:08:08,663 - IZKWRYKIEEYPHUX5 successfully unregistered from site_1
2024-07-23 10:08:14,591 - No action taken for site_1
2024-07-23 10:08:15,064 - Unregistering Y619K0EP03K6EKD4 from site_1
2024-07-23 10:08:15,094 - Y619K0EP03K6EKD4 successfully unregistered from site_1
2024-07-23 10:08:22,994 - Unregistering 66JZ67UXQ8DQKFHW from site_1
2024-07-23 10:08:23,037 - 66JZ67UXQ8DQKFHW successfully unregistered from site_1
2024-07-23 10:08:24,548 - Unregistering F70L91A96CBHXGK9 from site_1
2024-07-23 10:08:24,582 - F70L91A96CBHXGK9 successfully unregistered from site_1
2024-07-23 10:08:28,994 - No action taken for site_1
2024-07-23 10:08:33,638 - No action taken for site_1
2024-07-23 10:08:35,959 - No action taken for site_1
2024-07-23 10:08:40,652 - No action taken for site_1
2024-07-23 10:08:44,018 - No action taken for site_1
2024-07-23 10:08:44,120 - No action taken for site_1
2024-07-23 10:08:50,909 - No action taken for site_1
2024-07-23 10:08:52,635 - No action taken for site_1
2024-07-23 10:09:01,995 - No action taken for site_1
2024-07-23 10:09:06,006 - No action taken for site_1
2024-07-23 10:09:09,835 - No action taken for site_1
2024-07-23 10:09:14,630 - Unregistering N3DQG6GYYMWN0EQQ from site_1
2024-07-23 10:09:14,658 - N3DQG6GYYMWN0EQQ successfully unregistered from site_1
2024-07-23 10:09:17,673 - No action taken for site_1
2024-07-23 10:09:19,773 - Unregistering DX93TB8IO59V6W72 from site_1
2024-07-23 10:09:19,804 - DX93TB8IO59V6W72 successfully unregistered from site_1
2024-07-23 10:09:22,708 - Unregistering JBUK5MWVFOGCEGFC from site_1
2024-07-23 10:09:22,739 - JBUK5MWVFOGCEGFC successfully unregistered from site_1
2024-07-23 10:09:30,204 - No action taken for site_1
2024-07-23 10:09:30,437 - No action taken for site_1
2024-07-23 10:09:38,760 - No action taken for site_1
2024-07-23 10:09:43,200 - Unregistering 3WY9WR715L28V0FM from site_1
2024-07-23 10:09:43,232 - 3WY9WR715L28V0FM successfully unregistered from site_1
2024-07-23 10:09:45,098 - No action taken for site_1
2024-07-23 10:09:54,092 - No action taken for site_1
2024-07-23 10:09:59,327 - No action taken for site_1
2024-07-23 10:10:00,219 - No action taken for site_1
2024-07-23 10:10:03,873 - No action taken for site_1
2024-07-23 10:10:10,674 - No action taken for site_1
2024-07-23 10:10:17,852 - No action taken for site_1
2024-07-23 10:10:23,696 - Exiting chaos monkey
