2024-07-23 13:01:01,686 - Starting chaos monkey
2024-07-23 13:01:09,421 - Unregistering HPEPAC1W516V5QAG from site_3
2024-07-23 13:01:09,454 - HPEPAC1W516V5QAG successfully unregistered from site_3
2024-07-23 13:01:13,156 - Unregistering VUF1MABTI2J65HTW from site_2
2024-07-23 13:01:13,222 - VUF1MABTI2J65HTW successfully unregistered from site_2
2024-07-23 13:01:15,611 - Unregistering S2UHBWNKNQQ76GRB from site_2
2024-07-23 13:01:15,698 - S2UHBWNKNQQ76GRB successfully unregistered from site_2
2024-07-23 13:01:19,218 - No action taken for site_1
2024-07-23 13:01:25,063 - Unregistering MGF38GPMI5AB0S0J from site_2
2024-07-23 13:01:25,122 - MGF38GPMI5AB0S0J successfully unregistered from site_2
2024-07-23 13:01:29,235 - No action taken for site_2
2024-07-23 13:01:35,985 - No action taken for site_2
2024-07-23 13:01:45,771 - No action taken for site_1
2024-07-23 13:01:52,748 - No action taken for site_3
2024-07-23 13:02:00,540 - Unregistering 2AFWTY0JPLJQ0H9X from site_2
2024-07-23 13:02:00,591 - 2AFWTY0JPLJQ0H9X successfully unregistered from site_2
2024-07-23 13:02:08,141 - No action taken for site_3
2024-07-23 13:02:11,562 - No action taken for site_2
2024-07-23 13:02:14,785 - No action taken for site_3
2024-07-23 13:02:22,331 - No action taken for site_3
2024-07-23 13:02:27,986 - No action taken for site_2
2024-07-23 13:02:37,881 - No action taken for site_1
2024-07-23 13:02:40,807 - No action taken for site_1
2024-07-23 13:02:46,585 - No action taken for site_3
2024-07-23 13:02:55,939 - Unregistering JFGN0M6MTWXJ9WW7 from site_2
2024-07-23 13:02:55,989 - JFGN0M6MTWXJ9WW7 successfully unregistered from site_2
2024-07-23 13:03:02,984 - No action taken for site_3
2024-07-23 13:03:04,407 - No action taken for site_3
2024-07-23 13:03:13,545 - No action taken for site_2
2024-07-23 13:03:18,906 - No action taken for site_2
2024-07-23 13:03:23,292 - No action taken for site_1
2024-07-23 13:03:25,639 - Unregistering SQNUZ9D59E0XSNAU from site_1
2024-07-23 13:03:25,675 - SQNUZ9D59E0XSNAU successfully unregistered from site_1
2024-07-23 13:03:26,469 - No action taken for site_2
2024-07-23 13:03:33,929 - No action taken for site_1
2024-07-23 13:03:35,417 - No action taken for site_2
2024-07-23 13:03:37,586 - No action taken for site_2
2024-07-23 13:03:43,011 - Unregistering HPEPAC1W516V5QAG from site_3
2024-07-23 13:03:43,041 - HPEPAC1W516V5QAG successfully unregistered from site_3
2024-07-23 13:03:44,025 - No action taken for site_3
2024-07-23 13:03:47,849 - No action taken for site_3
2024-07-23 13:03:57,486 - No action taken for site_1
2024-07-23 13:04:01,384 - No action taken for site_3
2024-07-23 13:04:06,803 - No action taken for site_2
2024-07-23 13:04:12,917 - No action taken for site_2
2024-07-23 13:04:16,041 - Unregistering KHSBRUY5D7Z0WZ0N from site_3
2024-07-23 13:04:16,089 - KHSBRUY5D7Z0WZ0N successfully unregistered from site_3
2024-07-23 13:04:21,006 - No action taken for site_3
2024-07-23 13:04:23,488 - No action taken for site_2
2024-07-23 13:04:29,119 - No action taken for site_3
2024-07-23 13:04:38,499 - No action taken for site_1
2024-07-23 13:04:40,314 - Unregistering 5QY0YDPLJHN5DNDR from site_2
2024-07-23 13:04:40,360 - 5QY0YDPLJHN5DNDR successfully unregistered from site_2
2024-07-23 13:04:49,238 - No action taken for site_2
2024-07-23 13:04:54,838 - No action taken for site_3
2024-07-23 13:04:55,954 - No action taken for site_3
2024-07-23 13:04:58,097 - No action taken for site_2
2024-07-23 13:04:59,067 - No action taken for site_2
2024-07-23 13:05:06,744 - No action taken for site_3
2024-07-23 13:05:16,274 - No action taken for site_3
2024-07-23 13:05:26,130 - No action taken for site_3
2024-07-23 13:05:26,241 - No action taken for site_3
2024-07-23 13:05:34,764 - No action taken for site_2
2024-07-23 13:05:39,063 - Unregistering 5IE0TLERG5MBGG17 from site_1
2024-07-23 13:05:39,094 - 5IE0TLERG5MBGG17 successfully unregistered from site_1
2024-07-23 13:05:48,093 - No action taken for site_3
2024-07-23 13:05:48,514 - No action taken for site_2
2024-07-23 13:05:55,957 - No action taken for site_1
2024-07-23 13:05:57,635 - No action taken for site_1
2024-07-23 13:06:00,083 - No action taken for site_1
2024-07-23 13:06:06,842 - Unregistering 9LGOMO5N6275LLVB from site_1
2024-07-23 13:06:06,879 - 9LGOMO5N6275LLVB successfully unregistered from site_1
2024-07-23 13:06:08,967 - No action taken for site_3
2024-07-23 13:06:11,668 - Exiting chaos monkey
