2024-07-24 09:21:10,672 - Starting chaos monkey
2024-07-24 09:21:14,760 - No action taken for site_2
2024-07-24 09:21:17,835 - No action taken for site_5
2024-07-24 09:21:21,504 - No action taken for site_5
2024-07-24 09:21:28,702 - No action taken for site_1
2024-07-24 09:21:31,035 - No action taken for site_2
2024-07-24 09:21:38,834 - No action taken for site_3
2024-07-24 09:21:40,933 - No action taken for site_1
2024-07-24 09:21:41,908 - No action taken for site_3
2024-07-24 09:21:43,413 - Unregistering WH5TDIIYHHARAGC7 from site_2
2024-07-24 09:21:43,487 - WH5TDIIYHHARAGC7 successfully unregistered from site_2
2024-07-24 09:21:43,685 - No action taken for site_5
2024-07-24 09:21:45,143 - No action taken for site_3
2024-07-24 09:21:52,366 - No action taken for site_5
2024-07-24 09:21:57,887 - No action taken for site_2
2024-07-24 09:22:06,580 - Unregistering YTBSNMH40EZOANXL from site_1
2024-07-24 09:22:06,621 - YTBSNMH40EZOANXL successfully unregistered from site_1
2024-07-24 09:22:11,503 - No action taken for site_1
2024-07-24 09:22:14,245 - No action taken for site_3
2024-07-24 09:22:14,445 - No action taken for site_4
2024-07-24 09:22:20,205 - No action taken for site_2
2024-07-24 09:22:29,510 - No action taken for site_3
2024-07-24 09:22:34,923 - No action taken for site_1
2024-07-24 09:22:42,089 - No action taken for site_4
2024-07-24 09:22:46,502 - No action taken for site_3
2024-07-24 09:22:55,714 - No action taken for site_3
2024-07-24 09:22:59,463 - No action taken for site_5
2024-07-24 09:23:01,361 - Unregistering YJ61L003VRURY5CK from site_5
2024-07-24 09:23:01,437 - YJ61L003VRURY5CK successfully unregistered from site_5
2024-07-24 09:23:01,806 - Unregistering RWEATGUAIY9YKU2L from site_5
2024-07-24 09:23:01,884 - RWEATGUAIY9YKU2L successfully unregistered from site_5
2024-07-24 09:23:05,673 - No action taken for site_2
2024-07-24 09:23:09,258 - No action taken for site_3
2024-07-24 09:23:11,682 - Unregistering 6YTTAEE91QYYM2R5 from site_4
2024-07-24 09:23:11,717 - 6YTTAEE91QYYM2R5 successfully unregistered from site_4
2024-07-24 09:23:16,967 - No action taken for site_2
2024-07-24 09:23:20,312 - No action taken for site_1
2024-07-24 09:23:27,179 - No action taken for site_4
2024-07-24 09:23:36,960 - No action taken for site_2
2024-07-24 09:23:44,982 - No action taken for site_1
2024-07-24 09:23:52,774 - Unregistering N54TP8PI17KZMCP9 from site_3
2024-07-24 09:23:52,864 - N54TP8PI17KZMCP9 successfully unregistered from site_3
2024-07-24 09:23:56,451 - No action taken for site_5
2024-07-24 09:24:02,907 - No action taken for site_3
2024-07-24 09:24:07,106 - No action taken for site_5
2024-07-24 09:24:07,455 - No action taken for site_5
2024-07-24 09:24:09,668 - No action taken for site_2
2024-07-24 09:24:16,504 - No action taken for site_2
2024-07-24 09:24:24,559 - No action taken for site_3
2024-07-24 09:24:25,405 - No action taken for site_4
2024-07-24 09:24:29,470 - No action taken for site_3
2024-07-24 09:24:30,450 - No action taken for site_5
2024-07-24 09:24:39,504 - No action taken for site_1
2024-07-24 09:24:46,501 - No action taken for site_1
2024-07-24 09:24:47,956 - No action taken for site_3
2024-07-24 09:24:48,196 - No action taken for site_4
2024-07-24 09:24:52,431 - Unregistering 7NXLFV1XDKV3Y37I from site_1
2024-07-24 09:24:52,542 - 7NXLFV1XDKV3Y37I successfully unregistered from site_1
2024-07-24 09:25:00,381 - No action taken for site_1
2024-07-24 09:25:05,314 - No action taken for site_4
2024-07-24 09:25:06,954 - Unregistering JFGN0M6MTWXJ9WW7 from site_2
2024-07-24 09:25:07,010 - JFGN0M6MTWXJ9WW7 successfully unregistered from site_2
2024-07-24 09:25:16,691 - No action taken for site_5
2024-07-24 09:25:21,261 - No action taken for site_1
2024-07-24 09:25:25,812 - No action taken for site_4
2024-07-24 09:25:30,348 - No action taken for site_5
2024-07-24 09:25:36,284 - No action taken for site_4
2024-07-24 09:25:41,183 - No action taken for site_3
2024-07-24 09:25:42,794 - No action taken for site_5
2024-07-24 09:25:46,110 - No action taken for site_2
2024-07-24 09:25:54,467 - Unregistering 74HXMUOEBO96682E from site_2
2024-07-24 09:25:54,527 - 74HXMUOEBO96682E successfully unregistered from site_2
2024-07-24 09:26:00,367 - No action taken for site_3
2024-07-24 09:26:05,415 - No action taken for site_4
2024-07-24 09:26:15,348 - No action taken for site_2
2024-07-24 09:26:18,754 - No action taken for site_3
2024-07-24 09:26:24,898 - Unregistering Q14RNHVBIVB6BVRT from site_4
2024-07-24 09:26:24,925 - Q14RNHVBIVB6BVRT successfully unregistered from site_4
2024-07-24 09:26:30,881 - No action taken for site_3
2024-07-24 09:26:40,774 - Unregistering SZOOK8M6CKXPIXBQ from site_2
2024-07-24 09:26:40,855 - SZOOK8M6CKXPIXBQ successfully unregistered from site_2
2024-07-24 09:26:47,606 - Unregistering 099EWVGOTXQPGKDO from site_4
2024-07-24 09:26:47,631 - 099EWVGOTXQPGKDO successfully unregistered from site_4
2024-07-24 09:26:49,080 - Unregistering 0B5R5K6OKIT53YEU from site_1
2024-07-24 09:26:49,113 - 0B5R5K6OKIT53YEU successfully unregistered from site_1
2024-07-24 09:26:55,032 - No action taken for site_1
2024-07-24 09:27:00,227 - No action taken for site_1
2024-07-24 09:27:09,435 - No action taken for site_3
2024-07-24 09:27:09,566 - No action taken for site_5
2024-07-24 09:27:10,768 - No action taken for site_3
2024-07-24 09:27:18,539 - No action taken for site_5
2024-07-24 09:27:23,332 - Unregistering D7JFD2KPNJBN5UGS from site_1
2024-07-24 09:27:23,361 - D7JFD2KPNJBN5UGS successfully unregistered from site_1
2024-07-24 09:27:23,433 - No action taken for site_4
2024-07-24 09:27:26,175 - No action taken for site_1
2024-07-24 09:27:28,869 - No action taken for site_3
2024-07-24 09:27:28,886 - No action taken for site_4
2024-07-24 09:27:32,814 - No action taken for site_2
2024-07-24 09:27:39,106 - No action taken for site_4
2024-07-24 09:27:44,760 - No action taken for site_4
2024-07-24 09:27:47,788 - No action taken for site_5
2024-07-24 09:27:54,192 - No action taken for site_3
2024-07-24 09:27:56,259 - No action taken for site_5
2024-07-24 09:27:56,758 - No action taken for site_3
2024-07-24 09:28:01,249 - No action taken for site_2
2024-07-24 09:28:01,634 - No action taken for site_2
2024-07-24 09:28:07,668 - No action taken for site_4
2024-07-24 09:28:11,243 - No action taken for site_4
2024-07-24 09:28:12,560 - Exiting chaos monkey
