2024-07-24 16:05:37,648 - Chaos monkey started with 5 sites and factor 1. Try 8. Only shutting down: False
2024-07-24 16:05:37,648 - Starting chaos monkey
2024-07-24 16:05:40,021 - No action taken for site_3
2024-07-24 16:05:47,423 - No action taken for site_4
2024-07-24 16:05:51,161 - No action taken for site_5
2024-07-24 16:05:58,764 - No action taken for site_5
2024-07-24 16:06:00,225 - Unregistering J8J73UIRKRWIK6NL from site_2
2024-07-24 16:06:00,516 - J8J73UIRKRWIK6NL successfully unregistered from site_2
2024-07-24 16:06:10,205 - Unregistering T83DBDGZ9K6XQAFV from site_4
2024-07-24 16:06:10,250 - T83DBDGZ9K6XQAFV successfully unregistered from site_4
2024-07-24 16:06:19,597 - No action taken for site_2
2024-07-24 16:06:22,488 - Unregistering YSHKTNBB0KVLPTPI from site_4
2024-07-24 16:06:22,520 - YSHKTNBB0KVLPTPI successfully unregistered from site_4
2024-07-24 16:06:25,332 - No action taken for site_4
2024-07-24 16:06:33,215 - No action taken for site_5
2024-07-24 16:06:42,849 - No action taken for site_3
2024-07-24 16:06:46,707 - site_3: Shutting down {'username': 'admin', 'password': 'admin', 'port': 9000, 'platform': 'huawei_smartax', 'running': True}
2024-07-24 16:06:48,661 - site_3: Starting {'username': 'admin', 'password': 'admin', 'port': 9000, 'platform': 'huawei_smartax', 'running': True}
2024-07-24 16:06:49,174 - No action taken for site_3
2024-07-24 16:06:57,771 - Unregistering FFA1IXG29ZUH0IJ1 from site_3
2024-07-24 16:06:57,824 - FFA1IXG29ZUH0IJ1 successfully unregistered from site_3
2024-07-24 16:07:06,350 - No action taken for site_3
2024-07-24 16:07:09,699 - No action taken for site_2
2024-07-24 16:07:09,726 - No action taken for site_4
2024-07-24 16:07:18,385 - No action taken for site_3
2024-07-24 16:07:26,060 - Unregistering ZDDTAQPYDCYHE7W9 from site_5
2024-07-24 16:07:26,228 - ZDDTAQPYDCYHE7W9 successfully unregistered from site_5
2024-07-24 16:07:33,413 - No action taken for site_4
2024-07-24 16:07:38,807 - No action taken for site_4
2024-07-24 16:07:43,624 - Unregistering 3B9NOS78LGGPWMOF from site_3
2024-07-24 16:07:43,663 - 3B9NOS78LGGPWMOF successfully unregistered from site_3
2024-07-24 16:07:53,091 - No action taken for site_3
2024-07-24 16:07:58,904 - No action taken for site_2
2024-07-24 16:08:08,087 - No action taken for site_2
2024-07-24 16:08:11,091 - No action taken for site_3
2024-07-24 16:08:12,199 - Unregistering 5Y8RD2VDZEPKQZ9N from site_2
2024-07-24 16:08:12,274 - 5Y8RD2VDZEPKQZ9N successfully unregistered from site_2
2024-07-24 16:08:22,180 - No action taken for site_4
2024-07-24 16:08:24,178 - No action taken for site_2
2024-07-24 16:08:28,965 - No action taken for site_1
2024-07-24 16:08:34,023 - Unregistering NQEOCN2RSBQVKUK2 from site_2
2024-07-24 16:08:34,078 - NQEOCN2RSBQVKUK2 successfully unregistered from site_2
2024-07-24 16:08:38,957 - No action taken for site_1
2024-07-24 16:08:48,268 - No action taken for site_1
2024-07-24 16:08:49,409 - Unregistering TSTLM0OL73VS0X0G from site_1
2024-07-24 16:08:49,469 - TSTLM0OL73VS0X0G successfully unregistered from site_1
2024-07-24 16:08:57,079 - No action taken for site_3
2024-07-24 16:09:04,747 - Unregistering 6YTTAEE91QYYM2R5 from site_4
2024-07-24 16:09:04,784 - 6YTTAEE91QYYM2R5 successfully unregistered from site_4
2024-07-24 16:09:06,136 - Unregistering WEX78SOEMF1PAKPI from site_5
2024-07-24 16:09:06,254 - WEX78SOEMF1PAKPI successfully unregistered from site_5
2024-07-24 16:09:07,326 - No action taken for site_1
2024-07-24 16:09:13,601 - No action taken for site_1
2024-07-24 16:09:21,857 - No action taken for site_3
2024-07-24 16:09:22,240 - No action taken for site_2
2024-07-24 16:09:24,738 - No action taken for site_5
2024-07-24 16:09:32,601 - Unregistering BRUVV2ZN98DI8RRC from site_1
2024-07-24 16:09:32,635 - BRUVV2ZN98DI8RRC successfully unregistered from site_1
2024-07-24 16:09:35,222 - No action taken for site_1
2024-07-24 16:09:41,419 - No action taken for site_4
2024-07-24 16:09:43,111 - No action taken for site_4
2024-07-24 16:09:51,001 - No action taken for site_3
2024-07-24 16:09:58,833 - No action taken for site_2
2024-07-24 16:10:06,498 - No action taken for site_1
2024-07-24 16:10:09,253 - No action taken for site_5
2024-07-24 16:10:09,573 - No action taken for site_5
2024-07-24 16:10:12,956 - No action taken for site_4
2024-07-24 16:10:21,494 - Unregistering 3PA0WQ6NYERKR367 from site_3
2024-07-24 16:10:21,534 - 3PA0WQ6NYERKR367 successfully unregistered from site_3
2024-07-24 16:10:29,644 - No action taken for site_5
2024-07-24 16:10:32,096 - No action taken for site_1
2024-07-24 16:10:33,196 - No action taken for site_5
2024-07-24 16:10:38,959 - No action taken for site_2
2024-07-24 16:10:40,799 - Unregistering 0G6HRWHZVAD1WRWH from site_3
2024-07-24 16:10:40,836 - 0G6HRWHZVAD1WRWH successfully unregistered from site_3
2024-07-24 16:10:42,773 - No action taken for site_5
2024-07-24 16:10:51,082 - Unregistering MUKU1OIVUKA4U030 from site_5
2024-07-24 16:10:51,165 - MUKU1OIVUKA4U030 successfully unregistered from site_5
2024-07-24 16:10:57,690 - No action taken for site_2
2024-07-24 16:10:59,337 - Exiting chaos monkey
