2024-07-23 10:12:30,410 - Starting chaos monkey
2024-07-23 10:12:35,610 - No action taken for site_1
2024-07-23 10:12:39,920 - No action taken for site_1
2024-07-23 10:12:46,414 - No action taken for site_1
2024-07-23 10:12:50,226 - No action taken for site_1
2024-07-23 10:12:57,396 - No action taken for site_1
2024-07-23 10:13:01,594 - No action taken for site_1
2024-07-23 10:13:02,028 - No action taken for site_1
2024-07-23 10:13:06,857 - No action taken for site_1
2024-07-23 10:13:12,678 - Unregistering D7JFD2KPNJBN5UGS from site_1
2024-07-23 10:13:12,707 - D7JFD2KPNJBN5UGS successfully unregistered from site_1
2024-07-23 10:13:22,024 - No action taken for site_1
2024-07-23 10:13:29,394 - No action taken for site_1
2024-07-23 10:13:32,535 - No action taken for site_1
2024-07-23 10:13:34,626 - No action taken for site_1
2024-07-23 10:13:43,189 - No action taken for site_1
2024-07-23 10:13:51,804 - No action taken for site_1
2024-07-23 10:13:54,673 - No action taken for site_1
2024-07-23 10:14:01,355 - Unregistering 0W44ZGCC8P7CN84X from site_1
2024-07-23 10:14:01,396 - 0W44ZGCC8P7CN84X successfully unregistered from site_1
2024-07-23 10:14:05,261 - No action taken for site_1
2024-07-23 10:14:07,379 - No action taken for site_1
2024-07-23 10:14:13,456 - No action taken for site_1
2024-07-23 10:14:20,512 - No action taken for site_1
2024-07-23 10:14:23,359 - Unregistering FJ619DVLMHZXK3X4 from site_1
2024-07-23 10:14:23,396 - FJ619DVLMHZXK3X4 successfully unregistered from site_1
2024-07-23 10:14:30,370 - No action taken for site_1
2024-07-23 10:14:38,932 - No action taken for site_1
2024-07-23 10:14:41,272 - No action taken for site_1
2024-07-23 10:14:44,510 - No action taken for site_1
2024-07-23 10:14:54,124 - Unregistering HW888HTMZL5QT0KC from site_1
2024-07-23 10:14:54,152 - HW888HTMZL5QT0KC successfully unregistered from site_1
2024-07-23 10:15:02,815 - No action taken for site_1
2024-07-23 10:15:06,931 - Unregistering DDL9USRSO1NUBIXD from site_1
2024-07-23 10:15:06,964 - DDL9USRSO1NUBIXD successfully unregistered from site_1
2024-07-23 10:15:21,433 - Shutting down {'username': 'admin', 'password': 'admin', 'port': 9000, 'platform': 'huawei_smartax', 'running': True}
2024-07-23 10:15:26,390 - Starting {'username': 'admin', 'password': 'admin', 'port': 9000, 'platform': 'huawei_smartax', 'running': True}
2024-07-23 10:15:31,712 - No action taken for site_1
2024-07-23 10:15:33,792 - No action taken for site_1
2024-07-23 10:15:40,928 - Unregistering D1T1VE6CHM2F5K8I from site_1
2024-07-23 10:15:40,964 - D1T1VE6CHM2F5K8I successfully unregistered from site_1
2024-07-23 10:15:50,312 - No action taken for site_1
2024-07-23 10:16:01,215 - Shutting down {'username': 'admin', 'password': 'admin', 'port': 9000, 'platform': 'huawei_smartax', 'running': True}
2024-07-23 10:16:11,847 - Starting {'username': 'admin', 'password': 'admin', 'port': 9000, 'platform': 'huawei_smartax', 'running': True}
2024-07-23 10:16:20,623 - No action taken for site_1
2024-07-23 10:16:23,720 - No action taken for site_1
2024-07-23 10:16:28,699 - No action taken for site_1
2024-07-23 10:16:36,772 - No action taken for site_1
2024-07-23 10:16:42,851 - No action taken for site_1
2024-07-23 10:16:52,669 - No action taken for site_1
2024-07-23 10:16:56,222 - No action taken for site_1
2024-07-23 10:17:04,155 - No action taken for site_1
2024-07-23 10:17:04,381 - Unregistering 32GBFT9MAAHGKDAO from site_1
2024-07-23 10:17:04,424 - 32GBFT9MAAHGKDAO successfully unregistered from site_1
2024-07-23 10:17:09,621 - Unregistering O4BKNW75NTV9SK6C from site_1
2024-07-23 10:17:09,650 - O4BKNW75NTV9SK6C successfully unregistered from site_1
2024-07-23 10:17:15,749 - Unregistering GC46N0YKUGERKJ84 from site_1
2024-07-23 10:17:15,786 - GC46N0YKUGERKJ84 successfully unregistered from site_1
2024-07-23 10:17:21,122 - No action taken for site_1
2024-07-23 10:17:25,978 - No action taken for site_1
2024-07-23 10:17:27,082 - No action taken for site_1
2024-07-23 10:17:34,163 - No action taken for site_1
2024-07-23 10:17:40,498 - No action taken for site_1
2024-07-23 10:17:42,553 - Shutting down {'username': 'admin', 'password': 'admin', 'port': 9000, 'platform': 'huawei_smartax', 'running': True}
2024-07-23 10:17:44,740 - Exiting chaos monkey
