2024-07-25 09:42:19,313 - Chaos monkey started with 6 sites and factor 1. Try 4. Only shutting down: False
2024-07-25 09:42:19,314 - Starting chaos monkey
2024-07-25 09:42:23,969 - No action taken for site_4
2024-07-25 09:42:27,255 - No action taken for site_5
2024-07-25 09:42:29,413 - No action taken for site_2
2024-07-25 09:42:38,202 - No action taken for site_6
2024-07-25 09:42:42,012 - No action taken for site_2
2024-07-25 09:42:44,125 - No action taken for site_2
2024-07-25 09:42:50,203 - No action taken for site_4
2024-07-25 09:42:59,000 - No action taken for site_6
2024-07-25 09:43:01,506 - No action taken for site_5
2024-07-25 09:43:05,390 - No action taken for site_3
2024-07-25 09:43:06,850 - No action taken for site_3
2024-07-25 09:43:15,544 - No action taken for site_6
2024-07-25 09:43:24,558 - No action taken for site_1
2024-07-25 09:43:33,522 - No action taken for site_1
2024-07-25 09:43:33,948 - No action taken for site_2
2024-07-25 09:43:35,518 - Unregistering WKGVFN8OJKJ3SWB4 from site_6
2024-07-25 09:43:35,558 - WKGVFN8OJKJ3SWB4 successfully unregistered from site_6
2024-07-25 09:43:37,523 - No action taken for site_1
2024-07-25 09:43:42,168 - Unregistering II2GTC16B0LL6YI0 from site_2
2024-07-25 09:43:42,239 - II2GTC16B0LL6YI0 successfully unregistered from site_2
2024-07-25 09:43:51,878 - No action taken for site_6
2024-07-25 09:43:56,969 - No action taken for site_4
2024-07-25 09:43:58,281 - No action taken for site_2
2024-07-25 09:44:07,751 - Unregistering ZH38O47XZPMS5FMG from site_2
2024-07-25 09:44:07,809 - ZH38O47XZPMS5FMG successfully unregistered from site_2
2024-07-25 09:44:16,786 - Unregistering 35Z44VSS3ZW7H8R7 from site_5
2024-07-25 09:44:16,887 - 35Z44VSS3ZW7H8R7 successfully unregistered from site_5
2024-07-25 09:44:18,958 - No action taken for site_6
2024-07-25 09:44:26,805 - Unregistering BZ0SD1FMYN8WCJPR from site_3
2024-07-25 09:44:26,857 - BZ0SD1FMYN8WCJPR successfully unregistered from site_3
2024-07-25 09:44:32,472 - No action taken for site_1
2024-07-25 09:44:40,015 - No action taken for site_5
2024-07-25 09:44:46,676 - Unregistering ZOFHEVHUQ03UIZO3 from site_3
2024-07-25 09:44:46,747 - ZOFHEVHUQ03UIZO3 successfully unregistered from site_3
2024-07-25 09:44:48,158 - No action taken for site_3
2024-07-25 09:44:48,641 - No action taken for site_4
2024-07-25 09:44:49,230 - No action taken for site_5
2024-07-25 09:44:56,701 - No action taken for site_2
2024-07-25 09:45:03,101 - No action taken for site_3
2024-07-25 09:45:09,038 - No action taken for site_1
2024-07-25 09:45:10,641 - No action taken for site_2
2024-07-25 09:45:18,118 - No action taken for site_5
2024-07-25 09:45:26,296 - No action taken for site_1
2024-07-25 09:45:27,550 - No action taken for site_4
2024-07-25 09:45:35,240 - No action taken for site_5
2024-07-25 09:45:38,941 - No action taken for site_1
2024-07-25 09:45:40,627 - Unregistering UZ3JKAIGWOQTKQ92 from site_1
2024-07-25 09:45:40,674 - UZ3JKAIGWOQTKQ92 successfully unregistered from site_1
2024-07-25 09:45:42,701 - No action taken for site_5
2024-07-25 09:45:47,043 - No action taken for site_1
2024-07-25 09:45:53,864 - Unregistering YUGM45B1LS2STP87 from site_3
2024-07-25 09:45:53,923 - YUGM45B1LS2STP87 successfully unregistered from site_3
2024-07-25 09:46:03,387 - No action taken for site_4
2024-07-25 09:46:12,413 - Unregistering 17ICJ4RJLKGU14G8 from site_6
2024-07-25 09:46:12,446 - 17ICJ4RJLKGU14G8 successfully unregistered from site_6
2024-07-25 09:46:14,505 - Unregistering NQHL2Q8J0N9S0E02 from site_1
2024-07-25 09:46:14,567 - NQHL2Q8J0N9S0E02 successfully unregistered from site_1
2024-07-25 09:46:17,867 - No action taken for site_3
2024-07-25 09:46:24,148 - No action taken for site_6
2024-07-25 09:46:32,125 - No action taken for site_1
2024-07-25 09:46:37,041 - No action taken for site_2
2024-07-25 09:46:41,711 - No action taken for site_1
2024-07-25 09:46:45,604 - No action taken for site_4
2024-07-25 09:46:46,165 - No action taken for site_5
2024-07-25 09:46:50,280 - No action taken for site_5
2024-07-25 09:46:53,427 - No action taken for site_6
2024-07-25 09:46:56,688 - No action taken for site_1
2024-07-25 09:47:04,023 - No action taken for site_2
2024-07-25 09:47:12,525 - Unregistering UBIR93ZRR79W08OV from site_3
2024-07-25 09:47:12,559 - UBIR93ZRR79W08OV successfully unregistered from site_3
2024-07-25 09:47:18,648 - No action taken for site_5
2024-07-25 09:47:24,933 - No action taken for site_6
2024-07-25 09:47:29,658 - Unregistering LZRP9NDU2CP6O9MH from site_3
2024-07-25 09:47:29,730 - LZRP9NDU2CP6O9MH successfully unregistered from site_3
2024-07-25 09:47:39,413 - No action taken for site_3
2024-07-25 09:47:45,825 - Exiting chaos monkey
