2024-07-23 09:29:29,962 - Starting chaos monkey
2024-07-23 09:29:33,220 - Unregistering D1T1VE6CHM2F5K8I from site_1
2024-07-23 09:29:33,266 - D1T1VE6CHM2F5K8I successfully unregistered from site_1
2024-07-23 09:29:35,573 - No action taken for site_1
2024-07-23 09:29:39,315 - No action taken for site_1
2024-07-23 09:29:42,381 - No action taken for site_1
2024-07-23 09:29:44,743 - No action taken for site_1
2024-07-23 09:29:45,627 - Unregistering 1EOVVLVUSKP2A3F0 from site_1
2024-07-23 09:29:45,674 - 1EOVVLVUSKP2A3F0 successfully unregistered from site_1
2024-07-23 09:29:54,744 - No action taken for site_1
2024-07-23 09:29:57,797 - No action taken for site_1
2024-07-23 09:29:58,397 - Unregistering SDBQYFMV8SOFT4DT from site_1
2024-07-23 09:29:58,428 - SDBQYFMV8SOFT4DT successfully unregistered from site_1
2024-07-23 09:30:01,085 - No action taken for site_1
2024-07-23 09:30:08,574 - Unregistering 945EJC8X94DMMKVW from site_1
2024-07-23 09:30:08,612 - 945EJC8X94DMMKVW successfully unregistered from site_1
2024-07-23 09:30:13,596 - No action taken for site_1
2024-07-23 09:30:21,186 - No action taken for site_1
2024-07-23 09:30:30,313 - No action taken for site_1
2024-07-23 09:30:30,506 - No action taken for site_1
2024-07-23 09:30:39,123 - No action taken for site_1
2024-07-23 09:30:46,676 - No action taken for site_1
2024-07-23 09:30:48,865 - No action taken for site_1
2024-07-23 09:30:58,464 - No action taken for site_1
2024-07-23 09:30:59,496 - No action taken for site_1
2024-07-23 09:31:03,966 - Unregistering QWPQYROB0209B6NR from site_1
2024-07-23 09:31:03,997 - QWPQYROB0209B6NR successfully unregistered from site_1
2024-07-23 09:31:04,998 - No action taken for site_1
2024-07-23 09:31:05,899 - No action taken for site_1
2024-07-23 09:31:06,659 - Unregistering VLAAEYTXDPCF3E1C from site_1
2024-07-23 09:31:06,688 - VLAAEYTXDPCF3E1C successfully unregistered from site_1
2024-07-23 09:31:11,750 - No action taken for site_1
2024-07-23 09:31:19,158 - No action taken for site_1
2024-07-23 09:31:28,299 - No action taken for site_1
2024-07-23 09:31:36,385 - No action taken for site_1
2024-07-23 09:31:41,688 - Unregistering EL2RB6RNXV9J9DKQ from site_1
2024-07-23 09:31:41,719 - EL2RB6RNXV9J9DKQ successfully unregistered from site_1
2024-07-23 09:31:45,872 - No action taken for site_1
2024-07-23 09:31:50,622 - No action taken for site_1
2024-07-23 09:31:52,751 - No action taken for site_1
2024-07-23 09:31:56,621 - Unregistering TSTLM0OL73VS0X0G from site_1
2024-07-23 09:31:56,656 - TSTLM0OL73VS0X0G successfully unregistered from site_1
2024-07-23 09:32:03,978 - Unregistering TZOGWGT17A3BWO2L from site_1
2024-07-23 09:32:04,008 - TZOGWGT17A3BWO2L successfully unregistered from site_1
2024-07-23 09:32:09,319 - Unregistering LDI2IYRXPL4AKPTT from site_1
2024-07-23 09:32:09,350 - LDI2IYRXPL4AKPTT successfully unregistered from site_1
2024-07-23 09:32:10,002 - No action taken for site_1
2024-07-23 09:32:12,429 - Unregistering 0NP7E33EJU8VO78C from site_1
2024-07-23 09:32:12,459 - 0NP7E33EJU8VO78C successfully unregistered from site_1
2024-07-23 09:32:15,330 - Unregistering IRWRULFBO9WETC46 from site_1
2024-07-23 09:32:15,360 - IRWRULFBO9WETC46 successfully unregistered from site_1
2024-07-23 09:32:20,296 - Unregistering A81IV6WL9GVGG4HF from site_1
2024-07-23 09:32:20,337 - A81IV6WL9GVGG4HF successfully unregistered from site_1
2024-07-23 09:32:28,667 - No action taken for site_1
2024-07-23 09:32:34,513 - No action taken for site_1
2024-07-23 09:32:41,088 - No action taken for site_1
2024-07-23 09:32:41,752 - No action taken for site_1
2024-07-23 09:32:48,736 - No action taken for site_1
2024-07-23 09:32:54,021 - No action taken for site_1
2024-07-23 09:32:56,407 - No action taken for site_1
2024-07-23 09:32:56,578 - Unregistering RW7EVIYJNVA1AHGT from site_1
2024-07-23 09:32:56,618 - RW7EVIYJNVA1AHGT successfully unregistered from site_1
2024-07-23 09:33:03,683 - No action taken for site_1
2024-07-23 09:33:12,464 - No action taken for site_1
2024-07-23 09:33:19,403 - No action taken for site_1
2024-07-23 09:33:23,855 - No action taken for site_1
2024-07-23 09:33:26,280 - No action taken for site_1
2024-07-23 09:33:31,944 - No action taken for site_1
2024-07-23 09:33:40,809 - No action taken for site_1
2024-07-23 09:33:41,920 - No action taken for site_1
2024-07-23 09:33:50,157 - No action taken for site_1
2024-07-23 09:33:56,279 - Unregistering YTBSNMH40EZOANXL from site_1
2024-07-23 09:33:56,314 - YTBSNMH40EZOANXL successfully unregistered from site_1
2024-07-23 09:33:58,934 - No action taken for site_1
2024-07-23 09:34:04,692 - No action taken for site_1
2024-07-23 09:34:08,816 - No action taken for site_1
2024-07-23 09:34:09,315 - No action taken for site_1
2024-07-23 09:34:16,481 - Unregistering VUY0MQP833W2XXKL from site_1
2024-07-23 09:34:16,512 - VUY0MQP833W2XXKL successfully unregistered from site_1
2024-07-23 09:34:17,771 - Unregistering T7OV3TR15LAA5WSS from site_1
2024-07-23 09:34:17,818 - T7OV3TR15LAA5WSS successfully unregistered from site_1
2024-07-23 09:34:19,157 - No action taken for site_1
2024-07-23 09:34:26,877 - No action taken for site_1
2024-07-23 09:34:35,476 - No action taken for site_1
2024-07-23 09:34:42,950 - Exiting chaos monkey
