2024-07-23 12:47:28,206 - Starting chaos monkey
2024-07-23 12:47:36,933 - No action taken for site_3
2024-07-23 12:47:44,115 - No action taken for site_1
2024-07-23 12:47:48,045 - No action taken for site_3
2024-07-23 12:47:48,415 - No action taken for site_3
2024-07-23 12:47:50,782 - No action taken for site_1
2024-07-23 12:47:57,427 - Unregistering WGIBIQRNW7RN70R5 from site_3
2024-07-23 12:47:57,527 - WGIBIQRNW7RN70R5 successfully unregistered from site_3
2024-07-23 12:48:01,525 - No action taken for site_2
2024-07-23 12:48:05,734 - No action taken for site_3
2024-07-23 12:48:15,114 - No action taken for site_1
2024-07-23 12:48:22,184 - No action taken for site_1
2024-07-23 12:48:22,372 - No action taken for site_2
2024-07-23 12:48:28,306 - No action taken for site_1
2024-07-23 12:48:34,504 - No action taken for site_2
2024-07-23 12:48:36,645 - No action taken for site_1
2024-07-23 12:48:45,693 - Unregistering F38IG5TCKUK7A99B from site_2
2024-07-23 12:48:45,768 - F38IG5TCKUK7A99B successfully unregistered from site_2
2024-07-23 12:48:50,555 - Unregistering 5V5WRCEHUDMVC1AV from site_1
2024-07-23 12:48:50,639 - 5V5WRCEHUDMVC1AV successfully unregistered from site_1
2024-07-23 12:48:51,614 - No action taken for site_1
2024-07-23 12:48:57,975 - No action taken for site_3
2024-07-23 12:49:02,328 - No action taken for site_2
2024-07-23 12:49:08,587 - No action taken for site_2
2024-07-23 12:49:17,367 - No action taken for site_3
2024-07-23 12:49:20,431 - Unregistering 6W6B0QRE0RTBK2FD from site_3
2024-07-23 12:49:20,465 - 6W6B0QRE0RTBK2FD successfully unregistered from site_3
2024-07-23 12:49:21,821 - No action taken for site_2
2024-07-23 12:49:24,869 - No action taken for site_1
2024-07-23 12:49:30,031 - No action taken for site_1
2024-07-23 12:49:34,535 - No action taken for site_2
2024-07-23 12:49:43,676 - No action taken for site_2
2024-07-23 12:49:45,167 - No action taken for site_3
2024-07-23 12:49:54,386 - No action taken for site_2
2024-07-23 12:49:54,437 - Unregistering 0G6HRWHZVAD1WRWH from site_3
2024-07-23 12:49:54,491 - 0G6HRWHZVAD1WRWH successfully unregistered from site_3
2024-07-23 12:50:01,032 - No action taken for site_3
2024-07-23 12:50:01,624 - Unregistering 32GBFT9MAAHGKDAO from site_1
2024-07-23 12:50:01,671 - 32GBFT9MAAHGKDAO successfully unregistered from site_1
2024-07-23 12:50:09,836 - No action taken for site_1
2024-07-23 12:50:13,428 - No action taken for site_3
2024-07-23 12:50:18,576 - No action taken for site_3
2024-07-23 12:50:24,658 - Unregistering 0B5R5K6OKIT53YEU from site_1
2024-07-23 12:50:24,700 - 0B5R5K6OKIT53YEU successfully unregistered from site_1
2024-07-23 12:50:33,269 - Unregistering 49TAI6WVTQ40A46W from site_3
2024-07-23 12:50:33,300 - 49TAI6WVTQ40A46W successfully unregistered from site_3
2024-07-23 12:50:33,801 - No action taken for site_2
2024-07-23 12:50:38,510 - Unregistering ATHYPD0CAOC05WAP from site_3
2024-07-23 12:50:38,581 - ATHYPD0CAOC05WAP successfully unregistered from site_3
2024-07-23 12:50:48,511 - No action taken for site_1
2024-07-23 12:50:58,321 - No action taken for site_1
2024-07-23 12:51:02,253 - No action taken for site_3
2024-07-23 12:51:07,008 - No action taken for site_2
2024-07-23 12:51:15,088 - No action taken for site_1
2024-07-23 12:51:24,869 - Unregistering PWMAZ8WB4IQEN1C2 from site_3
2024-07-23 12:51:24,905 - PWMAZ8WB4IQEN1C2 successfully unregistered from site_3
2024-07-23 12:51:29,374 - No action taken for site_2
2024-07-23 12:51:36,007 - No action taken for site_2
2024-07-23 12:51:43,344 - No action taken for site_2
2024-07-23 12:51:50,456 - No action taken for site_1
2024-07-23 12:51:52,460 - Unregistering NJ4NCOCDNOOGJLCU from site_2
2024-07-23 12:51:52,507 - NJ4NCOCDNOOGJLCU successfully unregistered from site_2
2024-07-23 12:51:53,906 - Unregistering H3YMLKPTK5L85A7N from site_1
2024-07-23 12:51:53,948 - H3YMLKPTK5L85A7N successfully unregistered from site_1
2024-07-23 12:51:54,006 - No action taken for site_1
2024-07-23 12:52:02,209 - Unregistering GOVJJ9I95XMRKCAQ from site_1
2024-07-23 12:52:02,258 - GOVJJ9I95XMRKCAQ successfully unregistered from site_1
2024-07-23 12:52:05,288 - No action taken for site_2
2024-07-23 12:52:13,653 - No action taken for site_1
2024-07-23 12:52:18,173 - No action taken for site_3
2024-07-23 12:52:25,788 - No action taken for site_3
2024-07-23 12:52:35,302 - No action taken for site_2
2024-07-23 12:52:44,349 - No action taken for site_2
2024-07-23 12:52:49,508 - No action taken for site_1
2024-07-23 12:52:52,325 - No action taken for site_3
2024-07-23 12:53:01,903 - No action taken for site_1
2024-07-23 12:53:11,288 - No action taken for site_2
2024-07-23 12:53:14,520 - Exiting chaos monkey
