2024-07-23 11:13:49,964 - Starting chaos monkey
2024-07-23 11:13:52,984 - No action taken for site_1
2024-07-23 11:14:01,408 - Unregistering 74HXMUOEBO96682E from site_2
2024-07-23 11:14:01,594 - 74HXMUOEBO96682E successfully unregistered from site_2
2024-07-23 11:14:10,350 - No action taken for site_1
2024-07-23 11:14:14,858 - No action taken for site_1
2024-07-23 11:14:20,928 - No action taken for site_1
2024-07-23 11:14:25,741 - Unregistering 1PL246S8Z8WH3V4T from site_2
2024-07-23 11:14:25,804 - 1PL246S8Z8WH3V4T successfully unregistered from site_2
2024-07-23 11:14:30,715 - No action taken for site_2
2024-07-23 11:14:34,325 - Unregistering B1VAIKU7J1S5DZKF from site_1
2024-07-23 11:14:34,367 - B1VAIKU7J1S5DZKF successfully unregistered from site_1
2024-07-23 11:14:41,828 - No action taken for site_1
2024-07-23 11:14:43,207 - No action taken for site_2
2024-07-23 11:14:52,227 - No action taken for site_2
2024-07-23 11:14:57,267 - No action taken for site_2
2024-07-23 11:14:59,111 - No action taken for site_2
2024-07-23 11:15:08,962 - No action taken for site_2
2024-07-23 11:15:09,410 - No action taken for site_2
2024-07-23 11:15:10,570 - No action taken for site_2
2024-07-23 11:15:20,535 - No action taken for site_1
2024-07-23 11:15:22,084 - No action taken for site_2
2024-07-23 11:15:28,606 - No action taken for site_2
2024-07-23 11:15:38,228 - No action taken for site_1
2024-07-23 11:15:41,470 - No action taken for site_2
2024-07-23 11:15:41,900 - Unregistering 5XNBB5JLD78MDCTG from site_2
2024-07-23 11:15:41,958 - 5XNBB5JLD78MDCTG successfully unregistered from site_2
2024-07-23 11:15:49,747 - No action taken for site_2
2024-07-23 11:16:08,558 - Shutting down {'username': 'admin', 'password': 'admin', 'port': 9000, 'platform': 'huawei_smartax', 'running': True}
2024-07-23 11:16:10,920 - Starting {'username': 'admin', 'password': 'admin', 'port': 9000, 'platform': 'huawei_smartax', 'running': True}
2024-07-23 11:16:20,213 - No action taken for site_2
2024-07-23 11:16:27,438 - Unregistering 5Y8RD2VDZEPKQZ9N from site_2
2024-07-23 11:16:27,553 - 5Y8RD2VDZEPKQZ9N successfully unregistered from site_2
2024-07-23 11:16:36,091 - No action taken for site_2
2024-07-23 11:16:38,249 - Unregistering DDL9USRSO1NUBIXD from site_1
2024-07-23 11:16:38,301 - DDL9USRSO1NUBIXD successfully unregistered from site_1
2024-07-23 11:16:47,533 - No action taken for site_1
2024-07-23 11:16:54,262 - No action taken for site_1
2024-07-23 11:16:59,672 - No action taken for site_2
2024-07-23 11:17:06,891 - No action taken for site_2
2024-07-23 11:17:10,224 - Unregistering CL4O726MLJJ7NK93 from site_2
2024-07-23 11:17:10,280 - CL4O726MLJJ7NK93 successfully unregistered from site_2
2024-07-23 11:17:17,691 - Unregistering 16XRPNLJYFG6AG03 from site_2
2024-07-23 11:17:17,747 - 16XRPNLJYFG6AG03 successfully unregistered from site_2
2024-07-23 11:17:21,434 - No action taken for site_1
2024-07-23 11:17:26,508 - Unregistering WSSVD12MWAUFM1M5 from site_1
2024-07-23 11:17:26,536 - WSSVD12MWAUFM1M5 successfully unregistered from site_1
2024-07-23 11:17:27,601 - No action taken for site_2
2024-07-23 11:17:27,826 - No action taken for site_1
2024-07-23 11:17:33,131 - No action taken for site_2
2024-07-23 11:17:39,720 - No action taken for site_1
2024-07-23 11:17:39,814 - No action taken for site_2
2024-07-23 11:17:39,817 - No action taken for site_1
2024-07-23 11:17:48,115 - No action taken for site_2
2024-07-23 11:17:50,368 - Unregistering W2RH4WIN1PJ1MH1O from site_2
2024-07-23 11:17:50,414 - W2RH4WIN1PJ1MH1O successfully unregistered from site_2
2024-07-23 11:17:53,188 - No action taken for site_1
2024-07-23 11:17:59,634 - No action taken for site_2
2024-07-23 11:18:08,481 - No action taken for site_2
2024-07-23 11:18:09,226 - No action taken for site_1
2024-07-23 11:18:09,469 - No action taken for site_1
2024-07-23 11:18:18,417 - No action taken for site_2
2024-07-23 11:18:27,126 - No action taken for site_2
2024-07-23 11:18:34,195 - Unregistering 7MAFK96HRTPMR4A0 from site_1
2024-07-23 11:18:34,230 - 7MAFK96HRTPMR4A0 successfully unregistered from site_1
2024-07-23 11:18:37,383 - No action taken for site_2
2024-07-23 11:18:39,587 - No action taken for site_2
2024-07-23 11:18:46,657 - No action taken for site_2
2024-07-23 11:18:56,654 - No action taken for site_1
2024-07-23 11:19:02,955 - No action taken for site_1
2024-07-23 11:19:03,036 - No action taken for site_1
2024-07-23 11:19:09,788 - No action taken for site_2
2024-07-23 11:19:18,283 - No action taken for site_1
2024-07-23 11:19:19,535 - Unregistering 6GY2VCWSXTC0MH4T from site_2
2024-07-23 11:19:19,583 - 6GY2VCWSXTC0MH4T successfully unregistered from site_2
2024-07-23 11:19:27,562 - No action taken for site_1
2024-07-23 11:19:36,499 - No action taken for site_1
2024-07-23 11:19:41,695 - No action taken for site_2
2024-07-23 11:19:47,156 - No action taken for site_2
2024-07-23 11:19:49,210 - No action taken for site_2
2024-07-23 11:19:50,255 - No action taken for site_1
2024-07-23 11:19:52,238 - No action taken for site_2
2024-07-23 11:19:54,484 - No action taken for site_2
2024-07-23 11:20:01,941 - Unregistering 32GBFT9MAAHGKDAO from site_1
2024-07-23 11:20:01,974 - 32GBFT9MAAHGKDAO successfully unregistered from site_1
2024-07-23 11:20:03,399 - No action taken for site_1
2024-07-23 11:20:09,635 - Unregistering 2IAEG6A6HIJ62K8O from site_2
2024-07-23 11:20:09,695 - 2IAEG6A6HIJ62K8O successfully unregistered from site_2
2024-07-23 11:20:13,584 - No action taken for site_2
2024-07-23 11:20:23,120 - Unregistering EX576SH3QLTC0BTV from site_1
2024-07-23 11:20:23,162 - EX576SH3QLTC0BTV successfully unregistered from site_1
2024-07-23 11:20:25,434 - No action taken for site_1
2024-07-23 11:20:31,801 - No action taken for site_2
2024-07-23 11:20:33,834 - Unregistering 1FW5X3UTBSOTVDHZ from site_1
2024-07-23 11:20:33,865 - 1FW5X3UTBSOTVDHZ successfully unregistered from site_1
2024-07-23 11:20:35,707 - Unregistering LMIHGNWFFWN2G2G7 from site_2
2024-07-23 11:20:35,764 - LMIHGNWFFWN2G2G7 successfully unregistered from site_2
2024-07-23 11:20:45,113 - No action taken for site_1
2024-07-23 11:20:51,222 - Unregistering KG2ARP8YD6G8Z3MX from site_1
2024-07-23 11:20:51,251 - KG2ARP8YD6G8Z3MX successfully unregistered from site_1
2024-07-23 11:20:53,118 - Unregistering V6CS7LTV0GWDU711 from site_2
2024-07-23 11:20:53,168 - V6CS7LTV0GWDU711 successfully unregistered from site_2
2024-07-23 11:21:02,131 - Exiting chaos monkey
