2024-07-25 09:51:04,318 - Chaos monkey started with 6 sites and factor 1. Try 5. Only shutting down: False
2024-07-25 09:51:04,318 - Starting chaos monkey
2024-07-25 09:51:10,482 - No action taken for site_1
2024-07-25 09:51:18,557 - No action taken for site_4
2024-07-25 09:51:25,595 - No action taken for site_3
2024-07-25 09:51:30,503 - No action taken for site_4
2024-07-25 09:51:35,115 - Unregistering H27BDKA9LXDM7LCZ from site_5
2024-07-25 09:51:35,185 - H27BDKA9LXDM7LCZ successfully unregistered from site_5
2024-07-25 09:51:35,887 - No action taken for site_3
2024-07-25 09:51:43,166 - No action taken for site_1
2024-07-25 09:51:43,887 - No action taken for site_5
2024-07-25 09:51:47,082 - Unregistering 9L4I3GMBUXVIL21F from site_2
2024-07-25 09:51:47,222 - 9L4I3GMBUXVIL21F successfully unregistered from site_2
2024-07-25 09:51:57,020 - No action taken for site_6
2024-07-25 09:51:59,111 - No action taken for site_4
2024-07-25 09:52:03,773 - No action taken for site_3
2024-07-25 09:52:08,430 - Unregistering MBA5YVK967XU9O9L from site_2
2024-07-25 09:52:08,526 - MBA5YVK967XU9O9L successfully unregistered from site_2
2024-07-25 09:52:15,329 - No action taken for site_4
2024-07-25 09:52:24,151 - Unregistering 8FASMKBCERZ85J87 from site_5
2024-07-25 09:52:24,244 - 8FASMKBCERZ85J87 successfully unregistered from site_5
2024-07-25 09:52:26,998 - No action taken for site_5
2024-07-25 09:52:29,008 - No action taken for site_1
2024-07-25 09:52:37,581 - No action taken for site_3
2024-07-25 09:52:44,496 - No action taken for site_2
2024-07-25 09:52:54,464 - No action taken for site_4
2024-07-25 09:52:55,682 - No action taken for site_2
2024-07-25 09:52:58,077 - No action taken for site_4
2024-07-25 09:53:02,968 - No action taken for site_1
2024-07-25 09:53:07,199 - No action taken for site_1
2024-07-25 09:53:15,742 - Unregistering QV5QEEDFNS3ODSVI from site_5
2024-07-25 09:53:15,832 - QV5QEEDFNS3ODSVI successfully unregistered from site_5
2024-07-25 09:53:20,505 - No action taken for site_6
2024-07-25 09:53:29,472 - No action taken for site_5
2024-07-25 09:53:38,065 - No action taken for site_6
2024-07-25 09:53:45,061 - No action taken for site_1
2024-07-25 09:53:54,494 - No action taken for site_2
2024-07-25 09:53:56,521 - No action taken for site_3
2024-07-25 09:53:59,198 - No action taken for site_6
2024-07-25 09:54:01,481 - No action taken for site_2
2024-07-25 09:54:07,304 - site_6: Shutting down {'username': 'admin', 'password': 'admin', 'port': 9000, 'platform': 'huawei_smartax', 'running': True}
2024-07-25 09:54:16,787 - site_6: Starting {'username': 'admin', 'password': 'admin', 'port': 9000, 'platform': 'huawei_smartax', 'running': True}
2024-07-25 09:54:24,588 - No action taken for site_2
2024-07-25 09:54:31,582 - No action taken for site_1
2024-07-25 09:54:37,744 - No action taken for site_5
2024-07-25 09:54:42,683 - No action taken for site_3
2024-07-25 09:54:49,739 - Unregistering 3Y1Z0XRJK25SFXPX from site_1
2024-07-25 09:54:49,791 - 3Y1Z0XRJK25SFXPX successfully unregistered from site_1
2024-07-25 09:54:51,645 - No action taken for site_1
2024-07-25 09:54:52,203 - No action taken for site_4
2024-07-25 09:54:56,574 - Unregistering W81OTG85LTDNIZKM from site_1
2024-07-25 09:54:56,617 - W81OTG85LTDNIZKM successfully unregistered from site_1
2024-07-25 09:55:00,861 - No action taken for site_5
2024-07-25 09:55:01,430 - No action taken for site_6
2024-07-25 09:55:10,098 - Unregistering UWDFIXTCKU2JYZA8 from site_1
2024-07-25 09:55:10,212 - UWDFIXTCKU2JYZA8 successfully unregistered from site_1
2024-07-25 09:55:14,843 - No action taken for site_4
2024-07-25 09:55:23,323 - No action taken for site_2
2024-07-25 09:55:32,452 - No action taken for site_4
2024-07-25 09:55:33,938 - Unregistering YLX19UIPYHY8M7RZ from site_6
2024-07-25 09:55:33,978 - YLX19UIPYHY8M7RZ successfully unregistered from site_6
2024-07-25 09:55:40,694 - Unregistering 5DMAIKPWL5XQ4WKN from site_2
2024-07-25 09:55:40,780 - 5DMAIKPWL5XQ4WKN successfully unregistered from site_2
2024-07-25 09:55:42,866 - No action taken for site_5
2024-07-25 09:55:49,369 - No action taken for site_2
2024-07-25 09:55:55,971 - No action taken for site_1
2024-07-25 09:55:59,828 - No action taken for site_2
2024-07-25 09:56:06,443 - Unregistering ABBPW2S0470DCFTG from site_5
2024-07-25 09:56:06,542 - ABBPW2S0470DCFTG successfully unregistered from site_5
2024-07-25 09:56:08,144 - No action taken for site_3
2024-07-25 09:56:16,579 - No action taken for site_6
2024-07-25 09:56:18,659 - Exiting chaos monkey

