2024-07-23 09:49:19,555 - Starting chaos monkey
2024-07-23 09:49:25,305 - No action taken for site_1
2024-07-23 09:49:27,005 - Unregistering VBC68SD0U8AF3IIM from site_1
2024-07-23 09:49:27,035 - VBC68SD0U8AF3IIM successfully unregistered from site_1
2024-07-23 09:49:34,632 - No action taken for site_1
2024-07-23 09:49:38,350 - No action taken for site_1
2024-07-23 09:49:48,221 - Unregistering ED8BURNCTPMFBZC0 from site_1
2024-07-23 09:49:48,253 - ED8BURNCTPMFBZC0 successfully unregistered from site_1
2024-07-23 09:49:48,413 - No action taken for site_1
2024-07-23 09:49:53,987 - Unregistering MMH7MC4PTHNLFE39 from site_1
2024-07-23 09:49:54,052 - MMH7MC4PTHNLFE39 successfully unregistered from site_1
2024-07-23 09:49:59,325 - No action taken for site_1
2024-07-23 09:50:02,637 - No action taken for site_1
2024-07-23 09:50:11,187 - No action taken for site_1
2024-07-23 09:50:14,522 - No action taken for site_1
2024-07-23 09:50:15,736 - No action taken for site_1
2024-07-23 09:50:18,604 - No action taken for site_1
2024-07-23 09:50:19,048 - No action taken for site_1
2024-07-23 09:50:27,956 - Unregistering 3YWO8SH2ZSKBWWHV from site_1
2024-07-23 09:50:27,990 - 3YWO8SH2ZSKBWWHV successfully unregistered from site_1
2024-07-23 09:50:36,995 - No action taken for site_1
2024-07-23 09:50:45,367 - No action taken for site_1
2024-07-23 09:50:51,892 - No action taken for site_1
2024-07-23 09:50:53,867 - No action taken for site_1
2024-07-23 09:50:56,826 - No action taken for site_1
2024-07-23 09:51:00,604 - No action taken for site_1
2024-07-23 09:51:04,745 - No action taken for site_1
2024-07-23 09:51:08,966 - No action taken for site_1
2024-07-23 09:51:16,745 - No action taken for site_1
2024-07-23 09:51:23,726 - No action taken for site_1
2024-07-23 09:51:31,731 - No action taken for site_1
2024-07-23 09:51:33,482 - No action taken for site_1
2024-07-23 09:51:39,319 - No action taken for site_1
2024-07-23 09:51:48,810 - No action taken for site_1
2024-07-23 09:51:51,488 - No action taken for site_1
2024-07-23 09:51:54,078 - Unregistering YX1NIJFD91BV3T60 from site_1
2024-07-23 09:51:54,106 - YX1NIJFD91BV3T60 successfully unregistered from site_1
2024-07-23 09:51:55,063 - No action taken for site_1
2024-07-23 09:51:55,294 - No action taken for site_1
2024-07-23 09:52:01,294 - No action taken for site_1
2024-07-23 09:52:11,096 - No action taken for site_1
2024-07-23 09:52:17,961 - No action taken for site_1
2024-07-23 09:52:19,666 - No action taken for site_1
2024-07-23 09:52:29,337 - No action taken for site_1
2024-07-23 09:52:32,933 - No action taken for site_1
2024-07-23 09:52:36,001 - No action taken for site_1
2024-07-23 09:52:36,783 - No action taken for site_1
2024-07-23 09:52:37,292 - No action taken for site_1
2024-07-23 09:52:39,337 - No action taken for site_1
2024-07-23 09:52:47,726 - No action taken for site_1
2024-07-23 09:52:54,241 - No action taken for site_1
2024-07-23 09:53:01,893 - No action taken for site_1
2024-07-23 09:53:05,985 - Unregistering IRWRULFBO9WETC46 from site_1
2024-07-23 09:53:06,016 - IRWRULFBO9WETC46 successfully unregistered from site_1
2024-07-23 09:53:14,554 - No action taken for site_1
2024-07-23 09:53:16,794 - Unregistering 74564TEGXW1SL1I5 from site_1
2024-07-23 09:53:16,836 - 74564TEGXW1SL1I5 successfully unregistered from site_1
2024-07-23 09:53:18,123 - No action taken for site_1
2024-07-23 09:53:19,352 - No action taken for site_1
2024-07-23 09:53:28,458 - No action taken for site_1
2024-07-23 09:53:29,028 - No action taken for site_1
2024-07-23 09:53:31,737 - No action taken for site_1
2024-07-23 09:53:40,200 - No action taken for site_1
2024-07-23 09:53:43,978 - No action taken for site_1
2024-07-23 09:53:52,334 - No action taken for site_1
2024-07-23 09:53:52,461 - No action taken for site_1
2024-07-23 09:53:53,859 - No action taken for site_1
2024-07-23 09:53:54,200 - No action taken for site_1
2024-07-23 09:54:02,487 - No action taken for site_1
2024-07-23 09:54:07,668 - No action taken for site_1
2024-07-23 09:54:08,917 - No action taken for site_1
2024-07-23 09:54:15,637 - No action taken for site_1
2024-07-23 09:54:23,344 - No action taken for site_1
2024-07-23 09:54:24,416 - No action taken for site_1
2024-07-23 09:54:33,377 - No action taken for site_1
2024-07-23 09:54:35,000 - No action taken for site_1
2024-07-23 09:54:42,539 - No action taken for site_1
2024-07-23 09:54:51,863 - No action taken for site_1
2024-07-23 09:54:56,492 - No action taken for site_1
2024-07-23 09:55:00,385 - No action taken for site_1
2024-07-23 09:55:06,725 - No action taken for site_1
2024-07-23 09:55:15,253 - Unregistering 3YWO8SH2ZSKBWWHV from site_1
2024-07-23 09:55:15,297 - 3YWO8SH2ZSKBWWHV successfully unregistered from site_1
2024-07-23 09:55:23,717 - No action taken for site_1
2024-07-23 09:55:33,247 - No action taken for site_1
2024-07-23 09:55:39,850 - No action taken for site_1
2024-07-23 09:55:41,573 - No action taken for site_1
2024-07-23 09:55:50,249 - No action taken for site_1
2024-07-23 09:55:50,702 - No action taken for site_1
2024-07-23 09:55:51,818 - Unregistering YP0M58LIZ2HY13U8 from site_1
2024-07-23 09:55:51,881 - YP0M58LIZ2HY13U8 successfully unregistered from site_1
2024-07-23 09:55:55,706 - No action taken for site_1
2024-07-23 09:55:56,484 - No action taken for site_1
2024-07-23 09:56:00,464 - No action taken for site_1
2024-07-23 09:56:01,145 - No action taken for site_1
2024-07-23 09:56:10,522 - No action taken for site_1
2024-07-23 09:56:15,941 - No action taken for site_1
2024-07-23 09:56:21,206 - No action taken for site_1
2024-07-23 09:56:26,449 - No action taken for site_1
2024-07-23 09:56:34,124 - No action taken for site_1
2024-07-23 09:56:34,607 - Unregistering 74564TEGXW1SL1I5 from site_1
2024-07-23 09:56:34,659 - 74564TEGXW1SL1I5 successfully unregistered from site_1
2024-07-23 09:56:38,517 - No action taken for site_1
2024-07-23 09:56:41,278 - No action taken for site_1
2024-07-23 09:56:45,503 - No action taken for site_1
2024-07-23 09:56:46,662 - No action taken for site_1
2024-07-23 09:56:51,277 - No action taken for site_1
2024-07-23 09:56:59,676 - No action taken for site_1
2024-07-23 09:57:01,941 - No action taken for site_1
2024-07-23 09:57:10,758 - No action taken for site_1
2024-07-23 09:57:20,710 - No action taken for site_1
2024-07-23 09:57:26,519 - No action taken for site_1
2024-07-23 09:57:29,714 - Exiting chaos monkey
