2024-07-24 15:56:19,463 - Chaos monkey started with 5 sites and factor 1. Try 7. Only shutting down: False
2024-07-24 15:56:19,463 - Starting chaos monkey
2024-07-24 15:56:26,200 - Unregistering A81IV6WL9GVGG4HF from site_1
2024-07-24 15:56:26,290 - A81IV6WL9GVGG4HF successfully unregistered from site_1
2024-07-24 15:56:29,485 - No action taken for site_3
2024-07-24 15:56:36,927 - No action taken for site_1
2024-07-24 15:56:43,272 - No action taken for site_3
2024-07-24 15:56:48,729 - No action taken for site_4
2024-07-24 15:56:57,341 - No action taken for site_4
2024-07-24 15:57:05,441 - No action taken for site_3
2024-07-24 15:57:06,843 - No action taken for site_2
2024-07-24 15:57:15,835 - No action taken for site_3
2024-07-24 15:57:18,162 - No action taken for site_5
2024-07-24 15:57:21,363 - No action taken for site_2
2024-07-24 15:57:26,798 - No action taken for site_1
2024-07-24 15:57:34,786 - Unregistering GIHB0F7H8UKL3D6Q from site_5
2024-07-24 15:57:34,858 - GIHB0F7H8UKL3D6Q successfully unregistered from site_5
2024-07-24 15:57:35,757 - No action taken for site_2
2024-07-24 15:57:39,975 - No action taken for site_2
2024-07-24 15:57:42,973 - No action taken for site_1
2024-07-24 15:57:49,682 - No action taken for site_4
2024-07-24 15:57:53,263 - No action taken for site_1
2024-07-24 15:57:54,315 - No action taken for site_4
2024-07-24 15:58:04,235 - Unregistering QK6R7SSRA5F8GFLV from site_2
2024-07-24 15:58:04,302 - QK6R7SSRA5F8GFLV successfully unregistered from site_2
2024-07-24 15:58:09,805 - No action taken for site_4
2024-07-24 15:58:10,447 - No action taken for site_4
2024-07-24 15:58:12,185 - No action taken for site_3
2024-07-24 15:58:15,226 - Unregistering DGP16UMMJQWPNRPN from site_4
2024-07-24 15:58:15,274 - DGP16UMMJQWPNRPN successfully unregistered from site_4
2024-07-24 15:58:19,971 - No action taken for site_2
2024-07-24 15:58:22,963 - Unregistering ES2IWFSTXTGBY16T from site_1
2024-07-24 15:58:23,045 - ES2IWFSTXTGBY16T successfully unregistered from site_1
2024-07-24 15:58:30,229 - No action taken for site_4
2024-07-24 15:58:30,949 - No action taken for site_3
2024-07-24 15:58:38,117 - No action taken for site_1
2024-07-24 15:58:46,848 - Unregistering FC7H3D9V4YW30O8W from site_1
2024-07-24 15:58:46,910 - FC7H3D9V4YW30O8W successfully unregistered from site_1
2024-07-24 15:58:56,326 - No action taken for site_2
2024-07-24 15:59:06,222 - No action taken for site_3
2024-07-24 15:59:13,186 - No action taken for site_3
2024-07-24 15:59:16,339 - No action taken for site_5
2024-07-24 15:59:23,572 - No action taken for site_1
2024-07-24 15:59:28,301 - Unregistering ES2IWFSTXTGBY16T from site_1
2024-07-24 15:59:28,337 - ES2IWFSTXTGBY16T successfully unregistered from site_1
2024-07-24 15:59:31,519 - No action taken for site_1
2024-07-24 15:59:38,846 - No action taken for site_3
2024-07-24 15:59:42,221 - No action taken for site_4
2024-07-24 15:59:47,584 - No action taken for site_5
2024-07-24 15:59:51,137 - No action taken for site_4
2024-07-24 15:59:57,367 - No action taken for site_5
2024-07-24 16:00:04,673 - No action taken for site_2
2024-07-24 16:00:05,950 - No action taken for site_5
2024-07-24 16:00:07,762 - Unregistering 4OHV888VVG9V4R9L from site_3
2024-07-24 16:00:07,804 - 4OHV888VVG9V4R9L successfully unregistered from site_3
2024-07-24 16:00:13,531 - Unregistering 7LYIK53H86XPDSW3 from site_3
2024-07-24 16:00:13,558 - 7LYIK53H86XPDSW3 successfully unregistered from site_3
2024-07-24 16:00:14,091 - No action taken for site_1
2024-07-24 16:00:20,764 - No action taken for site_1
2024-07-24 16:00:26,906 - No action taken for site_4
2024-07-24 16:00:34,527 - No action taken for site_1
2024-07-24 16:00:37,573 - Unregistering F5XQX9JZ86MVTEVO from site_4
2024-07-24 16:00:37,619 - F5XQX9JZ86MVTEVO successfully unregistered from site_4
2024-07-24 16:00:43,442 - No action taken for site_2
2024-07-24 16:00:53,935 - site_5: Shutting down {'username': 'admin', 'password': 'admin', 'port': 9000, 'platform': 'huawei_smartax', 'running': True}
2024-07-24 16:01:05,991 - site_5: Starting {'username': 'admin', 'password': 'admin', 'port': 9000, 'platform': 'huawei_smartax', 'running': True}
2024-07-24 16:01:11,422 - Unregistering TVKHJQBN292NRSRU from site_4
2024-07-24 16:01:11,453 - TVKHJQBN292NRSRU successfully unregistered from site_4
2024-07-24 16:01:11,714 - No action taken for site_4
2024-07-24 16:01:18,855 - Unregistering HCKG4MTPWZJ2PA8O from site_4
2024-07-24 16:01:18,894 - HCKG4MTPWZJ2PA8O successfully unregistered from site_4
2024-07-24 16:01:28,151 - No action taken for site_5
2024-07-24 16:01:29,130 - No action taken for site_2
2024-07-24 16:01:36,770 - No action taken for site_5
2024-07-24 16:01:36,816 - Exiting chaos monkey
