2024-07-23 16:28:36,599 - Starting chaos monkey
2024-07-23 16:28:45,578 - No action taken for site_4
2024-07-23 16:28:54,792 - Unregistering W7W85KNJEDU35U48 from site_4
2024-07-23 16:28:54,837 - W7W85KNJEDU35U48 successfully unregistered from site_4
2024-07-23 16:29:00,244 - Unregistering XHILO8S8VCA5OGH5 from site_5
2024-07-23 16:29:00,325 - XHILO8S8VCA5OGH5 successfully unregistered from site_5
2024-07-23 16:29:06,718 - No action taken for site_4
2024-07-23 16:29:16,470 - Unregistering T83DBDGZ9K6XQAFV from site_4
2024-07-23 16:29:16,514 - T83DBDGZ9K6XQAFV successfully unregistered from site_4
2024-07-23 16:29:22,777 - No action taken for site_3
2024-07-23 16:29:24,255 - No action taken for site_1
2024-07-23 16:29:29,388 - No action taken for site_2
2024-07-23 16:29:39,284 - No action taken for site_2
2024-07-23 16:29:46,145 - Unregistering AHURXZEV2CABQGHY from site_3
2024-07-23 16:29:46,212 - AHURXZEV2CABQGHY successfully unregistered from site_3
2024-07-23 16:29:56,062 - No action taken for site_5
2024-07-23 16:30:00,854 - Unregistering WH5TDIIYHHARAGC7 from site_2
2024-07-23 16:30:00,927 - WH5TDIIYHHARAGC7 successfully unregistered from site_2
2024-07-23 16:30:06,319 - No action taken for site_1
2024-07-23 16:30:14,678 - No action taken for site_1
2024-07-23 16:30:19,390 - No action taken for site_5
2024-07-23 16:30:24,841 - Unregistering 0WN80PR1QAB8C6NY from site_2
2024-07-23 16:30:24,932 - 0WN80PR1QAB8C6NY successfully unregistered from site_2
2024-07-23 16:30:34,493 - No action taken for site_5
2024-07-23 16:30:44,200 - No action taken for site_4
2024-07-23 16:30:51,377 - Unregistering SZYWMM3GUQZCIV50 from site_4
2024-07-23 16:30:51,418 - SZYWMM3GUQZCIV50 successfully unregistered from site_4
2024-07-23 16:30:59,676 - No action taken for site_5
2024-07-23 16:31:03,931 - No action taken for site_1
2024-07-23 16:31:05,272 - Shutting down {'username': 'admin', 'password': 'admin', 'port': 9000, 'platform': 'huawei_smartax', 'running': True}
2024-07-23 16:31:07,684 - Starting {'username': 'admin', 'password': 'admin', 'port': 9000, 'platform': 'huawei_smartax', 'running': True}
2024-07-23 16:31:12,427 - No action taken for site_1
2024-07-23 16:31:17,695 - No action taken for site_4
2024-07-23 16:31:27,642 - No action taken for site_4
2024-07-23 16:31:27,894 - No action taken for site_4
2024-07-23 16:31:31,476 - No action taken for site_5
2024-07-23 16:31:34,072 - No action taken for site_2
2024-07-23 16:31:42,227 - No action taken for site_1
2024-07-23 16:31:51,234 - No action taken for site_1
2024-07-23 16:31:56,251 - No action taken for site_1
2024-07-23 16:32:00,980 - No action taken for site_3
2024-07-23 16:32:03,636 - No action taken for site_1
2024-07-23 16:32:10,024 - No action taken for site_3
2024-07-23 16:32:17,552 - No action taken for site_2
2024-07-23 16:32:20,653 - No action taken for site_4
2024-07-23 16:32:28,636 - No action taken for site_4
2024-07-23 16:32:28,653 - No action taken for site_5
2024-07-23 16:32:29,623 - No action taken for site_4
2024-07-23 16:32:35,196 - Unregistering 7WG0IGJ9ZTHDPUJE from site_1
2024-07-23 16:32:35,257 - 7WG0IGJ9ZTHDPUJE successfully unregistered from site_1
2024-07-23 16:32:43,411 - No action taken for site_1
2024-07-23 16:32:49,916 - No action taken for site_2
2024-07-23 16:32:52,068 - No action taken for site_5
2024-07-23 16:33:00,013 - No action taken for site_4
2024-07-23 16:33:01,454 - No action taken for site_1
2024-07-23 16:33:02,000 - No action taken for site_5
2024-07-23 16:33:04,867 - No action taken for site_3
2024-07-23 16:33:05,013 - No action taken for site_5
2024-07-23 16:33:08,519 - Unregistering WDIIJW7SZH2RG2TX from site_5
2024-07-23 16:33:08,585 - WDIIJW7SZH2RG2TX successfully unregistered from site_5
2024-07-23 16:33:17,132 - Unregistering LBX9QHTUQV4EU5IS from site_2
2024-07-23 16:33:17,182 - LBX9QHTUQV4EU5IS successfully unregistered from site_2
2024-07-23 16:33:22,475 - No action taken for site_2
2024-07-23 16:33:30,280 - Unregistering NKYTNFBGLSZ0G4RE from site_3
2024-07-23 16:33:30,313 - NKYTNFBGLSZ0G4RE successfully unregistered from site_3
2024-07-23 16:33:37,655 - No action taken for site_3
2024-07-23 16:33:40,485 - No action taken for site_3
2024-07-23 16:33:46,882 - No action taken for site_3
2024-07-23 16:33:46,957 - No action taken for site_4
2024-07-23 16:33:56,347 - No action taken for site_2
2024-07-23 16:34:05,629 - No action taken for site_3
2024-07-23 16:34:14,972 - No action taken for site_3
2024-07-23 16:34:24,654 - No action taken for site_2
2024-07-23 16:34:25,962 - Exiting chaos monkey
