2024-07-23 09:16:07,362 - Starting chaos monkey
2024-07-23 09:16:15,202 - No action taken for site_1
2024-07-23 09:16:22,011 - No action taken for site_1
2024-07-23 09:16:28,024 - Unregistering A81IV6WL9GVGG4HF from site_1
2024-07-23 09:16:28,068 - A81IV6WL9GVGG4HF successfully unregistered from site_1
2024-07-23 09:16:28,981 - No action taken for site_1
2024-07-23 09:16:30,024 - No action taken for site_1
2024-07-23 09:16:34,234 - No action taken for site_1
2024-07-23 09:16:41,341 - No action taken for site_1
2024-07-23 09:16:41,602 - No action taken for site_1
2024-07-23 09:16:49,977 - No action taken for site_1
2024-07-23 09:16:50,555 - No action taken for site_1
2024-07-23 09:16:57,067 - No action taken for site_1
2024-07-23 09:16:57,451 - No action taken for site_1
2024-07-23 09:16:58,802 - Unregistering Y619K0EP03K6EKD4 from site_1
2024-07-23 09:16:58,880 - Y619K0EP03K6EKD4 successfully unregistered from site_1
2024-07-23 09:17:06,456 - No action taken for site_1
2024-07-23 09:17:07,107 - No action taken for site_1
2024-07-23 09:17:08,329 - No action taken for site_1
2024-07-23 09:17:15,321 - No action taken for site_1
2024-07-23 09:17:17,997 - No action taken for site_1
2024-07-23 09:17:21,596 - No action taken for site_1
2024-07-23 09:17:24,966 - No action taken for site_1
2024-07-23 09:17:31,288 - No action taken for site_1
2024-07-23 09:17:39,142 - No action taken for site_1
2024-07-23 09:17:45,366 - No action taken for site_1
2024-07-23 09:17:52,193 - No action taken for site_1
2024-07-23 09:17:58,363 - Unregistering FC7H3D9V4YW30O8W from site_1
2024-07-23 09:17:58,402 - FC7H3D9V4YW30O8W successfully unregistered from site_1
2024-07-23 09:18:02,972 - No action taken for site_1
2024-07-23 09:18:12,841 - No action taken for site_1
2024-07-23 09:18:16,192 - No action taken for site_1
2024-07-23 09:18:22,693 - No action taken for site_1
2024-07-23 09:18:32,305 - Unregistering UTP38STGNXM9EC8A from site_1
2024-07-23 09:18:32,347 - UTP38STGNXM9EC8A successfully unregistered from site_1
2024-07-23 09:18:38,628 - No action taken for site_1
2024-07-23 09:18:44,069 - No action taken for site_1
2024-07-23 09:18:45,451 - No action taken for site_1
2024-07-23 09:18:50,627 - No action taken for site_1
2024-07-23 09:18:59,216 - No action taken for site_1
2024-07-23 09:19:08,675 - No action taken for site_1
2024-07-23 09:19:13,649 - No action taken for site_1
2024-07-23 09:19:19,924 - No action taken for site_1
2024-07-23 09:19:25,154 - Unregistering UTP38STGNXM9EC8A from site_1
2024-07-23 09:19:25,184 - UTP38STGNXM9EC8A successfully unregistered from site_1
2024-07-23 09:19:27,255 - No action taken for site_1
2024-07-23 09:19:31,299 - No action taken for site_1
2024-07-23 09:19:40,714 - Unregistering VBC68SD0U8AF3IIM from site_1
2024-07-23 09:19:40,749 - VBC68SD0U8AF3IIM successfully unregistered from site_1
2024-07-23 09:19:43,583 - No action taken for site_1
2024-07-23 09:19:44,821 - No action taken for site_1
2024-07-23 09:19:48,603 - No action taken for site_1
2024-07-23 09:19:57,837 - No action taken for site_1
2024-07-23 09:20:04,103 - Unregistering T46Q0NHM39TF2BCX from site_1
2024-07-23 09:20:04,133 - T46Q0NHM39TF2BCX successfully unregistered from site_1
2024-07-23 09:20:11,530 - No action taken for site_1
2024-07-23 09:20:18,358 - No action taken for site_1
2024-07-23 09:20:19,469 - No action taken for site_1
2024-07-23 09:20:23,077 - No action taken for site_1
2024-07-23 09:20:27,465 - No action taken for site_1
2024-07-23 09:20:36,921 - Unregistering 9WBTJ3AQKKCKZ73O from site_1
2024-07-23 09:20:36,955 - 9WBTJ3AQKKCKZ73O successfully unregistered from site_1
2024-07-23 09:20:46,920 - No action taken for site_1
2024-07-23 09:20:52,614 - No action taken for site_1
2024-07-23 09:20:56,506 - Unregistering 32GBFT9MAAHGKDAO from site_1
2024-07-23 09:20:56,536 - 32GBFT9MAAHGKDAO successfully unregistered from site_1
2024-07-23 09:21:01,047 - No action taken for site_1
2024-07-23 09:21:05,395 - No action taken for site_1
2024-07-23 09:21:13,996 - Unregistering DDL9USRSO1NUBIXD from site_1
2024-07-23 09:21:14,027 - DDL9USRSO1NUBIXD successfully unregistered from site_1
2024-07-23 09:21:15,042 - Exiting chaos monkey
